#
# There is insufficient memory for the Java Runtime Environment to continue.
# Native memory allocation (malloc) failed to allocate 32744 bytes for ChunkPool::allocate
# Possible reasons:
#   The system is out of physical RAM or swap space
#   The process is running with CompressedOops enabled, and the Java Heap may be blocking the growth of the native heap
# Possible solutions:
#   Reduce memory load on the system
#   Increase physical memory or swap space
#   Check if swap backing store is full
#   Decrease Java heap size (-Xmx/-Xms)
#   Decrease number of Java threads
#   Decrease Java thread stack sizes (-Xss)
#   Set larger code cache with -XX:ReservedCodeCacheSize=
#   JVM is running with Unscaled Compressed Oops mode in which the Java heap is
#     placed in the first 4GB address space. The Java Heap base address is the
#     maximum limit for the native heap growth. Please use -XX:HeapBaseMinAddress
#     to set the Java Heap base and to place the Java Heap above 4GB virtual address.
# This output file may be truncated or incomplete.
#
#  Out of Memory Error (arena.cpp:78), pid=8892, tid=3884
#
# JRE version: Java(TM) SE Runtime Environment (17.0.3+8) (build 17.0.3+8-LTS-111)
# Java VM: Java HotSpot(TM) 64-Bit Server VM (17.0.3+8-LTS-111, mixed mode, sharing, tiered, compressed oops, compressed class ptrs, g1 gc, windows-amd64)
# No core dump will be written. Minidumps are not enabled by default on client versions of Windows
#

---------------  S U M M A R Y ------------

Command Line: -agentlib:jdwp=transport=dt_socket,server=n,suspend=y,address=127.0.0.1:7721 -Dfile.encoding=windows-1252 -Duser.country=FR -Duser.language=fr -Duser.variant com.example.Prog4.Prog4Application

Host: Intel(R) Core(TM) i5-6200U CPU @ 2.30GHz, 4 cores, 7G,  Windows 10 , 64 bit Build 19041 (10.0.19041.3155)
Time: Sun Aug 27 12:30:20 2023 Afrique de l, 64 bit Build 19041 (10.0.19041.3155) elapsed time: 14.826124 seconds (0d 0h 0m 14s)

---------------  T H R E A D  ---------------

Current thread (0x00000194bfbacb00):  JavaThread "restartedMain" [_thread_in_vm, id=3884, stack(0x0000006b56900000,0x0000006b56a00000)]

Stack: [0x0000006b56900000,0x0000006b56a00000]
Native frames: (J=compiled Java code, j=interpreted, Vv=VM code, C=native code)
V  [jvm.dll+0x6711ba]
V  [jvm.dll+0x7d0834]
V  [jvm.dll+0x7d1fde]
V  [jvm.dll+0x7d2643]
V  [jvm.dll+0x242c85]
V  [jvm.dll+0xaa7c0]
V  [jvm.dll+0xaab0c]
V  [jvm.dll+0x748ede]
V  [jvm.dll+0x12101b]
V  [jvm.dll+0x749ba2]
V  [jvm.dll+0x55906c]
V  [jvm.dll+0x558ebc]
V  [jvm.dll+0x37eee7]
C  0x00000194a80d734d

Java frames: (J=compiled Java code, j=interpreted, Vv=VM code)
j  org.springframework.data.jpa.repository.query.AbstractJpaQuery.<init>(Lorg/springframework/data/jpa/repository/query/JpaQueryMethod;Ljakarta/persistence/EntityManager;)V+6
j  org.springframework.data.jpa.repository.query.AbstractStringBasedJpaQuery.<init>(Lorg/springframework/data/jpa/repository/query/JpaQueryMethod;Ljakarta/persistence/EntityManager;Ljava/lang/String;Ljava/lang/String;Lorg/springframework/data/jpa/repository/QueryRewriter;Lorg/springframework/data/repository/query/QueryMethodEvaluationContextProvider;Lorg/springframework/expression/spel/standard/SpelExpressionParser;)V+3
j  org.springframework.data.jpa.repository.query.NativeJpaQuery.<init>(Lorg/springframework/data/jpa/repository/query/JpaQueryMethod;Ljakarta/persistence/EntityManager;Ljava/lang/String;Ljava/lang/String;Lorg/springframework/data/jpa/repository/QueryRewriter;Lorg/springframework/data/repository/query/QueryMethodEvaluationContextProvider;Lorg/springframework/expression/spel/standard/SpelExpressionParser;)V+12
j  org.springframework.data.jpa.repository.query.JpaQueryFactory.fromMethodWithQueryString(Lorg/springframework/data/jpa/repository/query/JpaQueryMethod;Ljakarta/persistence/EntityManager;Ljava/lang/String;Ljava/lang/String;Lorg/springframework/data/jpa/repository/QueryRewriter;Lorg/springframework/data/repository/query/QueryMethodEvaluationContextProvider;)Lorg/springframework/data/jpa/repository/query/AbstractJpaQuery;+37
j  org.springframework.data.jpa.repository.query.JpaQueryLookupStrategy$DeclaredQueryLookupStrategy.resolveQuery(Lorg/springframework/data/jpa/repository/query/JpaQueryMethod;Lorg/springframework/data/jpa/repository/QueryRewriter;Ljakarta/persistence/EntityManager;Lorg/springframework/data/repository/core/NamedQueries;)Lorg/springframework/data/repository/query/RepositoryQuery;+76
j  org.springframework.data.jpa.repository.query.JpaQueryLookupStrategy$CreateIfNotFoundQueryLookupStrategy.resolveQuery(Lorg/springframework/data/jpa/repository/query/JpaQueryMethod;Lorg/springframework/data/jpa/repository/QueryRewriter;Ljakarta/persistence/EntityManager;Lorg/springframework/data/repository/core/NamedQueries;)Lorg/springframework/data/repository/query/RepositoryQuery;+9
j  org.springframework.data.jpa.repository.query.JpaQueryLookupStrategy$AbstractQueryLookupStrategy.resolveQuery(Ljava/lang/reflect/Method;Lorg/springframework/data/repository/core/RepositoryMetadata;Lorg/springframework/data/projection/ProjectionFactory;Lorg/springframework/data/repository/core/NamedQueries;)Lorg/springframework/data/repository/query/RepositoryQuery;+34
j  org.springframework.data.repository.core.support.QueryExecutorMethodInterceptor.lookupQuery(Ljava/lang/reflect/Method;Lorg/springframework/data/repository/core/RepositoryInformation;Lorg/springframework/data/repository/query/QueryLookupStrategy;Lorg/springframework/data/projection/ProjectionFactory;)Lorg/springframework/data/util/Pair;+10
j  org.springframework.data.repository.core.support.QueryExecutorMethodInterceptor.mapMethodsToQuery(Lorg/springframework/data/repository/core/RepositoryInformation;Lorg/springframework/data/repository/query/QueryLookupStrategy;Lorg/springframework/data/projection/ProjectionFactory;)Ljava/util/Map;+50
j  org.springframework.data.repository.core.support.QueryExecutorMethodInterceptor.lambda$new$0(Lorg/springframework/data/repository/core/RepositoryInformation;Lorg/springframework/data/projection/ProjectionFactory;Lorg/springframework/data/repository/query/QueryLookupStrategy;)Ljava/util/Map;+4
j  org.springframework.data.repository.core.support.QueryExecutorMethodInterceptor$$Lambda$1276+0x00000008013ddb78.apply(Ljava/lang/Object;)Ljava/lang/Object;+16
J 5390 c1 java.util.Optional.map(Ljava/util/function/Function;)Ljava/util/Optional; java.base@17.0.3 (30 bytes) @ 0x00000194a8d32404 [0x00000194a8d32360+0x00000000000000a4]
j  org.springframework.data.repository.core.support.QueryExecutorMethodInterceptor.<init>(Lorg/springframework/data/repository/core/RepositoryInformation;Lorg/springframework/data/projection/ProjectionFactory;Ljava/util/Optional;Lorg/springframework/data/repository/core/NamedQueries;Ljava/util/List;Ljava/util/List;)V+111
j  org.springframework.data.repository.core.support.RepositoryFactorySupport.getRepository(Ljava/lang/Class;Lorg/springframework/data/repository/core/support/RepositoryComposition$RepositoryFragments;)Ljava/lang/Object;+415
j  org.springframework.data.repository.core.support.RepositoryFactoryBeanSupport.lambda$afterPropertiesSet$5(Lorg/springframework/data/repository/core/support/RepositoryComposition$RepositoryFragments;)Lorg/springframework/data/repository/Repository;+9
j  org.springframework.data.repository.core.support.RepositoryFactoryBeanSupport$$Lambda$1142+0x00000008013b8ac8.get()Ljava/lang/Object;+8
j  org.springframework.data.util.Lazy.getNullable()Ljava/lang/Object;+17
j  org.springframework.data.util.Lazy.get()Ljava/lang/Object;+1
j  org.springframework.data.repository.core.support.RepositoryFactoryBeanSupport.afterPropertiesSet()V+232
j  org.springframework.data.jpa.repository.support.JpaRepositoryFactoryBean.afterPropertiesSet()V+18
j  org.springframework.beans.factory.support.AbstractAutowireCapableBeanFactory.invokeInitMethods(Ljava/lang/String;Ljava/lang/Object;Lorg/springframework/beans/factory/support/RootBeanDefinition;)V+56
j  org.springframework.beans.factory.support.AbstractAutowireCapableBeanFactory.initializeBean(Ljava/lang/String;Ljava/lang/Object;Lorg/springframework/beans/factory/support/RootBeanDefinition;)Ljava/lang/Object;+34
j  org.springframework.beans.factory.support.AbstractAutowireCapableBeanFactory.doCreateBean(Ljava/lang/String;Lorg/springframework/beans/factory/support/RootBeanDefinition;[Ljava/lang/Object;)Ljava/lang/Object;+228
j  org.springframework.beans.factory.support.AbstractAutowireCapableBeanFactory.createBean(Ljava/lang/String;Lorg/springframework/beans/factory/support/RootBeanDefinition;[Ljava/lang/Object;)Ljava/lang/Object;+153
j  org.springframework.beans.factory.support.AbstractBeanFactory.lambda$doGetBean$0(Ljava/lang/String;Lorg/springframework/beans/factory/support/RootBeanDefinition;[Ljava/lang/Object;)Ljava/lang/Object;+4
j  org.springframework.beans.factory.support.AbstractBeanFactory$$Lambda$277+0x0000000800dafb60.getObject()Ljava/lang/Object;+16
j  org.springframework.beans.factory.support.DefaultSingletonBeanRegistry.getSingleton(Ljava/lang/String;Lorg/springframework/beans/factory/ObjectFactory;)Ljava/lang/Object;+114
J 2463 c1 org.springframework.beans.factory.support.AbstractBeanFactory.doGetBean(Ljava/lang/String;Ljava/lang/Class;[Ljava/lang/Object;Z)Ljava/lang/Object; (714 bytes) @ 0x00000194a8b746cc [0x00000194a8b723e0+0x00000000000022ec]
j  org.springframework.beans.factory.support.AbstractBeanFactory.getBean(Ljava/lang/String;)Ljava/lang/Object;+5
j  org.springframework.beans.factory.config.DependencyDescriptor.resolveCandidate(Ljava/lang/String;Ljava/lang/Class;Lorg/springframework/beans/factory/BeanFactory;)Ljava/lang/Object;+2
j  org.springframework.beans.factory.support.DefaultListableBeanFactory.doResolveDependency(Lorg/springframework/beans/factory/config/DependencyDescriptor;Ljava/lang/String;Ljava/util/Set;Lorg/springframework/beans/TypeConverter;)Ljava/lang/Object;+444
j  org.springframework.beans.factory.support.DefaultListableBeanFactory.resolveDependency(Lorg/springframework/beans/factory/config/DependencyDescriptor;Ljava/lang/String;Ljava/util/Set;Lorg/springframework/beans/TypeConverter;)Ljava/lang/Object;+107
j  org.springframework.beans.factory.support.ConstructorResolver.resolveAutowiredArgument(Lorg/springframework/beans/factory/config/DependencyDescriptor;Ljava/lang/String;Ljava/util/Set;Lorg/springframework/beans/TypeConverter;Z)Ljava/lang/Object;+62
j  org.springframework.beans.factory.support.ConstructorResolver.createArgumentArray(Ljava/lang/String;Lorg/springframework/beans/factory/support/RootBeanDefinition;Lorg/springframework/beans/factory/config/ConstructorArgumentValues;Lorg/springframework/beans/BeanWrapper;[Ljava/lang/Class;[Ljava/lang/String;Ljava/lang/reflect/Executable;ZZ)Lorg/springframework/beans/factory/support/ConstructorResolver$ArgumentsHolder;+400
j  org.springframework.beans.factory.support.ConstructorResolver.autowireConstructor(Ljava/lang/String;Lorg/springframework/beans/factory/support/RootBeanDefinition;[Ljava/lang/reflect/Constructor;[Ljava/lang/Object;)Lorg/springframework/beans/BeanWrapper;+530
j  org.springframework.beans.factory.support.AbstractAutowireCapableBeanFactory.autowireConstructor(Ljava/lang/String;Lorg/springframework/beans/factory/support/RootBeanDefinition;[Ljava/lang/reflect/Constructor;[Ljava/lang/Object;)Lorg/springframework/beans/BeanWrapper;+13
j  org.springframework.beans.factory.support.AbstractAutowireCapableBeanFactory.createBeanInstance(Ljava/lang/String;Lorg/springframework/beans/factory/support/RootBeanDefinition;[Ljava/lang/Object;)Lorg/springframework/beans/BeanWrapper;+209
j  org.springframework.beans.factory.support.AbstractAutowireCapableBeanFactory.doCreateBean(Ljava/lang/String;Lorg/springframework/beans/factory/support/RootBeanDefinition;[Ljava/lang/Object;)Ljava/lang/Object;+34
j  org.springframework.beans.factory.support.AbstractAutowireCapableBeanFactory.createBean(Ljava/lang/String;Lorg/springframework/beans/factory/support/RootBeanDefinition;[Ljava/lang/Object;)Ljava/lang/Object;+153
j  org.springframework.beans.factory.support.AbstractBeanFactory.lambda$doGetBean$0(Ljava/lang/String;Lorg/springframework/beans/factory/support/RootBeanDefinition;[Ljava/lang/Object;)Ljava/lang/Object;+4
j  org.springframework.beans.factory.support.AbstractBeanFactory$$Lambda$277+0x0000000800dafb60.getObject()Ljava/lang/Object;+16
j  org.springframework.beans.factory.support.DefaultSingletonBeanRegistry.getSingleton(Ljava/lang/String;Lorg/springframework/beans/factory/ObjectFactory;)Ljava/lang/Object;+114
J 2463 c1 org.springframework.beans.factory.support.AbstractBeanFactory.doGetBean(Ljava/lang/String;Ljava/lang/Class;[Ljava/lang/Object;Z)Ljava/lang/Object; (714 bytes) @ 0x00000194a8b746cc [0x00000194a8b723e0+0x00000000000022ec]
j  org.springframework.beans.factory.support.AbstractBeanFactory.getBean(Ljava/lang/String;)Ljava/lang/Object;+5
j  org.springframework.beans.factory.config.DependencyDescriptor.resolveCandidate(Ljava/lang/String;Ljava/lang/Class;Lorg/springframework/beans/factory/BeanFactory;)Ljava/lang/Object;+2
j  org.springframework.beans.factory.support.DefaultListableBeanFactory.doResolveDependency(Lorg/springframework/beans/factory/config/DependencyDescriptor;Ljava/lang/String;Ljava/util/Set;Lorg/springframework/beans/TypeConverter;)Ljava/lang/Object;+444
j  org.springframework.beans.factory.support.DefaultListableBeanFactory.resolveDependency(Lorg/springframework/beans/factory/config/DependencyDescriptor;Ljava/lang/String;Ljava/util/Set;Lorg/springframework/beans/TypeConverter;)Ljava/lang/Object;+107
j  org.springframework.beans.factory.support.ConstructorResolver.resolveAutowiredArgument(Lorg/springframework/beans/factory/config/DependencyDescriptor;Ljava/lang/String;Ljava/util/Set;Lorg/springframework/beans/TypeConverter;Z)Ljava/lang/Object;+62
j  org.springframework.beans.factory.support.ConstructorResolver.createArgumentArray(Ljava/lang/String;Lorg/springframework/beans/factory/support/RootBeanDefinition;Lorg/springframework/beans/factory/config/ConstructorArgumentValues;Lorg/springframework/beans/BeanWrapper;[Ljava/lang/Class;[Ljava/lang/String;Ljava/lang/reflect/Executable;ZZ)Lorg/springframework/beans/factory/support/ConstructorResolver$ArgumentsHolder;+400
j  org.springframework.beans.factory.support.ConstructorResolver.autowireConstructor(Ljava/lang/String;Lorg/springframework/beans/factory/support/RootBeanDefinition;[Ljava/lang/reflect/Constructor;[Ljava/lang/Object;)Lorg/springframework/beans/BeanWrapper;+530
j  org.springframework.beans.factory.support.AbstractAutowireCapableBeanFactory.autowireConstructor(Ljava/lang/String;Lorg/springframework/beans/factory/support/RootBeanDefinition;[Ljava/lang/reflect/Constructor;[Ljava/lang/Object;)Lorg/springframework/beans/BeanWrapper;+13
j  org.springframework.beans.factory.support.AbstractAutowireCapableBeanFactory.createBeanInstance(Ljava/lang/String;Lorg/springframework/beans/factory/support/RootBeanDefinition;[Ljava/lang/Object;)Lorg/springframework/beans/BeanWrapper;+209
j  org.springframework.beans.factory.support.AbstractAutowireCapableBeanFactory.doCreateBean(Ljava/lang/String;Lorg/springframework/beans/factory/support/RootBeanDefinition;[Ljava/lang/Object;)Ljava/lang/Object;+34
j  org.springframework.beans.factory.support.AbstractAutowireCapableBeanFactory.createBean(Ljava/lang/String;Lorg/springframework/beans/factory/support/RootBeanDefinition;[Ljava/lang/Object;)Ljava/lang/Object;+153
j  org.springframework.beans.factory.support.AbstractBeanFactory.lambda$doGetBean$0(Ljava/lang/String;Lorg/springframework/beans/factory/support/RootBeanDefinition;[Ljava/lang/Object;)Ljava/lang/Object;+4
j  org.springframework.beans.factory.support.AbstractBeanFactory$$Lambda$277+0x0000000800dafb60.getObject()Ljava/lang/Object;+16
j  org.springframework.beans.factory.support.DefaultSingletonBeanRegistry.getSingleton(Ljava/lang/String;Lorg/springframework/beans/factory/ObjectFactory;)Ljava/lang/Object;+114
J 2463 c1 org.springframework.beans.factory.support.AbstractBeanFactory.doGetBean(Ljava/lang/String;Ljava/lang/Class;[Ljava/lang/Object;Z)Ljava/lang/Object; (714 bytes) @ 0x00000194a8b746cc [0x00000194a8b723e0+0x00000000000022ec]
j  org.springframework.beans.factory.support.AbstractBeanFactory.getBean(Ljava/lang/String;)Ljava/lang/Object;+5
j  org.springframework.beans.factory.support.DefaultListableBeanFactory.preInstantiateSingletons()V+152
j  org.springframework.context.support.AbstractApplicationContext.finishBeanFactoryInitialization(Lorg/springframework/beans/factory/config/ConfigurableListableBeanFactory;)V+130
j  org.springframework.context.support.AbstractApplicationContext.refresh()V+86
j  org.springframework.boot.web.servlet.context.ServletWebServerApplicationContext.refresh()V+1
j  org.springframework.boot.SpringApplication.refresh(Lorg/springframework/context/ConfigurableApplicationContext;)V+1
j  org.springframework.boot.SpringApplication.refreshContext(Lorg/springframework/context/ConfigurableApplicationContext;)V+16
j  org.springframework.boot.SpringApplication.run([Ljava/lang/String;)Lorg/springframework/context/ConfigurableApplicationContext;+101
j  org.springframework.boot.SpringApplication.run([Ljava/lang/Class;[Ljava/lang/String;)Lorg/springframework/context/ConfigurableApplicationContext;+9
j  org.springframework.boot.SpringApplication.run(Ljava/lang/Class;[Ljava/lang/String;)Lorg/springframework/context/ConfigurableApplicationContext;+9
j  com.example.Prog4.Prog4Application.main([Ljava/lang/String;)V+3
v  ~StubRoutines::call_stub
j  jdk.internal.reflect.NativeMethodAccessorImpl.invoke0(Ljava/lang/reflect/Method;Ljava/lang/Object;[Ljava/lang/Object;)Ljava/lang/Object;+0 java.base@17.0.3
j  jdk.internal.reflect.NativeMethodAccessorImpl.invoke(Ljava/lang/Object;[Ljava/lang/Object;)Ljava/lang/Object;+133 java.base@17.0.3
j  jdk.internal.reflect.DelegatingMethodAccessorImpl.invoke(Ljava/lang/Object;[Ljava/lang/Object;)Ljava/lang/Object;+6 java.base@17.0.3
j  java.lang.reflect.Method.invoke(Ljava/lang/Object;[Ljava/lang/Object;)Ljava/lang/Object;+59 java.base@17.0.3
j  org.springframework.boot.devtools.restart.RestartLauncher.run()V+47
v  ~StubRoutines::call_stub

---------------  P R O C E S S  ---------------

Threads class SMR info:
_java_thread_list=0x00000194c2b77f10, length=24, elements={
0x000001949f096a60, 0x00000194be848450, 0x00000194be8491d0, 0x00000194be85d2e0,
0x00000194be860cc0, 0x00000194be862590, 0x00000194be8635f0, 0x00000194be864290,
0x00000194be869080, 0x00000194be8d43a0, 0x00000194bf4d5690, 0x00000194bf4e6fb0,
0x00000194bf4e97b0, 0x00000194bf4ef3b0, 0x00000194bf4f3020, 0x00000194bfef7e70,
0x00000194bfbacb00, 0x00000194c0c799f0, 0x00000194c0c7ad30, 0x00000194c0c7a860,
0x00000194c0c7ca10, 0x00000194c0c7b6d0, 0x00000194c0c7c070, 0x00000194c0f50b20
}

Java Threads: ( => current thread )
  0x000001949f096a60 JavaThread "main" [_thread_blocked, id=15208, stack(0x0000006b54e00000,0x0000006b54f00000)]
  0x00000194be848450 JavaThread "Reference Handler" daemon [_thread_blocked, id=2152, stack(0x0000006b55500000,0x0000006b55600000)]
  0x00000194be8491d0 JavaThread "Finalizer" daemon [_thread_blocked, id=11620, stack(0x0000006b55600000,0x0000006b55700000)]
  0x00000194be85d2e0 JavaThread "Signal Dispatcher" daemon [_thread_blocked, id=6328, stack(0x0000006b55700000,0x0000006b55800000)]
  0x00000194be860cc0 JavaThread "Attach Listener" daemon [_thread_blocked, id=15260, stack(0x0000006b55800000,0x0000006b55900000)]
  0x00000194be862590 JavaThread "Service Thread" daemon [_thread_blocked, id=8704, stack(0x0000006b55900000,0x0000006b55a00000)]
  0x00000194be8635f0 JavaThread "Monitor Deflation Thread" daemon [_thread_blocked, id=652, stack(0x0000006b55a00000,0x0000006b55b00000)]
  0x00000194be864290 JavaThread "C2 CompilerThread0" daemon [_thread_in_native, id=13948, stack(0x0000006b55b00000,0x0000006b55c00000)]
  0x00000194be869080 JavaThread "C1 CompilerThread0" daemon [_thread_blocked, id=2532, stack(0x0000006b55c00000,0x0000006b55d00000)]
  0x00000194be8d43a0 JavaThread "Sweeper thread" daemon [_thread_blocked, id=10280, stack(0x0000006b55d00000,0x0000006b55e00000)]
  0x00000194bf4d5690 JavaThread "JDWP Transport Listener: dt_socket" daemon [_thread_blocked, id=1228, stack(0x0000006b55e00000,0x0000006b55f00000)]
  0x00000194bf4e6fb0 JavaThread "JDWP Event Helper Thread" daemon [_thread_blocked, id=13692, stack(0x0000006b55f00000,0x0000006b56000000)]
  0x00000194bf4e97b0 JavaThread "JDWP Command Reader" daemon [_thread_in_native, id=8728, stack(0x0000006b56000000,0x0000006b56100000)]
  0x00000194bf4ef3b0 JavaThread "Notification Thread" daemon [_thread_blocked, id=1440, stack(0x0000006b56100000,0x0000006b56200000)]
  0x00000194bf4f3020 JavaThread "Common-Cleaner" daemon [_thread_blocked, id=10940, stack(0x0000006b56300000,0x0000006b56400000)]
  0x00000194bfef7e70 JavaThread "Thread-0" [_thread_blocked, id=9868, stack(0x0000006b56800000,0x0000006b56900000)]
=>0x00000194bfbacb00 JavaThread "restartedMain" [_thread_in_vm, id=3884, stack(0x0000006b56900000,0x0000006b56a00000)]
  0x00000194c0c799f0 JavaThread "Catalina-utility-1" [_thread_blocked, id=8260, stack(0x0000006b56a00000,0x0000006b56b00000)]
  0x00000194c0c7ad30 JavaThread "Catalina-utility-2" [_thread_blocked, id=10260, stack(0x0000006b56b00000,0x0000006b56c00000)]
  0x00000194c0c7a860 JavaThread "container-0" [_thread_blocked, id=924, stack(0x0000006b56c00000,0x0000006b56d00000)]
  0x00000194c0c7ca10 JavaThread "PostgreSQL-JDBC-Cleaner" daemon [_thread_blocked, id=6696, stack(0x0000006b56e00000,0x0000006b56f00000)]
  0x00000194c0c7b6d0 JavaThread "HikariPool-1 housekeeper" daemon [_thread_blocked, id=7804, stack(0x0000006b56f00000,0x0000006b57000000)]
  0x00000194c0c7c070 JavaThread "HikariPool-1 connection adder" daemon [_thread_blocked, id=2724, stack(0x0000006b57000000,0x0000006b57100000)]
  0x00000194c0f50b20 JavaThread "C2 CompilerThread1" daemon [_thread_in_native, id=8988, stack(0x0000006b56400000,0x0000006b56500000)]

Other Threads:
  0x00000194be8428e0 VMThread "VM Thread" [stack: 0x0000006b55400000,0x0000006b55500000] [id=7544]
  0x00000194bf4f23c0 WatcherThread [stack: 0x0000006b56200000,0x0000006b56300000] [id=9112]
  0x000001949f0ef980 GCTaskThread "GC Thread#0" [stack: 0x0000006b54f00000,0x0000006b55000000] [id=14316]
  0x00000194bff037b0 GCTaskThread "GC Thread#1" [stack: 0x0000006b56500000,0x0000006b56600000] [id=11736]
  0x00000194bfece1f0 GCTaskThread "GC Thread#2" [stack: 0x0000006b56600000,0x0000006b56700000] [id=11252]
  0x00000194c001a4f0 GCTaskThread "GC Thread#3" [stack: 0x0000006b56700000,0x0000006b56800000] [id=12704]
  0x000001949f1015a0 ConcurrentGCThread "G1 Main Marker" [stack: 0x0000006b55000000,0x0000006b55100000] [id=13740]
  0x000001949f101ec0 ConcurrentGCThread "G1 Conc#0" [stack: 0x0000006b55100000,0x0000006b55200000] [id=9356]
  0x00000194be7020b0 ConcurrentGCThread "G1 Refine#0" [stack: 0x0000006b55200000,0x0000006b55300000] [id=12476]
  0x00000194be7029e0 ConcurrentGCThread "G1 Service" [stack: 0x0000006b55300000,0x0000006b55400000] [id=13532]

Threads with active compile tasks:
C2 CompilerThread0    14896 5313   !   4       org.springframework.core.annotation.AnnotationsScanner::processClassHierarchy (234 bytes)
C2 CompilerThread1    14896 5301       4       org.springframework.core.annotation.TypeMappedAnnotations::get (52 bytes)

VM state: not at safepoint (normal execution)

VM Mutex/Monitor currently owned by a thread: None

Heap address: 0x0000000081200000, size: 2030 MB, Compressed Oops mode: 32-bit

CDS archive(s) mapped at: [0x0000000800000000-0x0000000800bc0000-0x0000000800bc0000), size 12320768, SharedBaseAddress: 0x0000000800000000, ArchiveRelocationMode: 0.
Compressed class space mapped at: 0x0000000800c00000-0x0000000840c00000, reserved size: 1073741824
Narrow klass base: 0x0000000800000000, Narrow klass shift: 0, Narrow klass range: 0x100000000

GC Precious Log:
 CPUs: 4 total, 4 available
 Memory: 8113M
 Large Page Support: Disabled
 NUMA Support: Disabled
 Compressed Oops: Enabled (32-bit)
 Heap Region Size: 1M
 Heap Min Capacity: 8M
 Heap Initial Capacity: 128M
 Heap Max Capacity: 2030M
 Pre-touch: Disabled
 Parallel Workers: 4
 Concurrent Workers: 1
 Concurrent Refinement Workers: 4
 Periodic GC: Disabled

Heap:
 garbage-first heap   total 53248K, used 31514K [0x0000000081200000, 0x0000000100000000)
  region size 1024K, 8 young (8192K), 3 survivors (3072K)
 Metaspace       used 57235K, committed 57792K, reserved 1105920K
  class space    used 7743K, committed 8000K, reserved 1048576K

Heap Regions: E=young(eden), S=young(survivor), O=old, HS=humongous(starts), HC=humongous(continues), CS=collection set, F=free, OA=open archive, CA=closed archive, TAMS=top-at-mark-start (previous, next)
|   0|0x0000000081200000, 0x0000000081300000, 0x0000000081300000|100%|HS|  |TAMS 0x0000000081300000, 0x0000000081200000| Complete 
|   1|0x0000000081300000, 0x0000000081400000, 0x0000000081400000|100%| O|  |TAMS 0x0000000081400000, 0x0000000081300000| Untracked 
|   2|0x0000000081400000, 0x0000000081500000, 0x0000000081500000|100%| O|  |TAMS 0x0000000081500000, 0x0000000081400000| Untracked 
|   3|0x0000000081500000, 0x0000000081600000, 0x0000000081600000|100%| O|  |TAMS 0x0000000081600000, 0x0000000081500000| Untracked 
|   4|0x0000000081600000, 0x0000000081700000, 0x0000000081700000|100%| O|  |TAMS 0x0000000081700000, 0x0000000081600000| Untracked 
|   5|0x0000000081700000, 0x0000000081800000, 0x0000000081800000|100%| O|  |TAMS 0x0000000081800000, 0x0000000081700000| Untracked 
|   6|0x0000000081800000, 0x000000008189d200, 0x0000000081900000| 61%| O|  |TAMS 0x000000008189d200, 0x0000000081800000| Untracked 
|   7|0x0000000081900000, 0x0000000081a00000, 0x0000000081a00000|100%| O|  |TAMS 0x0000000081a00000, 0x0000000081900000| Untracked 
|   8|0x0000000081a00000, 0x0000000081b00000, 0x0000000081b00000|100%| O|  |TAMS 0x0000000081b00000, 0x0000000081a00000| Untracked 
|   9|0x0000000081b00000, 0x0000000081c00000, 0x0000000081c00000|100%| O|  |TAMS 0x0000000081c00000, 0x0000000081b00000| Untracked 
|  10|0x0000000081c00000, 0x0000000081d00000, 0x0000000081d00000|100%| O|  |TAMS 0x0000000081d00000, 0x0000000081c00000| Untracked 
|  11|0x0000000081d00000, 0x0000000081e00000, 0x0000000081e00000|100%| O|  |TAMS 0x0000000081e00000, 0x0000000081d00000| Untracked 
|  12|0x0000000081e00000, 0x0000000081f00000, 0x0000000081f00000|100%| O|  |TAMS 0x0000000081f00000, 0x0000000081e00000| Untracked 
|  13|0x0000000081f00000, 0x0000000082000000, 0x0000000082000000|100%| O|  |TAMS 0x0000000082000000, 0x0000000081f00000| Untracked 
|  14|0x0000000082000000, 0x0000000082100000, 0x0000000082100000|100%| O|  |TAMS 0x0000000082100000, 0x0000000082000000| Untracked 
|  15|0x0000000082100000, 0x0000000082200000, 0x0000000082200000|100%| O|  |TAMS 0x0000000082200000, 0x0000000082100000| Untracked 
|  16|0x0000000082200000, 0x0000000082300000, 0x0000000082300000|100%| O|  |TAMS 0x0000000082300000, 0x0000000082200000| Untracked 
|  17|0x0000000082300000, 0x0000000082400000, 0x0000000082400000|100%| O|  |TAMS 0x0000000082400000, 0x0000000082300000| Untracked 
|  18|0x0000000082400000, 0x0000000082500000, 0x0000000082500000|100%| O|  |TAMS 0x0000000082500000, 0x0000000082400000| Untracked 
|  19|0x0000000082500000, 0x0000000082600000, 0x0000000082600000|100%| O|  |TAMS 0x0000000082600000, 0x0000000082500000| Untracked 
|  20|0x0000000082600000, 0x0000000082700000, 0x0000000082700000|100%| O|  |TAMS 0x0000000082700000, 0x0000000082600000| Untracked 
|  21|0x0000000082700000, 0x0000000082800000, 0x0000000082800000|100%| O|  |TAMS 0x0000000082800000, 0x0000000082700000| Untracked 
|  22|0x0000000082800000, 0x0000000082900000, 0x0000000082900000|100%| O|  |TAMS 0x0000000082900000, 0x0000000082800000| Untracked 
|  23|0x0000000082900000, 0x0000000082a00000, 0x0000000082a00000|100%| O|  |TAMS 0x00000000829e6400, 0x0000000082900000| Untracked 
|  24|0x0000000082a00000, 0x0000000082a9ea00, 0x0000000082b00000| 61%| O|  |TAMS 0x0000000082a00000, 0x0000000082a00000| Untracked 
|  25|0x0000000082b00000, 0x0000000082b00000, 0x0000000082c00000|  0%| F|  |TAMS 0x0000000082b00000, 0x0000000082b00000| Untracked 
|  26|0x0000000082c00000, 0x0000000082c00000, 0x0000000082d00000|  0%| F|  |TAMS 0x0000000082c00000, 0x0000000082c00000| Untracked 
|  27|0x0000000082d00000, 0x0000000082d00000, 0x0000000082e00000|  0%| F|  |TAMS 0x0000000082d00000, 0x0000000082d00000| Untracked 
|  28|0x0000000082e00000, 0x0000000082e00000, 0x0000000082f00000|  0%| F|  |TAMS 0x0000000082e00000, 0x0000000082e00000| Untracked 
|  29|0x0000000082f00000, 0x0000000082f00000, 0x0000000083000000|  0%| F|  |TAMS 0x0000000082f00000, 0x0000000082f00000| Untracked 
|  30|0x0000000083000000, 0x000000008308ae70, 0x0000000083100000| 54%| S|CS|TAMS 0x0000000083000000, 0x0000000083000000| Complete 
|  31|0x0000000083100000, 0x0000000083200000, 0x0000000083200000|100%| S|CS|TAMS 0x0000000083100000, 0x0000000083100000| Complete 
|  32|0x0000000083200000, 0x0000000083200000, 0x0000000083300000|  0%| F|  |TAMS 0x0000000083200000, 0x0000000083200000| Untracked 
|  33|0x0000000083300000, 0x0000000083400000, 0x0000000083400000|100%| S|CS|TAMS 0x0000000083300000, 0x0000000083300000| Complete 
|  34|0x0000000083400000, 0x0000000083400000, 0x0000000083500000|  0%| F|  |TAMS 0x0000000083400000, 0x0000000083400000| Untracked 
|  35|0x0000000083500000, 0x0000000083500000, 0x0000000083600000|  0%| F|  |TAMS 0x0000000083500000, 0x0000000083500000| Untracked 
|  36|0x0000000083600000, 0x0000000083600000, 0x0000000083700000|  0%| F|  |TAMS 0x0000000083600000, 0x0000000083600000| Untracked 
|  37|0x0000000083700000, 0x0000000083700000, 0x0000000083800000|  0%| F|  |TAMS 0x0000000083700000, 0x0000000083700000| Untracked 
|  38|0x0000000083800000, 0x0000000083800000, 0x0000000083900000|  0%| F|  |TAMS 0x0000000083800000, 0x0000000083800000| Untracked 
|  39|0x0000000083900000, 0x0000000083900000, 0x0000000083a00000|  0%| F|  |TAMS 0x0000000083900000, 0x0000000083900000| Untracked 
|  40|0x0000000083a00000, 0x0000000083a00000, 0x0000000083b00000|  0%| F|  |TAMS 0x0000000083a00000, 0x0000000083a00000| Untracked 
|  41|0x0000000083b00000, 0x0000000083b00000, 0x0000000083c00000|  0%| F|  |TAMS 0x0000000083b00000, 0x0000000083b00000| Untracked 
|  42|0x0000000083c00000, 0x0000000083c00000, 0x0000000083d00000|  0%| F|  |TAMS 0x0000000083c00000, 0x0000000083c00000| Untracked 
|  43|0x0000000083d00000, 0x0000000083d00000, 0x0000000083e00000|  0%| F|  |TAMS 0x0000000083d00000, 0x0000000083d00000| Untracked 
|  49|0x0000000084300000, 0x0000000084300000, 0x0000000084400000|  0%| F|  |TAMS 0x0000000084300000, 0x0000000084300000| Untracked 
|  50|0x0000000084400000, 0x0000000084400000, 0x0000000084500000|  0%| F|  |TAMS 0x0000000084400000, 0x0000000084400000| Untracked 
|  51|0x0000000084500000, 0x0000000084500000, 0x0000000084600000|  0%| F|  |TAMS 0x0000000084500000, 0x0000000084500000| Untracked 
|  52|0x0000000084600000, 0x000000008464dd00, 0x0000000084700000| 30%| E|  |TAMS 0x0000000084600000, 0x0000000084600000| Complete 
|  53|0x0000000084700000, 0x0000000084800000, 0x0000000084800000|100%| E|CS|TAMS 0x0000000084700000, 0x0000000084700000| Complete 
|  54|0x0000000084800000, 0x0000000084900000, 0x0000000084900000|100%| E|CS|TAMS 0x0000000084800000, 0x0000000084800000| Complete 
|  55|0x0000000084900000, 0x0000000084a00000, 0x0000000084a00000|100%| E|CS|TAMS 0x0000000084900000, 0x0000000084900000| Complete 
| 127|0x0000000089100000, 0x0000000089200000, 0x0000000089200000|100%| E|CS|TAMS 0x0000000089100000, 0x0000000089100000| Complete 

Card table byte_map: [0x00000194b7ad0000,0x00000194b7ed0000] _byte_map_base: 0x00000194b76c7000

Marking Bits (Prev, Next): (CMBitMap*) 0x000001949f0f0ef0, (CMBitMap*) 0x000001949f0f0eb0
 Prev Bits: [0x00000194ba290000, 0x00000194bc248000)
 Next Bits: [0x00000194b82d0000, 0x00000194ba288000)

Polling page: 0x000001949eef0000

Metaspace:

Usage:
  Non-class:     48.33 MB used.
      Class:      7.56 MB used.
       Both:     55.89 MB used.

Virtual space:
  Non-class space:       56.00 MB reserved,      48.62 MB ( 87%) committed,  7 nodes.
      Class space:        1.00 GB reserved,       7.81 MB ( <1%) committed,  1 nodes.
             Both:        1.05 GB reserved,      56.44 MB (  5%) committed. 

Chunk freelists:
   Non-Class:  2.80 MB
       Class:  80.00 KB
        Both:  2.88 MB

MaxMetaspaceSize: unlimited
CompressedClassSpaceSize: 1.00 GB
Initial GC threshold: 21.00 MB
Current GC threshold: 90.25 MB
CDS: on
MetaspaceReclaimPolicy: balanced
 - commit_granule_bytes: 65536.
 - commit_granule_words: 8192.
 - virtual_space_node_default_size: 1048576.
 - enlarge_chunks_in_place: 1.
 - new_chunks_are_fully_committed: 0.
 - uncommit_free_chunks: 1.
 - use_allocation_guard: 0.
 - handle_deallocations: 1.


Internal statistics:

num_allocs_failed_limit: 6.
num_arena_births: 638.
num_arena_deaths: 0.
num_vsnodes_births: 8.
num_vsnodes_deaths: 0.
num_space_committed: 903.
num_space_uncommitted: 0.
num_chunks_returned_to_freelist: 6.
num_chunks_taken_from_freelist: 2668.
num_chunk_merges: 6.
num_chunk_splits: 1958.
num_chunks_enlarged: 1562.
num_purges: 0.
num_inconsistent_stats: 0.

CodeHeap 'non-profiled nmethods': size=120000Kb used=2995Kb max_used=3088Kb free=117004Kb
 bounds [0x00000194afb80000, 0x00000194afe90000, 0x00000194b70b0000]
CodeHeap 'profiled nmethods': size=120000Kb used=9091Kb max_used=9757Kb free=110908Kb
 bounds [0x00000194a8650000, 0x00000194a8fe0000, 0x00000194afb80000]
CodeHeap 'non-nmethods': size=5760Kb used=1386Kb max_used=1409Kb free=4373Kb
 bounds [0x00000194a80b0000, 0x00000194a8320000, 0x00000194a8650000]
 total_blobs=5378 nmethods=4731 adapters=559
 compilation: enabled
              stopped_count=0, restarted_count=0
 full_count=0

Compilation events (20 events):
Event: 14.791 Thread 0x00000194be869080 5490       2       java.util.regex.Pattern$GroupHead::match (47 bytes)
Event: 14.791 Thread 0x00000194be869080 nmethod 5490 0x00000194a8672490 code [0x00000194a8672640, 0x00000194a8672808]
Event: 14.791 Thread 0x00000194be869080 5492       2       java.util.Arrays$ArrayList::contains (14 bytes)
Event: 14.791 Thread 0x00000194be869080 nmethod 5492 0x00000194a8672110 code [0x00000194a86722a0, 0x00000194a86723e8]
Event: 14.794 Thread 0x00000194be869080 5494       2       java.util.regex.Pattern$Branch::match (66 bytes)
Event: 14.795 Thread 0x00000194be869080 nmethod 5494 0x00000194a8671b10 code [0x00000194a8671ce0, 0x00000194a8671f98]
Event: 14.795 Thread 0x00000194be869080 5497       2       java.util.regex.Pattern$SliceI::match (96 bytes)
Event: 14.795 Thread 0x00000194be869080 nmethod 5497 0x00000194a8671490 code [0x00000194a8671660, 0x00000194a8671978]
Event: 14.795 Thread 0x00000194be869080 5498       2       java.util.regex.Pattern$Ques::match (196 bytes)
Event: 14.796 Thread 0x00000194be869080 nmethod 5498 0x00000194a8670a90 code [0x00000194a8670ce0, 0x00000194a8671218]
Event: 14.796 Thread 0x00000194be869080 5495       2       java.util.stream.MatchOps::makeRef (29 bytes)
Event: 14.797 Thread 0x00000194be869080 nmethod 5495 0x00000194a8670090 code [0x00000194a8670280, 0x00000194a86707a8]
Event: 14.797 Thread 0x00000194be869080 5496       2       java.util.stream.MatchOps$$Lambda$163/0x0000000800cca810::<init> (15 bytes)
Event: 14.797 Thread 0x00000194be869080 nmethod 5496 0x00000194a866fc90 code [0x00000194a866fe20, 0x00000194a866ffd8]
Event: 14.799 Thread 0x00000194be869080 5499       2       java.util.regex.Pattern$Bound::isWord (38 bytes)
Event: 14.800 Thread 0x00000194be869080 nmethod 5499 0x00000194a866f590 code [0x00000194a866f780, 0x00000194a866fa68]
Event: 14.800 Thread 0x00000194be869080 5500       2       java.util.regex.ASCII::isType (15 bytes)
Event: 14.800 Thread 0x00000194be869080 nmethod 5500 0x00000194a866f190 code [0x00000194a866f320, 0x00000194a866f478]
Event: 14.800 Thread 0x00000194be869080 5501       2       java.util.regex.ASCII::getType (17 bytes)
Event: 14.800 Thread 0x00000194be869080 nmethod 5501 0x00000194a866ee10 code [0x00000194a866efa0, 0x00000194a866f0f8]

GC Heap History (20 events):
Event: 7.943 GC heap before
{Heap before GC invocations=6 (full 0):
 garbage-first heap   total 53248K, used 35142K [0x0000000081200000, 0x0000000100000000)
  region size 1024K, 27 young (27648K), 8 survivors (8192K)
 Metaspace       used 28457K, committed 28864K, reserved 1081344K
  class space    used 3529K, committed 3712K, reserved 1048576K
}
Event: 7.957 GC heap after
{Heap after GC invocations=7 (full 0):
 garbage-first heap   total 53248K, used 19952K [0x0000000081200000, 0x0000000100000000)
  region size 1024K, 4 young (4096K), 4 survivors (4096K)
 Metaspace       used 28457K, committed 28864K, reserved 1081344K
  class space    used 3529K, committed 3712K, reserved 1048576K
}
Event: 8.613 GC heap before
{Heap before GC invocations=7 (full 0):
 garbage-first heap   total 53248K, used 36336K [0x0000000081200000, 0x0000000100000000)
  region size 1024K, 20 young (20480K), 4 survivors (4096K)
 Metaspace       used 30328K, committed 30720K, reserved 1081344K
  class space    used 3815K, committed 4032K, reserved 1048576K
}
Event: 8.622 GC heap after
{Heap after GC invocations=8 (full 0):
 garbage-first heap   total 53248K, used 21187K [0x0000000081200000, 0x0000000100000000)
  region size 1024K, 2 young (2048K), 2 survivors (2048K)
 Metaspace       used 30328K, committed 30720K, reserved 1081344K
  class space    used 3815K, committed 4032K, reserved 1048576K
}
Event: 9.940 GC heap before
{Heap before GC invocations=8 (full 0):
 garbage-first heap   total 53248K, used 37571K [0x0000000081200000, 0x0000000100000000)
  region size 1024K, 19 young (19456K), 2 survivors (2048K)
 Metaspace       used 35135K, committed 35520K, reserved 1081344K
  class space    used 4354K, committed 4544K, reserved 1048576K
}
Event: 9.947 GC heap after
{Heap after GC invocations=9 (full 0):
 garbage-first heap   total 53248K, used 21979K [0x0000000081200000, 0x0000000100000000)
  region size 1024K, 2 young (2048K), 2 survivors (2048K)
 Metaspace       used 35135K, committed 35520K, reserved 1081344K
  class space    used 4354K, committed 4544K, reserved 1048576K
}
Event: 10.139 GC heap before
{Heap before GC invocations=9 (full 0):
 garbage-first heap   total 53248K, used 24027K [0x0000000081200000, 0x0000000100000000)
  region size 1024K, 5 young (5120K), 2 survivors (2048K)
 Metaspace       used 35597K, committed 35968K, reserved 1081344K
  class space    used 4426K, committed 4608K, reserved 1048576K
}
Event: 10.143 GC heap after
{Heap after GC invocations=10 (full 0):
 garbage-first heap   total 53248K, used 22256K [0x0000000081200000, 0x0000000100000000)
  region size 1024K, 2 young (2048K), 2 survivors (2048K)
 Metaspace       used 35597K, committed 35968K, reserved 1081344K
  class space    used 4426K, committed 4608K, reserved 1048576K
}
Event: 11.154 GC heap before
{Heap before GC invocations=11 (full 0):
 garbage-first heap   total 53248K, used 39664K [0x0000000081200000, 0x0000000100000000)
  region size 1024K, 19 young (19456K), 2 survivors (2048K)
 Metaspace       used 39221K, committed 39680K, reserved 1089536K
  class space    used 5014K, committed 5248K, reserved 1048576K
}
Event: 11.162 GC heap after
{Heap after GC invocations=12 (full 0):
 garbage-first heap   total 53248K, used 23034K [0x0000000081200000, 0x0000000100000000)
  region size 1024K, 3 young (3072K), 3 survivors (3072K)
 Metaspace       used 39221K, committed 39680K, reserved 1089536K
  class space    used 5014K, committed 5248K, reserved 1048576K
}
Event: 12.047 GC heap before
{Heap before GC invocations=12 (full 0):
 garbage-first heap   total 53248K, used 39418K [0x0000000081200000, 0x0000000100000000)
  region size 1024K, 20 young (20480K), 3 survivors (3072K)
 Metaspace       used 43279K, committed 43776K, reserved 1089536K
  class space    used 5599K, committed 5824K, reserved 1048576K
}
Event: 12.053 GC heap after
{Heap after GC invocations=13 (full 0):
 garbage-first heap   total 53248K, used 24211K [0x0000000081200000, 0x0000000100000000)
  region size 1024K, 3 young (3072K), 3 survivors (3072K)
 Metaspace       used 43279K, committed 43776K, reserved 1089536K
  class space    used 5599K, committed 5824K, reserved 1048576K
}
Event: 12.720 GC heap before
{Heap before GC invocations=13 (full 0):
 garbage-first heap   total 53248K, used 39571K [0x0000000081200000, 0x0000000100000000)
  region size 1024K, 19 young (19456K), 3 survivors (3072K)
 Metaspace       used 48370K, committed 48832K, reserved 1097728K
  class space    used 6325K, committed 6528K, reserved 1048576K
}
Event: 12.725 GC heap after
{Heap after GC invocations=14 (full 0):
 garbage-first heap   total 53248K, used 24872K [0x0000000081200000, 0x0000000100000000)
  region size 1024K, 2 young (2048K), 2 survivors (2048K)
 Metaspace       used 48370K, committed 48832K, reserved 1097728K
  class space    used 6325K, committed 6528K, reserved 1048576K
}
Event: 13.368 GC heap before
{Heap before GC invocations=14 (full 0):
 garbage-first heap   total 53248K, used 41256K [0x0000000081200000, 0x0000000100000000)
  region size 1024K, 19 young (19456K), 2 survivors (2048K)
 Metaspace       used 51568K, committed 52032K, reserved 1097728K
  class space    used 6894K, committed 7104K, reserved 1048576K
}
Event: 13.372 GC heap after
{Heap after GC invocations=15 (full 0):
 garbage-first heap   total 53248K, used 25586K [0x0000000081200000, 0x0000000100000000)
  region size 1024K, 2 young (2048K), 2 survivors (2048K)
 Metaspace       used 51568K, committed 52032K, reserved 1097728K
  class space    used 6894K, committed 7104K, reserved 1048576K
}
Event: 13.951 GC heap before
{Heap before GC invocations=15 (full 0):
 garbage-first heap   total 53248K, used 41970K [0x0000000081200000, 0x0000000100000000)
  region size 1024K, 18 young (18432K), 2 survivors (2048K)
 Metaspace       used 54633K, committed 55168K, reserved 1097728K
  class space    used 7358K, committed 7616K, reserved 1048576K
}
Event: 13.956 GC heap after
{Heap after GC invocations=16 (full 0):
 garbage-first heap   total 53248K, used 26195K [0x0000000081200000, 0x0000000100000000)
  region size 1024K, 3 young (3072K), 3 survivors (3072K)
 Metaspace       used 54633K, committed 55168K, reserved 1097728K
  class space    used 7358K, committed 7616K, reserved 1048576K
}
Event: 14.673 GC heap before
{Heap before GC invocations=17 (full 0):
 garbage-first heap   total 53248K, used 42579K [0x0000000081200000, 0x0000000100000000)
  region size 1024K, 19 young (19456K), 3 survivors (3072K)
 Metaspace       used 56732K, committed 57216K, reserved 1105920K
  class space    used 7669K, committed 7872K, reserved 1048576K
}
Event: 14.680 GC heap after
{Heap after GC invocations=18 (full 0):
 garbage-first heap   total 53248K, used 27418K [0x0000000081200000, 0x0000000100000000)
  region size 1024K, 3 young (3072K), 3 survivors (3072K)
 Metaspace       used 56732K, committed 57216K, reserved 1105920K
  class space    used 7669K, committed 7872K, reserved 1048576K
}

Deoptimization events (20 events):
Event: 14.742 Thread 0x00000194bfbacb00 DEOPT PACKING pc=0x00000194afe770c8 sp=0x0000006b569fa1e0
Event: 14.742 Thread 0x00000194bfbacb00 DEOPT UNPACKING pc=0x00000194a8102b43 sp=0x0000006b569f9678 mode 1
Event: 14.742 Thread 0x00000194bfbacb00 DEOPT PACKING pc=0x00000194a883d4b4 sp=0x0000006b569faba0
Event: 14.743 Thread 0x00000194bfbacb00 DEOPT UNPACKING pc=0x00000194a8102b43 sp=0x0000006b569fa090 mode 1
Event: 14.797 Thread 0x00000194bfbacb00 DEOPT PACKING pc=0x00000194afe770c8 sp=0x0000006b569fa040
Event: 14.797 Thread 0x00000194bfbacb00 DEOPT UNPACKING pc=0x00000194a8102b43 sp=0x0000006b569f94d8 mode 1
Event: 14.797 Thread 0x00000194bfbacb00 DEOPT PACKING pc=0x00000194a883d4b4 sp=0x0000006b569faa00
Event: 14.797 Thread 0x00000194bfbacb00 DEOPT UNPACKING pc=0x00000194a8102b43 sp=0x0000006b569f9ed8 mode 1
Event: 14.797 Thread 0x00000194bfbacb00 DEOPT PACKING pc=0x00000194a8a8dbdc sp=0x0000006b569faaa0
Event: 14.797 Thread 0x00000194bfbacb00 DEOPT UNPACKING pc=0x00000194a8102b43 sp=0x0000006b569fa0d8 mode 1
Event: 14.797 Thread 0x00000194bfbacb00 DEOPT PACKING pc=0x00000194afe770c8 sp=0x0000006b569fa190
Event: 14.797 Thread 0x00000194bfbacb00 DEOPT UNPACKING pc=0x00000194a8102b43 sp=0x0000006b569f9628 mode 1
Event: 14.798 Thread 0x00000194bfbacb00 DEOPT PACKING pc=0x00000194a883d4b4 sp=0x0000006b569fab50
Event: 14.798 Thread 0x00000194bfbacb00 DEOPT UNPACKING pc=0x00000194a8102b43 sp=0x0000006b569fa040 mode 1
Event: 14.817 Thread 0x00000194bfbacb00 DEOPT PACKING pc=0x00000194a86ba2c4 sp=0x0000006b569fb5f0
Event: 14.817 Thread 0x00000194bfbacb00 DEOPT UNPACKING pc=0x00000194a8102b43 sp=0x0000006b569fab18 mode 1
Event: 14.817 Thread 0x00000194bfbacb00 DEOPT PACKING pc=0x00000194afcaf4d0 sp=0x0000006b569fb6d0
Event: 14.817 Thread 0x00000194bfbacb00 DEOPT UNPACKING pc=0x00000194a8102b43 sp=0x0000006b569fab50 mode 1
Event: 14.817 Thread 0x00000194bfbacb00 DEOPT PACKING pc=0x00000194a88784dc sp=0x0000006b569fb700
Event: 14.817 Thread 0x00000194bfbacb00 DEOPT UNPACKING pc=0x00000194a8102b43 sp=0x0000006b569fabf0 mode 1

Classes unloaded (0 events):
No events

Classes redefined (0 events):
No events

Internal exceptions (20 events):
Event: 13.577 Thread 0x00000194bfbacb00 Exception <a 'java/lang/NoSuchMethodError'{0x00000000845c90e8}: 'int java.lang.invoke.DirectMethodHandle$Holder.invokeStatic(java.lang.Object, java.lang.Object, java.lang.Object, java.lang.Object, java.lang.Object)'> (0x00000000845c90e8) 
thrown [t:\workspace\open\src\hotspot\share\interpreter\linkResolver.cpp, line 766]
Event: 13.607 Thread 0x00000194bfbacb00 Exception <a 'java/lang/NoSuchMethodError'{0x000000008446e210}: 'void java.lang.invoke.DirectMethodHandle$Holder.invokeInterface(java.lang.Object, java.lang.Object, int, java.lang.Object)'> (0x000000008446e210) 
thrown [t:\workspace\open\src\hotspot\share\interpreter\linkResolver.cpp, line 766]
Event: 13.614 Thread 0x00000194bfbacb00 Exception <a 'java/lang/NoSuchMethodError'{0x0000000084497358}: 'java.lang.Object java.lang.invoke.DirectMethodHandle$Holder.newInvokeSpecial(java.lang.Object, java.lang.Object, int, java.lang.Object)'> (0x0000000084497358) 
thrown [t:\workspace\open\src\hotspot\share\interpreter\linkResolver.cpp, line 766]
Event: 13.615 Thread 0x00000194bfbacb00 Exception <a 'java/lang/NoSuchMethodError'{0x000000008449af20}: 'java.lang.Object java.lang.invoke.Invokers$Holder.linkToTargetMethod(java.lang.Object, int, java.lang.Object, java.lang.Object)'> (0x000000008449af20) 
thrown [t:\workspace\open\src\hotspot\share\interpreter\linkResolver.cpp, line 766]
Event: 13.636 Thread 0x00000194bfbacb00 Exception <a 'java/lang/IncompatibleClassChangeError'{0x0000000084334148}: Found class java.lang.Object, but interface was expected> (0x0000000084334148) 
thrown [t:\workspace\open\src\hotspot\share\interpreter\linkResolver.cpp, line 833]
Event: 13.673 Thread 0x00000194bfbacb00 Exception <a 'java/lang/NoSuchMethodError'{0x0000000083d6dbd8}: 'int java.lang.invoke.DirectMethodHandle$Holder.invokeStatic(java.lang.Object, int, java.lang.Object)'> (0x0000000083d6dbd8) 
thrown [t:\workspace\open\src\hotspot\share\interpreter\linkResolver.cpp, line 766]
Event: 13.676 Thread 0x00000194bfbacb00 Exception <a 'java/lang/NoSuchMethodError'{0x0000000083d8bdc8}: 'java.lang.Object java.lang.invoke.DirectMethodHandle$Holder.newInvokeSpecial(java.lang.Object, java.lang.Object, java.lang.Object, java.lang.Object, java.lang.Object, int)'> (0x0000000083d8bdc8) 
thrown [t:\workspace\open\src\hotspot\share\interpreter\linkResolver.cpp, line 766]
Event: 13.677 Thread 0x00000194bfbacb00 Exception <a 'java/lang/NoSuchMethodError'{0x0000000083d8fe88}: 'java.lang.Object java.lang.invoke.Invokers$Holder.linkToTargetMethod(java.lang.Object, java.lang.Object, java.lang.Object, java.lang.Object, int, java.lang.Object)'> (0x0000000083d8fe88) 
thrown [t:\workspace\open\src\hotspot\share\interpreter\linkResolver.cpp, line 766]
Event: 13.686 Thread 0x00000194bfbacb00 Exception <a 'java/lang/NoSuchMethodError'{0x0000000083dd5d48}: 'java.lang.Object java.lang.invoke.DirectMethodHandle$Holder.newInvokeSpecial(java.lang.Object, java.lang.Object, java.lang.Object, java.lang.Object, java.lang.Object, java.lang.Object, java.lang.Object, java.lang.Object, java.lang.Object, java.lang.Object, java.lang.Object)'> (0x0000000083dd5d48) 
thrown [t:\workspace\open\src\hotspot\share\interpreter\linkResolver.cpp, line 766]
Event: 13.686 Thread 0x00000194bfbacb00 Exception <a 'java/lang/NoSuchMethodError'{0x0000000083ddaa58}: 'java.lang.Object java.lang.invoke.DirectMethodHandle$Holder.invokeSpecial(java.lang.Object, java.lang.Object, java.lang.Object, java.lang.Object, java.lang.Object, java.lang.Object, java.lang.Object, java.lang.Object, java.lang.Object, java.lang.Object, java.lang.Object, java.lang.Object)'> (0x0000000083ddaa58) 
thrown [t:\workspace\open\src\hotspot\share\interpreter\linkResolver.cpp, line 766]
Event: 13.687 Thread 0x00000194bfbacb00 Exception <a 'java/lang/NoSuchMethodError'{0x0000000083ddeff8}: 'java.lang.Object java.lang.invoke.Invokers$Holder.linkToTargetMethod(java.lang.Object, java.lang.Object, java.lang.Object, java.lang.Object, java.lang.Object, java.lang.Object, java.lang.Object, java.lang.Object, java.lang.Object, java.lang.Object, java.lang.Object)'> (0x0000000083ddeff8) 
thrown [t:\workspace\open\src\hotspot\share\interpreter\linkResolver.cpp, line 766]
Event: 13.741 Thread 0x00000194bfbacb00 Exception <a 'java/lang/NoSuchMethodError'{0x0000000083b9dc80}: 'java.lang.Object java.lang.invoke.DirectMethodHandle$Holder.newInvokeSpecial(java.lang.Object, java.lang.Object, java.lang.Object, java.lang.Object, java.lang.Object, java.lang.Object, java.lang.Object, int)'> (0x0000000083b9dc80) 
thrown [t:\workspace\open\src\hotspot\share\interpreter\linkResolver.cpp, line 766]
Event: 13.742 Thread 0x00000194bfbacb00 Exception <a 'java/lang/NoSuchMethodError'{0x0000000083ba2ee8}: 'java.lang.Object java.lang.invoke.DirectMethodHandle$Holder.invokeSpecial(java.lang.Object, java.lang.Object, java.lang.Object, java.lang.Object, java.lang.Object, java.lang.Object, java.lang.Object, java.lang.Object, int)'> (0x0000000083ba2ee8) 
thrown [t:\workspace\open\src\hotspot\share\interpreter\linkResolver.cpp, line 766]
Event: 13.791 Thread 0x00000194bfbacb00 Exception <a 'java/lang/NoSuchMethodError'{0x0000000083ae3e40}: 'java.lang.Object java.lang.invoke.DirectMethodHandle$Holder.newInvokeSpecial(java.lang.Object, java.lang.Object, int, java.lang.Object, int, java.lang.Object, java.lang.Object)'> (0x0000000083ae3e40) 
thrown [t:\workspace\open\src\hotspot\share\interpreter\linkResolver.cpp, line 766]
Event: 13.801 Thread 0x00000194bfbacb00 Exception <a 'java/lang/NoSuchMethodError'{0x000000008391c3f0}: 'void java.lang.invoke.DirectMethodHandle$Holder.invokeInterface(java.lang.Object, java.lang.Object)'> (0x000000008391c3f0) 
thrown [t:\workspace\open\src\hotspot\share\interpreter\linkResolver.cpp, line 766]
Event: 14.104 Thread 0x00000194bfbacb00 Exception <a 'java/lang/IncompatibleClassChangeError'{0x0000000084736908}: Found class java.lang.Object, but interface was expected> (0x0000000084736908) 
thrown [t:\workspace\open\src\hotspot\share\interpreter\linkResolver.cpp, line 833]
Event: 14.123 Thread 0x00000194bfbacb00 Exception <a 'java/lang/IncompatibleClassChangeError'{0x00000000847d22d0}: Found class java.lang.Object, but interface was expected> (0x00000000847d22d0) 
thrown [t:\workspace\open\src\hotspot\share\interpreter\linkResolver.cpp, line 833]
Event: 14.190 Thread 0x00000194bfbacb00 Exception <a 'java/lang/IncompatibleClassChangeError'{0x000000008456f130}: Found class java.lang.Object, but interface was expected> (0x000000008456f130) 
thrown [t:\workspace\open\src\hotspot\share\interpreter\linkResolver.cpp, line 833]
Event: 14.620 Thread 0x00000194bfbacb00 Exception <a 'java/lang/IncompatibleClassChangeError'{0x00000000839f76f8}: Found class java.lang.Object, but interface was expected> (0x00000000839f76f8) 
thrown [t:\workspace\open\src\hotspot\share\interpreter\linkResolver.cpp, line 833]
Event: 14.817 Thread 0x00000194bfbacb00 Exception <a 'java/lang/reflect/InvocationTargetException'{0x000000008463c6c8}> (0x000000008463c6c8) 
thrown [t:\workspace\open\src\hotspot\share\runtime\reflection.cpp, line 1121]

VM Operations (20 events):
Event: 13.326 Executing VM operation: ICBufferFull
Event: 13.326 Executing VM operation: ICBufferFull done
Event: 13.367 Executing VM operation: G1CollectForAllocation
Event: 13.372 Executing VM operation: G1CollectForAllocation done
Event: 13.935 Executing VM operation: ChangeBreakpoints
Event: 13.936 Executing VM operation: ChangeBreakpoints done
Event: 13.951 Executing VM operation: G1CollectForAllocation
Event: 13.956 Executing VM operation: G1CollectForAllocation done
Event: 14.027 Executing VM operation: G1Concurrent
Event: 14.035 Executing VM operation: G1Concurrent done
Event: 14.064 Executing VM operation: G1Concurrent
Event: 14.081 Executing VM operation: G1Concurrent done
Event: 14.468 Executing VM operation: HandshakeAllThreads
Event: 14.468 Executing VM operation: HandshakeAllThreads done
Event: 14.673 Executing VM operation: G1CollectForAllocation
Event: 14.680 Executing VM operation: G1CollectForAllocation done
Event: 14.696 Executing VM operation: HandshakeAllThreads
Event: 14.696 Executing VM operation: HandshakeAllThreads done
Event: 14.697 Executing VM operation: HandshakeAllThreads
Event: 14.697 Executing VM operation: HandshakeAllThreads done

Events (20 events):
Event: 14.507 loading class java/util/WeakHashMap$KeyIterator
Event: 14.507 loading class java/util/WeakHashMap$HashIterator
Event: 14.507 loading class java/util/WeakHashMap$HashIterator done
Event: 14.507 loading class java/util/WeakHashMap$KeyIterator done
Event: 14.507 loading class java/util/WeakHashMap$EntrySet
Event: 14.508 loading class java/util/WeakHashMap$EntrySet done
Event: 14.508 loading class java/util/WeakHashMap$EntryIterator
Event: 14.508 loading class java/util/WeakHashMap$EntryIterator done
Event: 14.630 loading class java/lang/Package$1PackageInfoProxy
Event: 14.630 loading class java/lang/Package$1PackageInfoProxy done
Event: 14.729 loading class java/util/stream/ReduceOps$5
Event: 14.729 loading class java/util/stream/ReduceOps$5 done
Event: 14.729 loading class java/util/stream/ReduceOps$CountingSink$OfRef
Event: 14.730 loading class java/util/stream/ReduceOps$CountingSink$OfRef done
Event: 14.778 loading class java/util/regex/Pattern$Bound
Event: 14.779 loading class java/util/regex/Pattern$Bound done
Event: 14.783 loading class java/util/regex/Pattern$Behind
Event: 14.783 loading class java/util/regex/Pattern$Behind done
Event: 14.790 loading class java/util/regex/Pattern$1
Event: 14.790 loading class java/util/regex/Pattern$1 done


Dynamic libraries:
0x00007ff7a4eb0000 - 0x00007ff7a4ec0000 	C:\Program Files\Java\jdk-17.0.3\bin\java.exe
0x00007ffb13090000 - 0x00007ffb13288000 	C:\Windows\SYSTEM32\ntdll.dll
0x00007ffb11790000 - 0x00007ffb1184f000 	C:\Windows\System32\KERNEL32.DLL
0x00007ffb107c0000 - 0x00007ffb10ab6000 	C:\Windows\System32\KERNELBASE.dll
0x00007ffb10bb0000 - 0x00007ffb10cb0000 	C:\Windows\System32\ucrtbase.dll
0x00007ffb047b0000 - 0x00007ffb047ca000 	C:\Program Files\Java\jdk-17.0.3\bin\VCRUNTIME140.dll
0x00007ffb088b0000 - 0x00007ffb088c8000 	C:\Program Files\Java\jdk-17.0.3\bin\jli.dll
0x00007ffb121c0000 - 0x00007ffb1226f000 	C:\Windows\System32\ADVAPI32.dll
0x00007ffb11150000 - 0x00007ffb111ee000 	C:\Windows\System32\msvcrt.dll
0x00007ffb12120000 - 0x00007ffb121bc000 	C:\Windows\System32\sechost.dll
0x00007ffb12740000 - 0x00007ffb12866000 	C:\Windows\System32\RPCRT4.dll
0x00007ffb11330000 - 0x00007ffb114cd000 	C:\Windows\System32\USER32.dll
0x00007ffb10b80000 - 0x00007ffb10ba2000 	C:\Windows\System32\win32u.dll
0x00007ffafe030000 - 0x00007ffafe2ca000 	C:\Windows\WinSxS\amd64_microsoft.windows.common-controls_6595b64144ccf1df_6.0.19041.1110_none_60b5254171f9507e\COMCTL32.dll
0x00007ffb12080000 - 0x00007ffb120ac000 	C:\Windows\System32\GDI32.dll
0x00007ffb10f30000 - 0x00007ffb11045000 	C:\Windows\System32\gdi32full.dll
0x00007ffb11050000 - 0x00007ffb110ed000 	C:\Windows\System32\msvcp_win.dll
0x00007ffb09ad0000 - 0x00007ffb09ada000 	C:\Windows\SYSTEM32\VERSION.dll
0x00007ffb116e0000 - 0x00007ffb11710000 	C:\Windows\System32\IMM32.DLL
0x00007ffb0a890000 - 0x00007ffb0a89c000 	C:\Program Files\Java\jdk-17.0.3\bin\vcruntime140_1.dll
0x00007ffaeee50000 - 0x00007ffaeeedd000 	C:\Program Files\Java\jdk-17.0.3\bin\msvcp140.dll
0x00007ffaa72c0000 - 0x00007ffaa7e81000 	C:\Program Files\Java\jdk-17.0.3\bin\server\jvm.dll
0x00007ffb11920000 - 0x00007ffb11928000 	C:\Windows\System32\PSAPI.DLL
0x00007ffafc2e0000 - 0x00007ffafc2e9000 	C:\Windows\SYSTEM32\WSOCK32.dll
0x00007ffaf9390000 - 0x00007ffaf93b7000 	C:\Windows\SYSTEM32\WINMM.dll
0x00007ffb120b0000 - 0x00007ffb1211b000 	C:\Windows\System32\WS2_32.dll
0x00007ffb0e5d0000 - 0x00007ffb0e5e2000 	C:\Windows\SYSTEM32\kernel.appcore.dll
0x00007ffb0a580000 - 0x00007ffb0a58a000 	C:\Program Files\Java\jdk-17.0.3\bin\jimage.dll
0x00007ffaf81e0000 - 0x00007ffaf83c4000 	C:\Windows\SYSTEM32\DBGHELP.DLL
0x00007ffaf6a60000 - 0x00007ffaf6a94000 	C:\Windows\SYSTEM32\dbgcore.DLL
0x00007ffb10ac0000 - 0x00007ffb10b42000 	C:\Windows\System32\bcryptPrimitives.dll
0x00007ffaeb370000 - 0x00007ffaeb3ab000 	C:\Program Files\Java\jdk-17.0.3\bin\jdwp.dll
0x00007ffb08a60000 - 0x00007ffb08a85000 	C:\Program Files\Java\jdk-17.0.3\bin\java.dll
0x00007ffad3a20000 - 0x00007ffad3af6000 	C:\Program Files\Java\jdk-17.0.3\bin\jsvml.dll
0x00007ffb11930000 - 0x00007ffb12074000 	C:\Windows\System32\SHELL32.dll
0x00007ffb0e7d0000 - 0x00007ffb0ef63000 	C:\Windows\SYSTEM32\windows.storage.dll
0x00007ffb12cf0000 - 0x00007ffb13044000 	C:\Windows\System32\combase.dll
0x00007ffb100d0000 - 0x00007ffb100fe000 	C:\Windows\SYSTEM32\Wldp.dll
0x00007ffb122f0000 - 0x00007ffb1239d000 	C:\Windows\System32\SHCORE.dll
0x00007ffb126e0000 - 0x00007ffb12735000 	C:\Windows\System32\shlwapi.dll
0x00007ffb106a0000 - 0x00007ffb106c5000 	C:\Windows\SYSTEM32\profapi.dll
0x00007ffb0b070000 - 0x00007ffb0b07c000 	C:\Program Files\Java\jdk-17.0.3\bin\dt_socket.dll
0x00007ffb0fb70000 - 0x00007ffb0fbab000 	C:\Windows\SYSTEM32\IPHLPAPI.DLL
0x00007ffb0feb0000 - 0x00007ffb0ff1a000 	C:\Windows\system32\mswsock.dll
0x00007ffb08d10000 - 0x00007ffb08d29000 	C:\Program Files\Java\jdk-17.0.3\bin\net.dll
0x00007ffb068a0000 - 0x00007ffb069aa000 	C:\Windows\SYSTEM32\WINHTTP.dll
0x00007ffb04770000 - 0x00007ffb04786000 	C:\Program Files\Java\jdk-17.0.3\bin\nio.dll
0x00007ffb04730000 - 0x00007ffb04748000 	C:\Program Files\Java\jdk-17.0.3\bin\zip.dll
0x00007ffb08e40000 - 0x00007ffb08e50000 	C:\Program Files\Java\jdk-17.0.3\bin\verify.dll
0x00007ffb08dc0000 - 0x00007ffb08dc9000 	C:\Program Files\Java\jdk-17.0.3\bin\management.dll
0x00007ffb08db0000 - 0x00007ffb08dbb000 	C:\Program Files\Java\jdk-17.0.3\bin\management_ext.dll
0x00007ffb10270000 - 0x00007ffb10288000 	C:\Windows\SYSTEM32\CRYPTSP.dll
0x00007ffb0f770000 - 0x00007ffb0f7a4000 	C:\Windows\system32\rsaenh.dll
0x00007ffb10b50000 - 0x00007ffb10b77000 	C:\Windows\System32\bcrypt.dll
0x00007ffb10660000 - 0x00007ffb1068e000 	C:\Windows\SYSTEM32\USERENV.dll
0x00007ffb10040000 - 0x00007ffb1004c000 	C:\Windows\SYSTEM32\CRYPTBASE.dll
0x00007ffb12ce0000 - 0x00007ffb12ce8000 	C:\Windows\System32\NSI.dll
0x00007ffb07720000 - 0x00007ffb07737000 	C:\Windows\SYSTEM32\dhcpcsvc6.DLL
0x00007ffb09070000 - 0x00007ffb0908d000 	C:\Windows\SYSTEM32\dhcpcsvc.DLL
0x00007ffb0fbc0000 - 0x00007ffb0fc8a000 	C:\Windows\SYSTEM32\DNSAPI.dll
0x00007ffb08da0000 - 0x00007ffb08dae000 	C:\Program Files\Java\jdk-17.0.3\bin\sunmscapi.dll
0x00007ffb10dd0000 - 0x00007ffb10f2e000 	C:\Windows\System32\CRYPT32.dll
0x00007ffb10140000 - 0x00007ffb10168000 	C:\Windows\SYSTEM32\ncrypt.dll
0x00007ffb10100000 - 0x00007ffb1013b000 	C:\Windows\SYSTEM32\NTASN1.dll
0x00007ffb090b0000 - 0x00007ffb090ba000 	C:\Windows\System32\rasadhlp.dll
0x00007ffaffec0000 - 0x00007ffafff42000 	C:\Windows\System32\fwpuclnt.dll

dbghelp: loaded successfully - version: 4.0.5 - missing functions: none
symbol engine: initialized successfully - sym options: 0x614 - pdb path: (cannot be retrieved)

VM Arguments:
jvm_args: -agentlib:jdwp=transport=dt_socket,server=n,suspend=y,address=127.0.0.1:7721 -Dfile.encoding=windows-1252 -Duser.country=FR -Duser.language=fr -Duser.variant 
java_command: com.example.Prog4.Prog4Application
java_class_path (initial): C:\Users\TOSHIBA\Desktop\prog4\build\classes\java\main;C:\Users\TOSHIBA\Desktop\prog4\build\resources\main;C:\Users\TOSHIBA\.gradle\caches\modules-2\files-2.1\org.springframework.boot\spring-boot-devtools\3.1.1\fca82661c18f1ca18614d308523c0d404d3753b9\spring-boot-devtools-3.1.1.jar;C:\Users\TOSHIBA\.gradle\caches\modules-2\files-2.1\org.springframework.boot\spring-boot-starter-data-jpa\3.1.1\f129ea070d7d7152c984189301dc751be45f9a38\spring-boot-starter-data-jpa-3.1.1.jar;C:\Users\TOSHIBA\.gradle\caches\modules-2\files-2.1\org.springframework.boot\spring-boot-starter-thymeleaf\3.1.1\69e351b19ee4fa37ff7cb851354498a880b5a937\spring-boot-starter-thymeleaf-3.1.1.jar;C:\Users\TOSHIBA\.gradle\caches\modules-2\files-2.1\org.springframework.boot\spring-boot-starter-web\3.1.1\f2c2d9e35430e4b4a98ad91780bb9b2d1deec08\spring-boot-starter-web-3.1.1.jar;C:\Users\TOSHIBA\.gradle\caches\modules-2\files-2.1\org.springframework.boot\spring-boot-starter-jdbc\3.1.1\8e6bdc511fc9ade17c09fcc20a0f6a44fa39a876\spring-boot-starter-jdbc-3.1.1.jar;C:\Users\TOSHIBA\.gradle\caches\modules-2\files-2.1\org.flywaydb\flyway-core\9.16.0\b9fb1e3b334ba7cb742fd236f6d8c38040ea57dc\flyway-core-9.16.0.jar;C:\Users\TOSHIBA\.gradle\caches\modules-2\files-2.1\com.opencsv\opencsv\5.5.2\cf58631e2efa9a202bbeaea09321be68232efb19\opencsv-5.5.2.jar;C:\Users\TOSHIBA\.gradle\caches\modules-2\files-2.1\org.xhtmlrenderer\flying-saucer-pdf\9.1.22\5723fb69db4c3040a293fa12654a5a970b9e755d\flying-saucer-pdf-9.1.22.jar;C:\Users\TOSHIBA\.gradle\caches\modules-2\files-2.1\org.postgresql\postgresql\42.6.0\7614cfce466145b84972781ab0079b8dea49e363\postgresql-42.6.0.jar;C:\Users\TOSHIBA\.gradle\caches\modules-2\files-2.1\org.springframework.boot\spring-boot-starter-aop\3.1.1\f72362878ded668b8c3a12f8465ced98ef3fb188\spring-boot-starter-aop-3.1.1.jar;C:\Users\TOSHIBA\.gradle\caches\modules-2\files-2.1\org.springframework.boot\spring-boot-starter-json\3.1.1\8dc99860536a6a858de6caaeb67f84d7af8a30a3\spring-b
Launcher Type: SUN_STANDARD

[Global flags]
     intx CICompilerCount                          = 3                                         {product} {ergonomic}
     uint ConcGCThreads                            = 1                                         {product} {ergonomic}
     uint G1ConcRefinementThreads                  = 4                                         {product} {ergonomic}
   size_t G1HeapRegionSize                         = 1048576                                   {product} {ergonomic}
    uintx GCDrainStackTargetSize                   = 64                                        {product} {ergonomic}
   size_t InitialHeapSize                          = 134217728                                 {product} {ergonomic}
   size_t MarkStackSize                            = 4194304                                   {product} {ergonomic}
   size_t MaxHeapSize                              = 2128609280                                {product} {ergonomic}
   size_t MaxNewSize                               = 1277165568                                {product} {ergonomic}
   size_t MinHeapDeltaBytes                        = 1048576                                   {product} {ergonomic}
   size_t MinHeapSize                              = 8388608                                   {product} {ergonomic}
    uintx NonNMethodCodeHeapSize                   = 5832780                                {pd product} {ergonomic}
    uintx NonProfiledCodeHeapSize                  = 122912730                              {pd product} {ergonomic}
    uintx ProfiledCodeHeapSize                     = 122912730                              {pd product} {ergonomic}
    uintx ReservedCodeCacheSize                    = 251658240                              {pd product} {ergonomic}
     bool SegmentedCodeCache                       = true                                      {product} {ergonomic}
   size_t SoftMaxHeapSize                          = 2128609280                             {manageable} {ergonomic}
     bool UseCompressedClassPointers               = true                           {product lp64_product} {ergonomic}
     bool UseCompressedOops                        = true                           {product lp64_product} {ergonomic}
     bool UseG1GC                                  = true                                      {product} {ergonomic}
     bool UseLargePagesIndividualAllocation        = false                                  {pd product} {ergonomic}

Logging:
Log output configuration:
 #0: stdout all=warning uptime,level,tags
 #1: stderr all=off uptime,level,tags

Environment Variables:
JAVA_HOME=C:\Program Files\Java\jdk-17.0.3
PATH=C:\Program Files\Common Files\Oracle\Java\javapath;C:\Windows\system32;C:\Windows;C:\Windows\System32\Wbem;C:\Windows\System32\WindowsPowerShell\v1.0\;C:\Windows\System32\OpenSSH\;C:\Program Files\Java\jdk-11.0.10\bin;C:\TAFITA\apache-maven-3.8.3\bin;C:\Program Files\PostgreSQL\10\bin;C:\Program Files (x86)\Microsoft SQL Server\100\Tools\Binn\;C:\Program Files\Microsoft SQL Server\100\Tools\Binn\;C:\Program Files\Microsoft SQL Server\100\DTS\Binn\;C:\Program Files\Microsoft SQL Server\130\Tools\Binn\;C:\UwAmp\bin\database\mysql-5.7.11\bin;C:\Program Files\Amazon\AWSCLIV2\;C:\Program Files\Git\cmd;C:\Users\TOSHIBA\Downloads\sonarqube-9.9.0.65466\bin;C:\Program Files\Docker\Docker\resources\bin;C:\ProgramData\DockerDesktop\version-bin;C:\Program Files\Amazon\AWSSAMCLI\bin\;%NVM_HOME%;%NVM_SYMLINK%;C:\Program Files\PowerShell\7\;C:\Users\TOSHIBA\AppData\Local\Programs\Python\Python310\Scripts\;C:\Users\TOSHIBA\AppData\Local\Programs\Python\Python310\;C:\Users\TOSHIBA\AppData\Local\Microsoft\WindowsApps;C:\Program Files\JetBrains\IntelliJ IDEA Community Edition 2022.1\bin;C:\Users\TOSHIBA\AppData\Local\Programs\Microsoft VS Code\bin;C:\Users\TOSHIBA\Downloads\sonarqube-9.9.0.65466\bin;C:\Users\TOSHIBA\AppData\Local\JetBrains\Toolbox\scripts;C:\Users\TOSHIBA\AppData\Roaming\nvm;C:\Program Files\nodejs
USERNAME=TOSHIBA
OS=Windows_NT
PROCESSOR_IDENTIFIER=Intel64 Family 6 Model 78 Stepping 3, GenuineIntel



---------------  S Y S T E M  ---------------

OS:
 Windows 10 , 64 bit Build 19041 (10.0.19041.3155)
OS uptime: 3 days 23:20 hours
Hyper-V role detected

CPU: total 4 (initial active 4) (2 cores per cpu, 2 threads per core) family 6 model 78 stepping 3 microcode 0xcc, cx8, cmov, fxsr, ht, mmx, 3dnowpref, sse, sse2, sse3, ssse3, sse4.1, sse4.2, popcnt, lzcnt, tsc, tscinvbit, avx, avx2, aes, erms, clmul, bmi1, bmi2, adx, fma, vzeroupper, clflush, clflushopt, hv

Memory: 4k page, system-wide physical 8113M (1056M free)
TotalPageFile size 11733M (AvailPageFile size 0M)
current process WorkingSet (physical memory assigned to process): 300M, peak: 300M
current process commit charge ("private bytes"): 331M, peak: 332M

vm_info: Java HotSpot(TM) 64-Bit Server VM (17.0.3+8-LTS-111) for windows-amd64 JRE (17.0.3+8-LTS-111), built on Mar  9 2022 22:40:21 by "mach5one" with MS VC++ 16.8 / 16.9 (VS2019)

END.
