#
# There is insufficient memory for the Java Runtime Environment to continue.
# Native memory allocation (malloc) failed to allocate 1044752 bytes for Chunk::new
# Possible reasons:
#   The system is out of physical RAM or swap space
#   The process is running with CompressedOops enabled, and the Java Heap may be blocking the growth of the native heap
# Possible solutions:
#   Reduce memory load on the system
#   Increase physical memory or swap space
#   Check if swap backing store is full
#   Decrease Java heap size (-Xmx/-Xms)
#   Decrease number of Java threads
#   Decrease Java thread stack sizes (-Xss)
#   Set larger code cache with -XX:ReservedCodeCacheSize=
#   JVM is running with Unscaled Compressed Oops mode in which the Java heap is
#     placed in the first 4GB address space. The Java Heap base address is the
#     maximum limit for the native heap growth. Please use -XX:HeapBaseMinAddress
#     to set the Java Heap base and to place the Java Heap above 4GB virtual address.
# This output file may be truncated or incomplete.
#
#  Out of Memory Error (arena.cpp:189), pid=10972, tid=13368
#
# JRE version: Java(TM) SE Runtime Environment (17.0.3+8) (build 17.0.3+8-LTS-111)
# Java VM: Java HotSpot(TM) 64-Bit Server VM (17.0.3+8-LTS-111, mixed mode, sharing, tiered, compressed oops, compressed class ptrs, g1 gc, windows-amd64)
# No core dump will be written. Minidumps are not enabled by default on client versions of Windows
#

---------------  S U M M A R Y ------------

Command Line: -agentlib:jdwp=transport=dt_socket,server=n,suspend=y,address=127.0.0.1:10418 -Dfile.encoding=windows-1252 -Duser.country=FR -Duser.language=fr -Duser.variant com.example.Prog4.Prog4Application

Host: Intel(R) Core(TM) i5-6200U CPU @ 2.30GHz, 4 cores, 7G,  Windows 10 , 64 bit Build 19041 (10.0.19041.3155)
Time: Sun Aug 27 15:04:00 2023 Afrique de l, 64 bit Build 19041 (10.0.19041.3155) elapsed time: 4.357060 seconds (0d 0h 0m 4s)

---------------  T H R E A D  ---------------

Current thread (0x000001f560dc15d0):  JavaThread "C2 CompilerThread1" daemon [_thread_in_native, id=13368, stack(0x0000008f10800000,0x0000008f10900000)]


Current CompileTask:
C2:   4357 2830       4       org.springframework.beans.factory.support.AbstractBeanFactory::isTypeMatch (619 bytes)

Stack: [0x0000008f10800000,0x0000008f10900000]
Native frames: (J=compiled Java code, j=interpreted, Vv=VM code, C=native code)
V  [jvm.dll+0x6711ba]
V  [jvm.dll+0x7d0834]
V  [jvm.dll+0x7d1fde]
V  [jvm.dll+0x7d2643]
V  [jvm.dll+0x242c85]
V  [jvm.dll+0xaa57b]
V  [jvm.dll+0xaab0c]
V  [jvm.dll+0x35ff77]
V  [jvm.dll+0x1b9ca8]
V  [jvm.dll+0x215eb9]
V  [jvm.dll+0x215181]
V  [jvm.dll+0x1a1c3d]
V  [jvm.dll+0x2249c8]
V  [jvm.dll+0x222b2c]
V  [jvm.dll+0x78650b]
V  [jvm.dll+0x780aca]
V  [jvm.dll+0x670045]
C  [ucrtbase.dll+0x21bb2]
C  [KERNEL32.DLL+0x17614]
C  [ntdll.dll+0x526b1]


---------------  P R O C E S S  ---------------

Threads class SMR info:
_java_thread_list=0x000001f561cc6960, length=18, elements={
0x000001f542906530, 0x000001f5601895f0, 0x000001f56018ac00, 0x000001f56019ee00,
0x000001f56019f9b0, 0x000001f5601a2780, 0x000001f5601aac50, 0x000001f5601a9ef0,
0x000001f5601af640, 0x000001f5601b9c40, 0x000001f560cd9940, 0x000001f560d09450,
0x000001f560d09940, 0x000001f560d122a0, 0x000001f560d0f6a0, 0x000001f560dc15d0,
0x000001f5617395d0, 0x000001f5617d75c0
}

Java Threads: ( => current thread )
  0x000001f542906530 JavaThread "main" [_thread_blocked, id=9764, stack(0x0000008f0f200000,0x0000008f0f300000)]
  0x000001f5601895f0 JavaThread "Reference Handler" daemon [_thread_blocked, id=5332, stack(0x0000008f0f900000,0x0000008f0fa00000)]
  0x000001f56018ac00 JavaThread "Finalizer" daemon [_thread_blocked, id=9864, stack(0x0000008f0fa00000,0x0000008f0fb00000)]
  0x000001f56019ee00 JavaThread "Signal Dispatcher" daemon [_thread_blocked, id=14172, stack(0x0000008f0fb00000,0x0000008f0fc00000)]
  0x000001f56019f9b0 JavaThread "Attach Listener" daemon [_thread_blocked, id=208, stack(0x0000008f0fc00000,0x0000008f0fd00000)]
  0x000001f5601a2780 JavaThread "Service Thread" daemon [_thread_blocked, id=8716, stack(0x0000008f0fd00000,0x0000008f0fe00000)]
  0x000001f5601aac50 JavaThread "Monitor Deflation Thread" daemon [_thread_blocked, id=5172, stack(0x0000008f0fe00000,0x0000008f0ff00000)]
  0x000001f5601a9ef0 JavaThread "C2 CompilerThread0" daemon [_thread_in_native, id=5560, stack(0x0000008f0ff00000,0x0000008f10000000)]
  0x000001f5601af640 JavaThread "C1 CompilerThread0" daemon [_thread_blocked, id=3320, stack(0x0000008f10000000,0x0000008f10100000)]
  0x000001f5601b9c40 JavaThread "Sweeper thread" daemon [_thread_blocked, id=12228, stack(0x0000008f10100000,0x0000008f10200000)]
  0x000001f560cd9940 JavaThread "JDWP Transport Listener: dt_socket" daemon [_thread_blocked, id=9020, stack(0x0000008f10200000,0x0000008f10300000)]
  0x000001f560d09450 JavaThread "JDWP Event Helper Thread" daemon [_thread_blocked, id=8340, stack(0x0000008f10300000,0x0000008f10400000)]
  0x000001f560d09940 JavaThread "JDWP Command Reader" daemon [_thread_in_native, id=14820, stack(0x0000008f10400000,0x0000008f10500000)]
  0x000001f560d122a0 JavaThread "Notification Thread" daemon [_thread_blocked, id=8888, stack(0x0000008f10500000,0x0000008f10600000)]
  0x000001f560d0f6a0 JavaThread "Common-Cleaner" daemon [_thread_blocked, id=5540, stack(0x0000008f10700000,0x0000008f10800000)]
=>0x000001f560dc15d0 JavaThread "C2 CompilerThread1" daemon [_thread_in_native, id=13368, stack(0x0000008f10800000,0x0000008f10900000)]
  0x000001f5617395d0 JavaThread "Thread-0" [_thread_blocked, id=8964, stack(0x0000008f10c00000,0x0000008f10d00000)]
  0x000001f5617d75c0 JavaThread "restartedMain" [_thread_in_vm, id=2816, stack(0x0000008f10d00000,0x0000008f10e00000)]

Other Threads:
  0x000001f560181580 VMThread "VM Thread" [stack: 0x0000008f0f800000,0x0000008f0f900000] [id=10712]
  0x000001f542978b00 WatcherThread [stack: 0x0000008f10600000,0x0000008f10700000] [id=3224]
  0x000001f54295f8a0 GCTaskThread "GC Thread#0" [stack: 0x0000008f0f300000,0x0000008f0f400000] [id=12536]
  0x000001f5615f27b0 GCTaskThread "GC Thread#1" [stack: 0x0000008f10900000,0x0000008f10a00000] [id=5892]
  0x000001f5615f2a60 GCTaskThread "GC Thread#2" [stack: 0x0000008f10a00000,0x0000008f10b00000] [id=7704]
  0x000001f56193a640 GCTaskThread "GC Thread#3" [stack: 0x0000008f10b00000,0x0000008f10c00000] [id=13024]
  0x000001f5429705a0 ConcurrentGCThread "G1 Main Marker" [stack: 0x0000008f0f400000,0x0000008f0f500000] [id=3140]
  0x000001f542970fb0 ConcurrentGCThread "G1 Conc#0" [stack: 0x0000008f0f500000,0x0000008f0f600000] [id=13908]
  0x000001f5600400a0 ConcurrentGCThread "G1 Refine#0" [stack: 0x0000008f0f600000,0x0000008f0f700000] [id=14100]
  0x000001f560040ac0 ConcurrentGCThread "G1 Service" [stack: 0x0000008f0f700000,0x0000008f0f800000] [id=10740]

Threads with active compile tasks:
C2 CompilerThread0     4402 2691   !   4       jdk.internal.loader.BuiltinClassLoader::loadClassOrNull (143 bytes)
C2 CompilerThread1     4402 2830       4       org.springframework.beans.factory.support.AbstractBeanFactory::isTypeMatch (619 bytes)

VM state: not at safepoint (normal execution)

VM Mutex/Monitor currently owned by a thread: None

Heap address: 0x0000000081200000, size: 2030 MB, Compressed Oops mode: 32-bit

CDS archive(s) mapped at: [0x0000000800000000-0x0000000800bc0000-0x0000000800bc0000), size 12320768, SharedBaseAddress: 0x0000000800000000, ArchiveRelocationMode: 0.
Compressed class space mapped at: 0x0000000800c00000-0x0000000840c00000, reserved size: 1073741824
Narrow klass base: 0x0000000800000000, Narrow klass shift: 0, Narrow klass range: 0x100000000

GC Precious Log:
 CPUs: 4 total, 4 available
 Memory: 8113M
 Large Page Support: Disabled
 NUMA Support: Disabled
 Compressed Oops: Enabled (32-bit)
 Heap Region Size: 1M
 Heap Min Capacity: 8M
 Heap Initial Capacity: 128M
 Heap Max Capacity: 2030M
 Pre-touch: Disabled
 Parallel Workers: 4
 Concurrent Workers: 1
 Concurrent Refinement Workers: 4
 Periodic GC: Disabled

Heap:
 garbage-first heap   total 131072K, used 67216K [0x0000000081200000, 0x0000000100000000)
  region size 1024K, 61 young (62464K), 2 survivors (2048K)
 Metaspace       used 19745K, committed 19968K, reserved 1073152K
  class space    used 2403K, committed 2496K, reserved 1048576K

Heap Regions: E=young(eden), S=young(survivor), O=old, HS=humongous(starts), HC=humongous(continues), CS=collection set, F=free, OA=open archive, CA=closed archive, TAMS=top-at-mark-start (previous, next)
|   0|0x0000000081200000, 0x0000000081300000, 0x0000000081300000|100%|HS|  |TAMS 0x0000000081200000, 0x0000000081200000| Complete 
|   1|0x0000000081300000, 0x0000000081400000, 0x0000000081400000|100%| O|  |TAMS 0x0000000081300000, 0x0000000081300000| Untracked 
|   2|0x0000000081400000, 0x0000000081500000, 0x0000000081500000|100%| O|  |TAMS 0x0000000081400000, 0x0000000081400000| Untracked 
|   3|0x0000000081500000, 0x0000000081600000, 0x0000000081600000|100%| O|  |TAMS 0x0000000081500000, 0x0000000081500000| Untracked 
|   4|0x0000000081600000, 0x0000000081700000, 0x0000000081700000|100%| O|  |TAMS 0x0000000081600000, 0x0000000081600000| Untracked 
|   5|0x0000000081700000, 0x0000000081800000, 0x0000000081800000|100%| O|  |TAMS 0x0000000081700000, 0x0000000081700000| Untracked 
|   6|0x0000000081800000, 0x00000000818b7200, 0x0000000081900000| 71%| O|  |TAMS 0x0000000081800000, 0x0000000081800000| Untracked 
|   7|0x0000000081900000, 0x0000000081900000, 0x0000000081a00000|  0%| F|  |TAMS 0x0000000081900000, 0x0000000081900000| Untracked 
|   8|0x0000000081a00000, 0x0000000081a00000, 0x0000000081b00000|  0%| F|  |TAMS 0x0000000081a00000, 0x0000000081a00000| Untracked 
|   9|0x0000000081b00000, 0x0000000081b00000, 0x0000000081c00000|  0%| F|  |TAMS 0x0000000081b00000, 0x0000000081b00000| Untracked 
|  10|0x0000000081c00000, 0x0000000081c00000, 0x0000000081d00000|  0%| F|  |TAMS 0x0000000081c00000, 0x0000000081c00000| Untracked 
|  11|0x0000000081d00000, 0x0000000081d00000, 0x0000000081e00000|  0%| F|  |TAMS 0x0000000081d00000, 0x0000000081d00000| Untracked 
|  12|0x0000000081e00000, 0x0000000081e00000, 0x0000000081f00000|  0%| F|  |TAMS 0x0000000081e00000, 0x0000000081e00000| Untracked 
|  13|0x0000000081f00000, 0x0000000081f00000, 0x0000000082000000|  0%| F|  |TAMS 0x0000000081f00000, 0x0000000081f00000| Untracked 
|  14|0x0000000082000000, 0x0000000082000000, 0x0000000082100000|  0%| F|  |TAMS 0x0000000082000000, 0x0000000082000000| Untracked 
|  15|0x0000000082100000, 0x0000000082100000, 0x0000000082200000|  0%| F|  |TAMS 0x0000000082100000, 0x0000000082100000| Untracked 
|  16|0x0000000082200000, 0x0000000082200000, 0x0000000082300000|  0%| F|  |TAMS 0x0000000082200000, 0x0000000082200000| Untracked 
|  17|0x0000000082300000, 0x0000000082300000, 0x0000000082400000|  0%| F|  |TAMS 0x0000000082300000, 0x0000000082300000| Untracked 
|  18|0x0000000082400000, 0x0000000082400000, 0x0000000082500000|  0%| F|  |TAMS 0x0000000082400000, 0x0000000082400000| Untracked 
|  19|0x0000000082500000, 0x0000000082500000, 0x0000000082600000|  0%| F|  |TAMS 0x0000000082500000, 0x0000000082500000| Untracked 
|  20|0x0000000082600000, 0x0000000082600000, 0x0000000082700000|  0%| F|  |TAMS 0x0000000082600000, 0x0000000082600000| Untracked 
|  21|0x0000000082700000, 0x0000000082700000, 0x0000000082800000|  0%| F|  |TAMS 0x0000000082700000, 0x0000000082700000| Untracked 
|  22|0x0000000082800000, 0x0000000082800000, 0x0000000082900000|  0%| F|  |TAMS 0x0000000082800000, 0x0000000082800000| Untracked 
|  23|0x0000000082900000, 0x0000000082900000, 0x0000000082a00000|  0%| F|  |TAMS 0x0000000082900000, 0x0000000082900000| Untracked 
|  24|0x0000000082a00000, 0x0000000082a00000, 0x0000000082b00000|  0%| F|  |TAMS 0x0000000082a00000, 0x0000000082a00000| Untracked 
|  25|0x0000000082b00000, 0x0000000082b00000, 0x0000000082c00000|  0%| F|  |TAMS 0x0000000082b00000, 0x0000000082b00000| Untracked 
|  26|0x0000000082c00000, 0x0000000082c00000, 0x0000000082d00000|  0%| F|  |TAMS 0x0000000082c00000, 0x0000000082c00000| Untracked 
|  27|0x0000000082d00000, 0x0000000082d00000, 0x0000000082e00000|  0%| F|  |TAMS 0x0000000082d00000, 0x0000000082d00000| Untracked 
|  28|0x0000000082e00000, 0x0000000082e00000, 0x0000000082f00000|  0%| F|  |TAMS 0x0000000082e00000, 0x0000000082e00000| Untracked 
|  29|0x0000000082f00000, 0x0000000082f00000, 0x0000000083000000|  0%| F|  |TAMS 0x0000000082f00000, 0x0000000082f00000| Untracked 
|  30|0x0000000083000000, 0x0000000083000000, 0x0000000083100000|  0%| F|  |TAMS 0x0000000083000000, 0x0000000083000000| Untracked 
|  31|0x0000000083100000, 0x0000000083100000, 0x0000000083200000|  0%| F|  |TAMS 0x0000000083100000, 0x0000000083100000| Untracked 
|  32|0x0000000083200000, 0x0000000083200000, 0x0000000083300000|  0%| F|  |TAMS 0x0000000083200000, 0x0000000083200000| Untracked 
|  33|0x0000000083300000, 0x0000000083300000, 0x0000000083400000|  0%| F|  |TAMS 0x0000000083300000, 0x0000000083300000| Untracked 
|  34|0x0000000083400000, 0x0000000083400000, 0x0000000083500000|  0%| F|  |TAMS 0x0000000083400000, 0x0000000083400000| Untracked 
|  35|0x0000000083500000, 0x0000000083500000, 0x0000000083600000|  0%| F|  |TAMS 0x0000000083500000, 0x0000000083500000| Untracked 
|  36|0x0000000083600000, 0x0000000083600000, 0x0000000083700000|  0%| F|  |TAMS 0x0000000083600000, 0x0000000083600000| Untracked 
|  37|0x0000000083700000, 0x0000000083700000, 0x0000000083800000|  0%| F|  |TAMS 0x0000000083700000, 0x0000000083700000| Untracked 
|  38|0x0000000083800000, 0x0000000083800000, 0x0000000083900000|  0%| F|  |TAMS 0x0000000083800000, 0x0000000083800000| Untracked 
|  39|0x0000000083900000, 0x0000000083900000, 0x0000000083a00000|  0%| F|  |TAMS 0x0000000083900000, 0x0000000083900000| Untracked 
|  40|0x0000000083a00000, 0x0000000083a00000, 0x0000000083b00000|  0%| F|  |TAMS 0x0000000083a00000, 0x0000000083a00000| Untracked 
|  41|0x0000000083b00000, 0x0000000083b00000, 0x0000000083c00000|  0%| F|  |TAMS 0x0000000083b00000, 0x0000000083b00000| Untracked 
|  42|0x0000000083c00000, 0x0000000083c00000, 0x0000000083d00000|  0%| F|  |TAMS 0x0000000083c00000, 0x0000000083c00000| Untracked 
|  43|0x0000000083d00000, 0x0000000083d00000, 0x0000000083e00000|  0%| F|  |TAMS 0x0000000083d00000, 0x0000000083d00000| Untracked 
|  44|0x0000000083e00000, 0x0000000083e00000, 0x0000000083f00000|  0%| F|  |TAMS 0x0000000083e00000, 0x0000000083e00000| Untracked 
|  45|0x0000000083f00000, 0x0000000083f00000, 0x0000000084000000|  0%| F|  |TAMS 0x0000000083f00000, 0x0000000083f00000| Untracked 
|  46|0x0000000084000000, 0x0000000084000000, 0x0000000084100000|  0%| F|  |TAMS 0x0000000084000000, 0x0000000084000000| Untracked 
|  47|0x0000000084100000, 0x0000000084100000, 0x0000000084200000|  0%| F|  |TAMS 0x0000000084100000, 0x0000000084100000| Untracked 
|  48|0x0000000084200000, 0x0000000084200000, 0x0000000084300000|  0%| F|  |TAMS 0x0000000084200000, 0x0000000084200000| Untracked 
|  49|0x0000000084300000, 0x0000000084300000, 0x0000000084400000|  0%| F|  |TAMS 0x0000000084300000, 0x0000000084300000| Untracked 
|  50|0x0000000084400000, 0x0000000084400000, 0x0000000084500000|  0%| F|  |TAMS 0x0000000084400000, 0x0000000084400000| Untracked 
|  51|0x0000000084500000, 0x0000000084500000, 0x0000000084600000|  0%| F|  |TAMS 0x0000000084500000, 0x0000000084500000| Untracked 
|  52|0x0000000084600000, 0x0000000084600000, 0x0000000084700000|  0%| F|  |TAMS 0x0000000084600000, 0x0000000084600000| Untracked 
|  53|0x0000000084700000, 0x0000000084700000, 0x0000000084800000|  0%| F|  |TAMS 0x0000000084700000, 0x0000000084700000| Untracked 
|  54|0x0000000084800000, 0x0000000084800000, 0x0000000084900000|  0%| F|  |TAMS 0x0000000084800000, 0x0000000084800000| Untracked 
|  55|0x0000000084900000, 0x0000000084900000, 0x0000000084a00000|  0%| F|  |TAMS 0x0000000084900000, 0x0000000084900000| Untracked 
|  56|0x0000000084a00000, 0x0000000084a00000, 0x0000000084b00000|  0%| F|  |TAMS 0x0000000084a00000, 0x0000000084a00000| Untracked 
|  57|0x0000000084b00000, 0x0000000084b00000, 0x0000000084c00000|  0%| F|  |TAMS 0x0000000084b00000, 0x0000000084b00000| Untracked 
|  58|0x0000000084c00000, 0x0000000084c00000, 0x0000000084d00000|  0%| F|  |TAMS 0x0000000084c00000, 0x0000000084c00000| Untracked 
|  59|0x0000000084d00000, 0x0000000084d00000, 0x0000000084e00000|  0%| F|  |TAMS 0x0000000084d00000, 0x0000000084d00000| Untracked 
|  60|0x0000000084e00000, 0x0000000084e00000, 0x0000000084f00000|  0%| F|  |TAMS 0x0000000084e00000, 0x0000000084e00000| Untracked 
|  61|0x0000000084f00000, 0x0000000084f00000, 0x0000000085000000|  0%| F|  |TAMS 0x0000000084f00000, 0x0000000084f00000| Untracked 
|  62|0x0000000085000000, 0x0000000085000000, 0x0000000085100000|  0%| F|  |TAMS 0x0000000085000000, 0x0000000085000000| Untracked 
|  63|0x0000000085100000, 0x0000000085100000, 0x0000000085200000|  0%| F|  |TAMS 0x0000000085100000, 0x0000000085100000| Untracked 
|  64|0x0000000085200000, 0x0000000085200000, 0x0000000085300000|  0%| F|  |TAMS 0x0000000085200000, 0x0000000085200000| Untracked 
|  65|0x0000000085300000, 0x0000000085300000, 0x0000000085400000|  0%| F|  |TAMS 0x0000000085300000, 0x0000000085300000| Untracked 
|  66|0x0000000085400000, 0x0000000085400000, 0x0000000085500000|  0%| F|  |TAMS 0x0000000085400000, 0x0000000085400000| Untracked 
|  67|0x0000000085500000, 0x0000000085600000, 0x0000000085600000|100%| E|  |TAMS 0x0000000085500000, 0x0000000085500000| Complete 
|  68|0x0000000085600000, 0x0000000085700000, 0x0000000085700000|100%| E|CS|TAMS 0x0000000085600000, 0x0000000085600000| Complete 
|  69|0x0000000085700000, 0x0000000085800000, 0x0000000085800000|100%| E|CS|TAMS 0x0000000085700000, 0x0000000085700000| Complete 
|  70|0x0000000085800000, 0x0000000085900000, 0x0000000085900000|100%| E|CS|TAMS 0x0000000085800000, 0x0000000085800000| Complete 
|  71|0x0000000085900000, 0x0000000085a00000, 0x0000000085a00000|100%| E|CS|TAMS 0x0000000085900000, 0x0000000085900000| Complete 
|  72|0x0000000085a00000, 0x0000000085b00000, 0x0000000085b00000|100%| E|CS|TAMS 0x0000000085a00000, 0x0000000085a00000| Complete 
|  73|0x0000000085b00000, 0x0000000085c00000, 0x0000000085c00000|100%| E|CS|TAMS 0x0000000085b00000, 0x0000000085b00000| Complete 
|  74|0x0000000085c00000, 0x0000000085d00000, 0x0000000085d00000|100%| E|CS|TAMS 0x0000000085c00000, 0x0000000085c00000| Complete 
|  75|0x0000000085d00000, 0x0000000085e00000, 0x0000000085e00000|100%| E|CS|TAMS 0x0000000085d00000, 0x0000000085d00000| Complete 
|  76|0x0000000085e00000, 0x0000000085f00000, 0x0000000085f00000|100%| E|CS|TAMS 0x0000000085e00000, 0x0000000085e00000| Complete 
|  77|0x0000000085f00000, 0x0000000086000000, 0x0000000086000000|100%| E|CS|TAMS 0x0000000085f00000, 0x0000000085f00000| Complete 
|  78|0x0000000086000000, 0x0000000086100000, 0x0000000086100000|100%| E|CS|TAMS 0x0000000086000000, 0x0000000086000000| Complete 
|  79|0x0000000086100000, 0x0000000086200000, 0x0000000086200000|100%| E|CS|TAMS 0x0000000086100000, 0x0000000086100000| Complete 
|  80|0x0000000086200000, 0x0000000086300000, 0x0000000086300000|100%| E|CS|TAMS 0x0000000086200000, 0x0000000086200000| Complete 
|  81|0x0000000086300000, 0x0000000086400000, 0x0000000086400000|100%| E|CS|TAMS 0x0000000086300000, 0x0000000086300000| Complete 
|  82|0x0000000086400000, 0x0000000086500000, 0x0000000086500000|100%| E|CS|TAMS 0x0000000086400000, 0x0000000086400000| Complete 
|  83|0x0000000086500000, 0x0000000086600000, 0x0000000086600000|100%| E|CS|TAMS 0x0000000086500000, 0x0000000086500000| Complete 
|  84|0x0000000086600000, 0x0000000086700000, 0x0000000086700000|100%| E|CS|TAMS 0x0000000086600000, 0x0000000086600000| Complete 
|  85|0x0000000086700000, 0x0000000086800000, 0x0000000086800000|100%| E|CS|TAMS 0x0000000086700000, 0x0000000086700000| Complete 
|  86|0x0000000086800000, 0x0000000086900000, 0x0000000086900000|100%| E|CS|TAMS 0x0000000086800000, 0x0000000086800000| Complete 
|  87|0x0000000086900000, 0x0000000086a00000, 0x0000000086a00000|100%| E|CS|TAMS 0x0000000086900000, 0x0000000086900000| Complete 
|  88|0x0000000086a00000, 0x0000000086b00000, 0x0000000086b00000|100%| E|CS|TAMS 0x0000000086a00000, 0x0000000086a00000| Complete 
|  89|0x0000000086b00000, 0x0000000086c00000, 0x0000000086c00000|100%| E|CS|TAMS 0x0000000086b00000, 0x0000000086b00000| Complete 
|  90|0x0000000086c00000, 0x0000000086d00000, 0x0000000086d00000|100%| E|CS|TAMS 0x0000000086c00000, 0x0000000086c00000| Complete 
|  91|0x0000000086d00000, 0x0000000086e00000, 0x0000000086e00000|100%| E|CS|TAMS 0x0000000086d00000, 0x0000000086d00000| Complete 
|  92|0x0000000086e00000, 0x0000000086f00000, 0x0000000086f00000|100%| E|CS|TAMS 0x0000000086e00000, 0x0000000086e00000| Complete 
|  93|0x0000000086f00000, 0x0000000087000000, 0x0000000087000000|100%| E|CS|TAMS 0x0000000086f00000, 0x0000000086f00000| Complete 
|  94|0x0000000087000000, 0x0000000087100000, 0x0000000087100000|100%| E|CS|TAMS 0x0000000087000000, 0x0000000087000000| Complete 
|  95|0x0000000087100000, 0x0000000087200000, 0x0000000087200000|100%| E|CS|TAMS 0x0000000087100000, 0x0000000087100000| Complete 
|  96|0x0000000087200000, 0x0000000087300000, 0x0000000087300000|100%| E|CS|TAMS 0x0000000087200000, 0x0000000087200000| Complete 
|  97|0x0000000087300000, 0x0000000087400000, 0x0000000087400000|100%| E|CS|TAMS 0x0000000087300000, 0x0000000087300000| Complete 
|  98|0x0000000087400000, 0x0000000087500000, 0x0000000087500000|100%| E|CS|TAMS 0x0000000087400000, 0x0000000087400000| Complete 
|  99|0x0000000087500000, 0x0000000087600000, 0x0000000087600000|100%| E|CS|TAMS 0x0000000087500000, 0x0000000087500000| Complete 
| 100|0x0000000087600000, 0x0000000087700000, 0x0000000087700000|100%| E|CS|TAMS 0x0000000087600000, 0x0000000087600000| Complete 
| 101|0x0000000087700000, 0x00000000877ecf00, 0x0000000087800000| 92%| S|CS|TAMS 0x0000000087700000, 0x0000000087700000| Complete 
| 102|0x0000000087800000, 0x0000000087900000, 0x0000000087900000|100%| S|CS|TAMS 0x0000000087800000, 0x0000000087800000| Complete 
| 103|0x0000000087900000, 0x0000000087a00000, 0x0000000087a00000|100%| E|CS|TAMS 0x0000000087900000, 0x0000000087900000| Complete 
| 104|0x0000000087a00000, 0x0000000087b00000, 0x0000000087b00000|100%| E|CS|TAMS 0x0000000087a00000, 0x0000000087a00000| Complete 
| 105|0x0000000087b00000, 0x0000000087c00000, 0x0000000087c00000|100%| E|CS|TAMS 0x0000000087b00000, 0x0000000087b00000| Complete 
| 106|0x0000000087c00000, 0x0000000087d00000, 0x0000000087d00000|100%| E|CS|TAMS 0x0000000087c00000, 0x0000000087c00000| Complete 
| 107|0x0000000087d00000, 0x0000000087e00000, 0x0000000087e00000|100%| E|CS|TAMS 0x0000000087d00000, 0x0000000087d00000| Complete 
| 108|0x0000000087e00000, 0x0000000087f00000, 0x0000000087f00000|100%| E|CS|TAMS 0x0000000087e00000, 0x0000000087e00000| Complete 
| 109|0x0000000087f00000, 0x0000000088000000, 0x0000000088000000|100%| E|CS|TAMS 0x0000000087f00000, 0x0000000087f00000| Complete 
| 110|0x0000000088000000, 0x0000000088100000, 0x0000000088100000|100%| E|CS|TAMS 0x0000000088000000, 0x0000000088000000| Complete 
| 111|0x0000000088100000, 0x0000000088200000, 0x0000000088200000|100%| E|CS|TAMS 0x0000000088100000, 0x0000000088100000| Complete 
| 112|0x0000000088200000, 0x0000000088300000, 0x0000000088300000|100%| E|CS|TAMS 0x0000000088200000, 0x0000000088200000| Complete 
| 113|0x0000000088300000, 0x0000000088400000, 0x0000000088400000|100%| E|CS|TAMS 0x0000000088300000, 0x0000000088300000| Complete 
| 114|0x0000000088400000, 0x0000000088500000, 0x0000000088500000|100%| E|CS|TAMS 0x0000000088400000, 0x0000000088400000| Complete 
| 115|0x0000000088500000, 0x0000000088600000, 0x0000000088600000|100%| E|  |TAMS 0x0000000088500000, 0x0000000088500000| Complete 
| 116|0x0000000088600000, 0x0000000088700000, 0x0000000088700000|100%| E|CS|TAMS 0x0000000088600000, 0x0000000088600000| Complete 
| 117|0x0000000088700000, 0x0000000088800000, 0x0000000088800000|100%| E|CS|TAMS 0x0000000088700000, 0x0000000088700000| Complete 
| 118|0x0000000088800000, 0x0000000088900000, 0x0000000088900000|100%| E|CS|TAMS 0x0000000088800000, 0x0000000088800000| Complete 
| 119|0x0000000088900000, 0x0000000088a00000, 0x0000000088a00000|100%| E|CS|TAMS 0x0000000088900000, 0x0000000088900000| Complete 
| 120|0x0000000088a00000, 0x0000000088b00000, 0x0000000088b00000|100%| E|CS|TAMS 0x0000000088a00000, 0x0000000088a00000| Complete 
| 121|0x0000000088b00000, 0x0000000088c00000, 0x0000000088c00000|100%| E|CS|TAMS 0x0000000088b00000, 0x0000000088b00000| Complete 
| 122|0x0000000088c00000, 0x0000000088d00000, 0x0000000088d00000|100%| E|CS|TAMS 0x0000000088c00000, 0x0000000088c00000| Complete 
| 123|0x0000000088d00000, 0x0000000088e00000, 0x0000000088e00000|100%| E|CS|TAMS 0x0000000088d00000, 0x0000000088d00000| Complete 
| 124|0x0000000088e00000, 0x0000000088f00000, 0x0000000088f00000|100%| E|CS|TAMS 0x0000000088e00000, 0x0000000088e00000| Complete 
| 125|0x0000000088f00000, 0x0000000089000000, 0x0000000089000000|100%| E|CS|TAMS 0x0000000088f00000, 0x0000000088f00000| Complete 
| 126|0x0000000089000000, 0x0000000089100000, 0x0000000089100000|100%| E|CS|TAMS 0x0000000089000000, 0x0000000089000000| Complete 
| 127|0x0000000089100000, 0x0000000089200000, 0x0000000089200000|100%| E|CS|TAMS 0x0000000089100000, 0x0000000089100000| Complete 

Card table byte_map: [0x000001f559570000,0x000001f559970000] _byte_map_base: 0x000001f559167000

Marking Bits (Prev, Next): (CMBitMap*) 0x000001f54295feb0, (CMBitMap*) 0x000001f54295fef0
 Prev Bits: [0x000001f559d70000, 0x000001f55bd28000)
 Next Bits: [0x000001f55bd30000, 0x000001f55dce8000)

Polling page: 0x000001f540910000

Metaspace:

Usage:
  Non-class:     16.95 MB used.
      Class:      2.35 MB used.
       Both:     19.30 MB used.

Virtual space:
  Non-class space:       24.00 MB reserved,      17.06 MB ( 71%) committed,  3 nodes.
      Class space:        1.00 GB reserved,       2.50 MB ( <1%) committed,  1 nodes.
             Both:        1.02 GB reserved,      19.56 MB (  2%) committed. 

Chunk freelists:
   Non-Class:  2.19 MB
       Class:  1.50 MB
        Both:  3.68 MB

MaxMetaspaceSize: unlimited
CompressedClassSpaceSize: 1.00 GB
Initial GC threshold: 21.00 MB
Current GC threshold: 21.00 MB
CDS: on
MetaspaceReclaimPolicy: balanced
 - commit_granule_bytes: 65536.
 - commit_granule_words: 8192.
 - virtual_space_node_default_size: 1048576.
 - enlarge_chunks_in_place: 1.
 - new_chunks_are_fully_committed: 0.
 - uncommit_free_chunks: 1.
 - use_allocation_guard: 0.
 - handle_deallocations: 1.


Internal statistics:

num_allocs_failed_limit: 0.
num_arena_births: 212.
num_arena_deaths: 0.
num_vsnodes_births: 4.
num_vsnodes_deaths: 0.
num_space_committed: 313.
num_space_uncommitted: 0.
num_chunks_returned_to_freelist: 0.
num_chunks_taken_from_freelist: 883.
num_chunk_merges: 0.
num_chunk_splits: 614.
num_chunks_enlarged: 492.
num_purges: 0.
num_inconsistent_stats: 0.

CodeHeap 'non-profiled nmethods': size=120000Kb used=1282Kb max_used=1282Kb free=118717Kb
 bounds [0x000001f551c40000, 0x000001f551eb0000, 0x000001f559170000]
CodeHeap 'profiled nmethods': size=120000Kb used=6376Kb max_used=6376Kb free=113623Kb
 bounds [0x000001f54a710000, 0x000001f54ad50000, 0x000001f551c40000]
CodeHeap 'non-nmethods': size=5760Kb used=1261Kb max_used=1326Kb free=4498Kb
 bounds [0x000001f54a170000, 0x000001f54a3e0000, 0x000001f54a710000]
 total_blobs=3388 nmethods=2901 adapters=399
 compilation: enabled
              stopped_count=0, restarted_count=0
 full_count=0

Compilation events (20 events):
Event: 4.330 Thread 0x000001f5601af640 2875       3       sun.nio.fs.WindowsPath::isAbsolute (26 bytes)
Event: 4.330 Thread 0x000001f5601af640 nmethod 2875 0x000001f54ad32690 code [0x000001f54ad32820, 0x000001f54ad329d8]
Event: 4.330 Thread 0x000001f5601af640 2877       3       sun.net.www.protocol.jar.Handler::openConnection (10 bytes)
Event: 4.330 Thread 0x000001f5601af640 nmethod 2877 0x000001f54ad32a90 code [0x000001f54ad32c40, 0x000001f54ad32e08]
Event: 4.330 Thread 0x000001f5601af640 2879       3       org.springframework.core.type.classreading.SimpleMetadataReaderFactory::getMetadataReader (18 bytes)
Event: 4.331 Thread 0x000001f5601af640 nmethod 2879 0x000001f54ad32f10 code [0x000001f54ad330c0, 0x000001f54ad33338]
Event: 4.331 Thread 0x000001f5601af640 2878       3       sun.net.www.protocol.jar.JarURLConnection::<init> (44 bytes)
Event: 4.331 Thread 0x000001f5601af640 nmethod 2878 0x000001f54ad33490 code [0x000001f54ad33680, 0x000001f54ad33cd8]
Event: 4.333 Thread 0x000001f5601af640 2880   !   3       org.springframework.core.type.filter.AssignableTypeFilter::matchTargetType (72 bytes)
Event: 4.335 Thread 0x000001f5601af640 nmethod 2880 0x000001f54ad33f10 code [0x000001f54ad34240, 0x000001f54ad353a8]
Event: 4.335 Thread 0x000001f5601af640 2882       3       org.springframework.core.io.FileSystemResource::hashCode (8 bytes)
Event: 4.335 Thread 0x000001f5601af640 nmethod 2882 0x000001f54ad35a90 code [0x000001f54ad35c40, 0x000001f54ad35d88]
Event: 4.335 Thread 0x000001f5601af640 2881       1       org.springframework.core.io.support.PathMatchingResourcePatternResolver::getResourceLoader (5 bytes)
Event: 4.336 Thread 0x000001f5601af640 nmethod 2881 0x000001f551d7f290 code [0x000001f551d7f420, 0x000001f551d7f4f8]
Event: 4.336 Thread 0x000001f5601af640 2883       3       java.lang.invoke.MethodHandles$Lookup::resolveOrFail (48 bytes)
Event: 4.336 Thread 0x000001f5601af640 nmethod 2883 0x000001f54ad35e90 code [0x000001f54ad360c0, 0x000001f54ad36788]
Event: 4.336 Thread 0x000001f5601af640 2884       3       java.lang.invoke.MethodHandles$Lookup::checkMethodName (45 bytes)
Event: 4.337 Thread 0x000001f5601af640 nmethod 2884 0x000001f54ad36a90 code [0x000001f54ad36ce0, 0x000001f54ad37448]
Event: 4.351 Thread 0x000001f5601af640 2885       3       jdk.internal.org.objectweb.asm.MethodVisitor::visitMaxs (17 bytes)
Event: 4.352 Thread 0x000001f5601af640 nmethod 2885 0x000001f54ad37710 code [0x000001f54ad378c0, 0x000001f54ad37ae8]

GC Heap History (6 events):
Event: 0.720 GC heap before
{Heap before GC invocations=0 (full 0):
 garbage-first heap   total 131072K, used 13312K [0x0000000081200000, 0x0000000100000000)
  region size 1024K, 13 young (13312K), 0 survivors (0K)
 Metaspace       used 2494K, committed 2688K, reserved 1056768K
  class space    used 240K, committed 320K, reserved 1048576K
}
Event: 0.726 GC heap after
{Heap after GC invocations=1 (full 0):
 garbage-first heap   total 131072K, used 6575K [0x0000000081200000, 0x0000000100000000)
  region size 1024K, 2 young (2048K), 2 survivors (2048K)
 Metaspace       used 2494K, committed 2688K, reserved 1056768K
  class space    used 240K, committed 320K, reserved 1048576K
}
Event: 1.021 GC heap before
{Heap before GC invocations=1 (full 0):
 garbage-first heap   total 131072K, used 16815K [0x0000000081200000, 0x0000000100000000)
  region size 1024K, 12 young (12288K), 2 survivors (2048K)
 Metaspace       used 4371K, committed 4544K, reserved 1056768K
  class space    used 487K, committed 576K, reserved 1048576K
}
Event: 1.025 GC heap after
{Heap after GC invocations=2 (full 0):
 garbage-first heap   total 131072K, used 7385K [0x0000000081200000, 0x0000000100000000)
  region size 1024K, 1 young (1024K), 1 survivors (1024K)
 Metaspace       used 4371K, committed 4544K, reserved 1056768K
  class space    used 487K, committed 576K, reserved 1048576K
}
Event: 2.115 GC heap before
{Heap before GC invocations=2 (full 0):
 garbage-first heap   total 131072K, used 30937K [0x0000000081200000, 0x0000000100000000)
  region size 1024K, 25 young (25600K), 1 survivors (1024K)
 Metaspace       used 9911K, committed 10176K, reserved 1064960K
  class space    used 1207K, committed 1344K, reserved 1048576K
}
Event: 2.119 GC heap after
{Heap after GC invocations=3 (full 0):
 garbage-first heap   total 131072K, used 8848K [0x0000000081200000, 0x0000000100000000)
  region size 1024K, 2 young (2048K), 2 survivors (2048K)
 Metaspace       used 9911K, committed 10176K, reserved 1064960K
  class space    used 1207K, committed 1344K, reserved 1048576K
}

Deoptimization events (20 events):
Event: 4.340 Thread 0x000001f5617d75c0 DEOPT PACKING pc=0x000001f54a8d17b4 sp=0x0000008f10dfd340
Event: 4.340 Thread 0x000001f5617d75c0 DEOPT UNPACKING pc=0x000001f54a1c2b43 sp=0x0000008f10dfc818 mode 1
Event: 4.340 Thread 0x000001f5617d75c0 DEOPT PACKING pc=0x000001f54ab79cdc sp=0x0000008f10dfd3e0
Event: 4.340 Thread 0x000001f5617d75c0 DEOPT UNPACKING pc=0x000001f54a1c2b43 sp=0x0000008f10dfca18 mode 1
Event: 4.341 Thread 0x000001f5617d75c0 DEOPT PACKING pc=0x000001f54ab6c2a1 sp=0x0000008f10dfc710
Event: 4.341 Thread 0x000001f5617d75c0 DEOPT UNPACKING pc=0x000001f54a1c2b43 sp=0x0000008f10dfbbe8 mode 1
Event: 4.341 Thread 0x000001f5617d75c0 DEOPT PACKING pc=0x000001f54ab6ac4c sp=0x0000008f10dfc7a0
Event: 4.341 Thread 0x000001f5617d75c0 DEOPT UNPACKING pc=0x000001f54a1c2b43 sp=0x0000008f10dfbd40 mode 1
Event: 4.341 Thread 0x000001f5617d75c0 DEOPT PACKING pc=0x000001f54ab6779c sp=0x0000008f10dfc900
Event: 4.341 Thread 0x000001f5617d75c0 DEOPT UNPACKING pc=0x000001f54a1c2b43 sp=0x0000008f10dfbec0 mode 1
Event: 4.342 Thread 0x000001f5617d75c0 DEOPT PACKING pc=0x000001f54a816dec sp=0x0000008f10dfbe90
Event: 4.342 Thread 0x000001f5617d75c0 DEOPT UNPACKING pc=0x000001f54a1c2b43 sp=0x0000008f10dfb328 mode 1
Event: 4.342 Thread 0x000001f5617d75c0 DEOPT PACKING pc=0x000001f54a8162dc sp=0x0000008f10dfbf60
Event: 4.342 Thread 0x000001f5617d75c0 DEOPT UNPACKING pc=0x000001f54a1c2b43 sp=0x0000008f10dfb418 mode 1
Event: 4.342 Thread 0x000001f5617d75c0 DEOPT PACKING pc=0x000001f54a8d17b4 sp=0x0000008f10dfc940
Event: 4.342 Thread 0x000001f5617d75c0 DEOPT UNPACKING pc=0x000001f54a1c2b43 sp=0x0000008f10dfbe30 mode 1
Event: 4.342 Thread 0x000001f5617d75c0 DEOPT PACKING pc=0x000001f54a8162dc sp=0x0000008f10dfcab0
Event: 4.342 Thread 0x000001f5617d75c0 DEOPT UNPACKING pc=0x000001f54a1c2b43 sp=0x0000008f10dfbf68 mode 1
Event: 4.342 Thread 0x000001f5617d75c0 DEOPT PACKING pc=0x000001f54a8d17b4 sp=0x0000008f10dfd490
Event: 4.342 Thread 0x000001f5617d75c0 DEOPT UNPACKING pc=0x000001f54a1c2b43 sp=0x0000008f10dfc980 mode 1

Classes unloaded (0 events):
No events

Classes redefined (0 events):
No events

Internal exceptions (20 events):
Event: 1.785 Thread 0x000001f5617d75c0 Exception <a 'java/lang/NoSuchMethodError'{0x00000000882d9ce8}: 'void java.lang.invoke.DirectMethodHandle$Holder.invokeStaticInit(java.lang.Object, java.lang.Object)'> (0x00000000882d9ce8) 
thrown [t:\workspace\open\src\hotspot\share\interpreter\linkResolver.cpp, line 766]
Event: 1.789 Thread 0x000001f5617d75c0 Exception <a 'java/lang/NoSuchMethodError'{0x00000000882e7228}: 'void java.lang.invoke.DirectMethodHandle$Holder.invokeStaticInit(java.lang.Object, java.lang.Object, java.lang.Object)'> (0x00000000882e7228) 
thrown [t:\workspace\open\src\hotspot\share\interpreter\linkResolver.cpp, line 766]
Event: 1.800 Thread 0x000001f5617d75c0 Exception <a 'java/lang/NoSuchMethodError'{0x0000000088125520}: 'java.lang.Object java.lang.invoke.DirectMethodHandle$Holder.invokeStatic(java.lang.Object, java.lang.Object, long, java.lang.Object)'> (0x0000000088125520) 
thrown [t:\workspace\open\src\hotspot\share\interpreter\linkResolver.cpp, line 766]
Event: 1.801 Thread 0x000001f5617d75c0 Exception <a 'java/lang/NoSuchMethodError'{0x0000000088128fb8}: 'java.lang.Object java.lang.invoke.DirectMethodHandle$Holder.invokeStaticInit(java.lang.Object, java.lang.Object, long, java.lang.Object)'> (0x0000000088128fb8) 
thrown [t:\workspace\open\src\hotspot\share\interpreter\linkResolver.cpp, line 766]
Event: 1.802 Thread 0x000001f5617d75c0 Exception <a 'java/lang/NoSuchMethodError'{0x000000008812f700}: 'java.lang.Object java.lang.invoke.DirectMethodHandle$Holder.newInvokeSpecial(java.lang.Object, java.lang.Object, long)'> (0x000000008812f700) 
thrown [t:\workspace\open\src\hotspot\share\interpreter\linkResolver.cpp, line 766]
Event: 1.803 Thread 0x000001f5617d75c0 Exception <a 'java/lang/NoSuchMethodError'{0x0000000088133270}: 'java.lang.Object java.lang.invoke.Invokers$Holder.linkToTargetMethod(java.lang.Object, long, java.lang.Object)'> (0x0000000088133270) 
thrown [t:\workspace\open\src\hotspot\share\interpreter\linkResolver.cpp, line 766]
Event: 1.832 Thread 0x000001f5617d75c0 Exception <a 'java/lang/NoSuchMethodError'{0x00000000881886e0}: 'void java.lang.invoke.DirectMethodHandle$Holder.invokeVirtual(java.lang.Object, java.lang.Object, java.lang.Object, java.lang.Object)'> (0x00000000881886e0) 
thrown [t:\workspace\open\src\hotspot\share\interpreter\linkResolver.cpp, line 766]
Event: 1.909 Thread 0x000001f5617d75c0 Exception <a 'java/lang/NoSuchMethodError'{0x0000000087f253c8}: 'void java.lang.invoke.DirectMethodHandle$Holder.invokeSpecial(java.lang.Object, java.lang.Object, java.lang.Object)'> (0x0000000087f253c8) 
thrown [t:\workspace\open\src\hotspot\share\interpreter\linkResolver.cpp, line 766]
Event: 1.911 Thread 0x000001f5617d75c0 Exception <a 'java/lang/NoSuchMethodError'{0x0000000087f2b9a0}: 'void java.lang.invoke.DirectMethodHandle$Holder.invokeSpecial(java.lang.Object, java.lang.Object, java.lang.Object, java.lang.Object, java.lang.Object)'> (0x0000000087f2b9a0) 
thrown [t:\workspace\open\src\hotspot\share\interpreter\linkResolver.cpp, line 766]
Event: 1.929 Thread 0x000001f5617d75c0 Exception <a 'java/lang/IncompatibleClassChangeError'{0x0000000087f59e58}: Found class java.lang.Object, but interface was expected> (0x0000000087f59e58) 
thrown [t:\workspace\open\src\hotspot\share\interpreter\linkResolver.cpp, line 833]
Event: 1.932 Thread 0x000001f561b96010 Exception <a 'java/lang/NoClassDefFoundError'{0x0000000087f933f0}: jakarta/validation/Validation> (0x0000000087f933f0) 
thrown [t:\workspace\open\src\hotspot\share\classfile\systemDictionary.cpp, line 245]
Event: 2.671 Thread 0x000001f5617d75c0 Exception <a 'java/lang/NoSuchMethodError'{0x0000000087ffd7a8}: 'int java.lang.invoke.DirectMethodHandle$Holder.invokeSpecial(java.lang.Object, java.lang.Object, java.lang.Object, java.lang.Object, java.lang.Object)'> (0x0000000087ffd7a8) 
thrown [t:\workspace\open\src\hotspot\share\interpreter\linkResolver.cpp, line 766]
Event: 2.676 Thread 0x000001f5617d75c0 Exception <a 'java/lang/NoSuchMethodError'{0x0000000087d03de8}: 'void java.lang.invoke.DirectMethodHandle$Holder.invokeVirtual(java.lang.Object, java.lang.Object)'> (0x0000000087d03de8) 
thrown [t:\workspace\open\src\hotspot\share\interpreter\linkResolver.cpp, line 766]
Event: 2.684 Thread 0x000001f561b96010 Exception <a 'java/lang/NoSuchMethodError'{0x0000000087ece060}: 'long java.lang.invoke.DirectMethodHandle$Holder.invokeSpecial(java.lang.Object, java.lang.Object)'> (0x0000000087ece060) 
thrown [t:\workspace\open\src\hotspot\share\interpreter\linkResolver.cpp, line 766]
Event: 2.689 Thread 0x000001f561b96010 Exception <a 'java/lang/NoSuchMethodError'{0x0000000087ed9288}: 'long java.lang.invoke.DirectMethodHandle$Holder.invokeStatic(java.lang.Object, java.lang.Object)'> (0x0000000087ed9288) 
thrown [t:\workspace\open\src\hotspot\share\interpreter\linkResolver.cpp, line 766]
Event: 2.689 Thread 0x000001f561b96010 Exception <a 'java/lang/NoSuchMethodError'{0x0000000087edc888}: 'long java.lang.invoke.DirectMethodHandle$Holder.invokeStaticInit(java.lang.Object, java.lang.Object)'> (0x0000000087edc888) 
thrown [t:\workspace\open\src\hotspot\share\interpreter\linkResolver.cpp, line 766]
Event: 2.694 Thread 0x000001f561b96010 Exception <a 'java/lang/NoSuchMethodError'{0x0000000087eea430}: 'long java.lang.invoke.DirectMethodHandle$Holder.invokeInterface(java.lang.Object, java.lang.Object)'> (0x0000000087eea430) 
thrown [t:\workspace\open\src\hotspot\share\interpreter\linkResolver.cpp, line 766]
Event: 2.694 Thread 0x000001f561b96010 Exception <a 'java/lang/IncompatibleClassChangeError'{0x0000000087eed9c0}: Found class java.lang.Object, but interface was expected> (0x0000000087eed9c0) 
thrown [t:\workspace\open\src\hotspot\share\interpreter\linkResolver.cpp, line 833]
Event: 2.714 Thread 0x000001f561b96010 Exception <a 'java/lang/NoSuchMethodError'{0x0000000087cc9b10}: 'java.lang.Object java.lang.invoke.DirectMethodHandle$Holder.invokeVirtual(java.lang.Object, java.lang.Object, java.lang.Object, java.lang.Object)'> (0x0000000087cc9b10) 
thrown [t:\workspace\open\src\hotspot\share\interpreter\linkResolver.cpp, line 766]
Event: 3.081 Thread 0x000001f5617d75c0 Exception <a 'java/lang/IncompatibleClassChangeError'{0x00000000872d0510}: Found class java.lang.Object, but interface was expected> (0x00000000872d0510) 
thrown [t:\workspace\open\src\hotspot\share\interpreter\linkResolver.cpp, line 833]

VM Operations (20 events):
Event: 2.521 Executing VM operation: HandshakeAllThreads
Event: 2.522 Executing VM operation: HandshakeAllThreads done
Event: 2.620 Executing VM operation: HandshakeAllThreads
Event: 2.620 Executing VM operation: HandshakeAllThreads done
Event: 2.645 Executing VM operation: HandshakeAllThreads
Event: 2.645 Executing VM operation: HandshakeAllThreads done
Event: 3.269 Executing VM operation: ICBufferFull
Event: 3.269 Executing VM operation: ICBufferFull done
Event: 3.880 Executing VM operation: ICBufferFull
Event: 3.880 Executing VM operation: ICBufferFull done
Event: 4.294 Executing VM operation: HandshakeAllThreads
Event: 4.294 Executing VM operation: HandshakeAllThreads done
Event: 4.294 Executing VM operation: HandshakeAllThreads
Event: 4.294 Executing VM operation: HandshakeAllThreads done
Event: 4.303 Executing VM operation: HandshakeAllThreads
Event: 4.303 Executing VM operation: HandshakeAllThreads done
Event: 4.306 Executing VM operation: HandshakeAllThreads
Event: 4.306 Executing VM operation: HandshakeAllThreads done
Event: 4.308 Executing VM operation: HandshakeAllThreads
Event: 4.308 Executing VM operation: HandshakeAllThreads done

Events (20 events):
Event: 2.882 Thread 0x000001f563062d30 Thread added: 0x000001f563062d30
Event: 2.948 loading class javax/naming/ldap/LdapContext
Event: 2.949 loading class javax/naming/directory/DirContext
Event: 2.949 loading class javax/naming/directory/DirContext done
Event: 2.949 loading class javax/naming/ldap/LdapContext done
Event: 3.056 Thread 0x000001f563062d30 Thread exited: 0x000001f563062d30
Event: 3.470 loading class java/beans/PropertyVetoException
Event: 3.470 loading class java/beans/PropertyVetoException done
Event: 3.515 loading class java/nio/charset/CharacterCodingException
Event: 3.516 loading class java/nio/charset/CharacterCodingException done
Event: 4.133 loading class java/lang/UnsupportedClassVersionError
Event: 4.133 loading class java/lang/ClassFormatError
Event: 4.133 loading class java/lang/ClassFormatError done
Event: 4.133 loading class java/lang/UnsupportedClassVersionError done
Event: 4.302 loading class java/util/Collections$UnmodifiableMap$UnmodifiableEntrySet
Event: 4.303 loading class java/util/Collections$UnmodifiableMap$UnmodifiableEntrySet done
Event: 4.303 loading class java/util/Collections$UnmodifiableMap$UnmodifiableEntrySet$1
Event: 4.303 loading class java/util/Collections$UnmodifiableMap$UnmodifiableEntrySet$1 done
Event: 4.303 loading class java/util/Collections$UnmodifiableMap$UnmodifiableEntrySet$UnmodifiableEntry
Event: 4.303 loading class java/util/Collections$UnmodifiableMap$UnmodifiableEntrySet$UnmodifiableEntry done


Dynamic libraries:
0x00007ff7a4eb0000 - 0x00007ff7a4ec0000 	C:\Program Files\Java\jdk-17.0.3\bin\java.exe
0x00007ffb13090000 - 0x00007ffb13288000 	C:\Windows\SYSTEM32\ntdll.dll
0x00007ffb11790000 - 0x00007ffb1184f000 	C:\Windows\System32\KERNEL32.DLL
0x00007ffb107c0000 - 0x00007ffb10ab6000 	C:\Windows\System32\KERNELBASE.dll
0x00007ffb10bb0000 - 0x00007ffb10cb0000 	C:\Windows\System32\ucrtbase.dll
0x00007ffb047b0000 - 0x00007ffb047ca000 	C:\Program Files\Java\jdk-17.0.3\bin\VCRUNTIME140.dll
0x00007ffb088b0000 - 0x00007ffb088c8000 	C:\Program Files\Java\jdk-17.0.3\bin\jli.dll
0x00007ffb121c0000 - 0x00007ffb1226f000 	C:\Windows\System32\ADVAPI32.dll
0x00007ffb11150000 - 0x00007ffb111ee000 	C:\Windows\System32\msvcrt.dll
0x00007ffb12120000 - 0x00007ffb121bc000 	C:\Windows\System32\sechost.dll
0x00007ffb12740000 - 0x00007ffb12866000 	C:\Windows\System32\RPCRT4.dll
0x00007ffb11330000 - 0x00007ffb114cd000 	C:\Windows\System32\USER32.dll
0x00007ffafe030000 - 0x00007ffafe2ca000 	C:\Windows\WinSxS\amd64_microsoft.windows.common-controls_6595b64144ccf1df_6.0.19041.1110_none_60b5254171f9507e\COMCTL32.dll
0x00007ffb10b80000 - 0x00007ffb10ba2000 	C:\Windows\System32\win32u.dll
0x00007ffb12080000 - 0x00007ffb120ac000 	C:\Windows\System32\GDI32.dll
0x00007ffb10f30000 - 0x00007ffb11045000 	C:\Windows\System32\gdi32full.dll
0x00007ffb11050000 - 0x00007ffb110ed000 	C:\Windows\System32\msvcp_win.dll
0x00007ffb09ad0000 - 0x00007ffb09ada000 	C:\Windows\SYSTEM32\VERSION.dll
0x00007ffb116e0000 - 0x00007ffb11710000 	C:\Windows\System32\IMM32.DLL
0x00007ffb0a890000 - 0x00007ffb0a89c000 	C:\Program Files\Java\jdk-17.0.3\bin\vcruntime140_1.dll
0x00007ffaeee50000 - 0x00007ffaeeedd000 	C:\Program Files\Java\jdk-17.0.3\bin\msvcp140.dll
0x00007ffaa72c0000 - 0x00007ffaa7e81000 	C:\Program Files\Java\jdk-17.0.3\bin\server\jvm.dll
0x00007ffb11920000 - 0x00007ffb11928000 	C:\Windows\System32\PSAPI.DLL
0x00007ffafc2e0000 - 0x00007ffafc2e9000 	C:\Windows\SYSTEM32\WSOCK32.dll
0x00007ffaf9390000 - 0x00007ffaf93b7000 	C:\Windows\SYSTEM32\WINMM.dll
0x00007ffb120b0000 - 0x00007ffb1211b000 	C:\Windows\System32\WS2_32.dll
0x00007ffb0e5d0000 - 0x00007ffb0e5e2000 	C:\Windows\SYSTEM32\kernel.appcore.dll
0x00007ffb0a580000 - 0x00007ffb0a58a000 	C:\Program Files\Java\jdk-17.0.3\bin\jimage.dll
0x00007ffaf81e0000 - 0x00007ffaf83c4000 	C:\Windows\SYSTEM32\DBGHELP.DLL
0x00007ffaf6a60000 - 0x00007ffaf6a94000 	C:\Windows\SYSTEM32\dbgcore.DLL
0x00007ffb10ac0000 - 0x00007ffb10b42000 	C:\Windows\System32\bcryptPrimitives.dll
0x00007ffaeb370000 - 0x00007ffaeb3ab000 	C:\Program Files\Java\jdk-17.0.3\bin\jdwp.dll
0x00007ffb08a60000 - 0x00007ffb08a85000 	C:\Program Files\Java\jdk-17.0.3\bin\java.dll
0x00007ffad3a20000 - 0x00007ffad3af6000 	C:\Program Files\Java\jdk-17.0.3\bin\jsvml.dll
0x00007ffb11930000 - 0x00007ffb12074000 	C:\Windows\System32\SHELL32.dll
0x00007ffb0e7d0000 - 0x00007ffb0ef63000 	C:\Windows\SYSTEM32\windows.storage.dll
0x00007ffb12cf0000 - 0x00007ffb13044000 	C:\Windows\System32\combase.dll
0x00007ffb100d0000 - 0x00007ffb100fe000 	C:\Windows\SYSTEM32\Wldp.dll
0x00007ffb122f0000 - 0x00007ffb1239d000 	C:\Windows\System32\SHCORE.dll
0x00007ffb126e0000 - 0x00007ffb12735000 	C:\Windows\System32\shlwapi.dll
0x00007ffb106a0000 - 0x00007ffb106c5000 	C:\Windows\SYSTEM32\profapi.dll
0x00007ffb0b070000 - 0x00007ffb0b07c000 	C:\Program Files\Java\jdk-17.0.3\bin\dt_socket.dll
0x00007ffb0fb70000 - 0x00007ffb0fbab000 	C:\Windows\SYSTEM32\IPHLPAPI.DLL
0x00007ffb0feb0000 - 0x00007ffb0ff1a000 	C:\Windows\system32\mswsock.dll
0x00007ffb08d10000 - 0x00007ffb08d29000 	C:\Program Files\Java\jdk-17.0.3\bin\net.dll
0x00007ffb068a0000 - 0x00007ffb069aa000 	C:\Windows\SYSTEM32\WINHTTP.dll
0x00007ffb04770000 - 0x00007ffb04786000 	C:\Program Files\Java\jdk-17.0.3\bin\nio.dll
0x00007ffb04730000 - 0x00007ffb04748000 	C:\Program Files\Java\jdk-17.0.3\bin\zip.dll
0x00007ffb08e40000 - 0x00007ffb08e50000 	C:\Program Files\Java\jdk-17.0.3\bin\verify.dll
0x00007ffb08dc0000 - 0x00007ffb08dc9000 	C:\Program Files\Java\jdk-17.0.3\bin\management.dll
0x00007ffb08db0000 - 0x00007ffb08dbb000 	C:\Program Files\Java\jdk-17.0.3\bin\management_ext.dll

dbghelp: loaded successfully - version: 4.0.5 - missing functions: none
symbol engine: initialized successfully - sym options: 0x614 - pdb path: .;C:\Program Files\Java\jdk-17.0.3\bin;C:\Windows\SYSTEM32;C:\Windows\WinSxS\amd64_microsoft.windows.common-controls_6595b64144ccf1df_6.0.19041.1110_none_60b5254171f9507e;C:\Program Files\Java\jdk-17.0.3\bin\server

VM Arguments:
jvm_args: -agentlib:jdwp=transport=dt_socket,server=n,suspend=y,address=127.0.0.1:10418 -Dfile.encoding=windows-1252 -Duser.country=FR -Duser.language=fr -Duser.variant 
java_command: com.example.Prog4.Prog4Application
java_class_path (initial): C:\Users\TOSHIBA\Desktop\prog4\build\classes\java\main;C:\Users\TOSHIBA\Desktop\prog4\build\resources\main;C:\Users\TOSHIBA\.gradle\caches\modules-2\files-2.1\org.springframework.boot\spring-boot-devtools\3.1.1\fca82661c18f1ca18614d308523c0d404d3753b9\spring-boot-devtools-3.1.1.jar;C:\Users\TOSHIBA\.gradle\caches\modules-2\files-2.1\org.springframework.boot\spring-boot-starter-data-jpa\3.1.1\f129ea070d7d7152c984189301dc751be45f9a38\spring-boot-starter-data-jpa-3.1.1.jar;C:\Users\TOSHIBA\.gradle\caches\modules-2\files-2.1\org.springframework.boot\spring-boot-starter-thymeleaf\3.1.1\69e351b19ee4fa37ff7cb851354498a880b5a937\spring-boot-starter-thymeleaf-3.1.1.jar;C:\Users\TOSHIBA\.gradle\caches\modules-2\files-2.1\org.springframework.boot\spring-boot-starter-web\3.1.1\f2c2d9e35430e4b4a98ad91780bb9b2d1deec08\spring-boot-starter-web-3.1.1.jar;C:\Users\TOSHIBA\.gradle\caches\modules-2\files-2.1\org.springframework.boot\spring-boot-starter-jdbc\3.1.1\8e6bdc511fc9ade17c09fcc20a0f6a44fa39a876\spring-boot-starter-jdbc-3.1.1.jar;C:\Users\TOSHIBA\.gradle\caches\modules-2\files-2.1\org.flywaydb\flyway-core\9.16.0\b9fb1e3b334ba7cb742fd236f6d8c38040ea57dc\flyway-core-9.16.0.jar;C:\Users\TOSHIBA\.gradle\caches\modules-2\files-2.1\com.opencsv\opencsv\5.5.2\cf58631e2efa9a202bbeaea09321be68232efb19\opencsv-5.5.2.jar;C:\Users\TOSHIBA\.gradle\caches\modules-2\files-2.1\org.xhtmlrenderer\flying-saucer-pdf\9.1.22\5723fb69db4c3040a293fa12654a5a970b9e755d\flying-saucer-pdf-9.1.22.jar;C:\Users\TOSHIBA\.gradle\caches\modules-2\files-2.1\org.postgresql\postgresql\42.6.0\7614cfce466145b84972781ab0079b8dea49e363\postgresql-42.6.0.jar;C:\Users\TOSHIBA\.gradle\caches\modules-2\files-2.1\org.springframework.boot\spring-boot-starter-aop\3.1.1\f72362878ded668b8c3a12f8465ced98ef3fb188\spring-boot-starter-aop-3.1.1.jar;C:\Users\TOSHIBA\.gradle\caches\modules-2\files-2.1\org.springframework.boot\spring-boot-starter-json\3.1.1\8dc99860536a6a858de6caaeb67f84d7af8a30a3\spring-b
Launcher Type: SUN_STANDARD

[Global flags]
     intx CICompilerCount                          = 3                                         {product} {ergonomic}
     uint ConcGCThreads                            = 1                                         {product} {ergonomic}
     uint G1ConcRefinementThreads                  = 4                                         {product} {ergonomic}
   size_t G1HeapRegionSize                         = 1048576                                   {product} {ergonomic}
    uintx GCDrainStackTargetSize                   = 64                                        {product} {ergonomic}
   size_t InitialHeapSize                          = 134217728                                 {product} {ergonomic}
   size_t MarkStackSize                            = 4194304                                   {product} {ergonomic}
   size_t MaxHeapSize                              = 2128609280                                {product} {ergonomic}
   size_t MaxNewSize                               = 1277165568                                {product} {ergonomic}
   size_t MinHeapDeltaBytes                        = 1048576                                   {product} {ergonomic}
   size_t MinHeapSize                              = 8388608                                   {product} {ergonomic}
    uintx NonNMethodCodeHeapSize                   = 5832780                                {pd product} {ergonomic}
    uintx NonProfiledCodeHeapSize                  = 122912730                              {pd product} {ergonomic}
    uintx ProfiledCodeHeapSize                     = 122912730                              {pd product} {ergonomic}
    uintx ReservedCodeCacheSize                    = 251658240                              {pd product} {ergonomic}
     bool SegmentedCodeCache                       = true                                      {product} {ergonomic}
   size_t SoftMaxHeapSize                          = 2128609280                             {manageable} {ergonomic}
     bool UseCompressedClassPointers               = true                           {product lp64_product} {ergonomic}
     bool UseCompressedOops                        = true                           {product lp64_product} {ergonomic}
     bool UseG1GC                                  = true                                      {product} {ergonomic}
     bool UseLargePagesIndividualAllocation        = false                                  {pd product} {ergonomic}

Logging:
Log output configuration:
 #0: stdout all=warning uptime,level,tags
 #1: stderr all=off uptime,level,tags

Environment Variables:
JAVA_HOME=C:\Program Files\Java\jdk-17.0.3
PATH=C:\Program Files\Common Files\Oracle\Java\javapath;C:\Windows\system32;C:\Windows;C:\Windows\System32\Wbem;C:\Windows\System32\WindowsPowerShell\v1.0\;C:\Windows\System32\OpenSSH\;C:\Program Files\Java\jdk-11.0.10\bin;C:\TAFITA\apache-maven-3.8.3\bin;C:\Program Files\PostgreSQL\10\bin;C:\Program Files (x86)\Microsoft SQL Server\100\Tools\Binn\;C:\Program Files\Microsoft SQL Server\100\Tools\Binn\;C:\Program Files\Microsoft SQL Server\100\DTS\Binn\;C:\Program Files\Microsoft SQL Server\130\Tools\Binn\;C:\UwAmp\bin\database\mysql-5.7.11\bin;C:\Program Files\Amazon\AWSCLIV2\;C:\Program Files\Git\cmd;C:\Users\TOSHIBA\Downloads\sonarqube-9.9.0.65466\bin;C:\Program Files\Docker\Docker\resources\bin;C:\ProgramData\DockerDesktop\version-bin;C:\Program Files\Amazon\AWSSAMCLI\bin\;%NVM_HOME%;%NVM_SYMLINK%;C:\Program Files\PowerShell\7\;C:\Users\TOSHIBA\AppData\Local\Programs\Python\Python310\Scripts\;C:\Users\TOSHIBA\AppData\Local\Programs\Python\Python310\;C:\Users\TOSHIBA\AppData\Local\Microsoft\WindowsApps;C:\Program Files\JetBrains\IntelliJ IDEA Community Edition 2022.1\bin;C:\Users\TOSHIBA\AppData\Local\Programs\Microsoft VS Code\bin;C:\Users\TOSHIBA\Downloads\sonarqube-9.9.0.65466\bin;C:\Users\TOSHIBA\AppData\Local\JetBrains\Toolbox\scripts;C:\Users\TOSHIBA\AppData\Roaming\nvm;C:\Program Files\nodejs
USERNAME=TOSHIBA
OS=Windows_NT
PROCESSOR_IDENTIFIER=Intel64 Family 6 Model 78 Stepping 3, GenuineIntel



---------------  S Y S T E M  ---------------

OS:
 Windows 10 , 64 bit Build 19041 (10.0.19041.3155)
OS uptime: 4 days 1:54 hours
Hyper-V role detected

CPU: total 4 (initial active 4) (2 cores per cpu, 2 threads per core) family 6 model 78 stepping 3 microcode 0xcc, cx8, cmov, fxsr, ht, mmx, 3dnowpref, sse, sse2, sse3, ssse3, sse4.1, sse4.2, popcnt, lzcnt, tsc, tscinvbit, avx, avx2, aes, erms, clmul, bmi1, bmi2, adx, fma, vzeroupper, clflush, clflushopt, hv

Memory: 4k page, system-wide physical 8113M (570M free)
TotalPageFile size 13246M (AvailPageFile size 6M)
current process WorkingSet (physical memory assigned to process): 171M, peak: 173M
current process commit charge ("private bytes"): 270M, peak: 272M

vm_info: Java HotSpot(TM) 64-Bit Server VM (17.0.3+8-LTS-111) for windows-amd64 JRE (17.0.3+8-LTS-111), built on Mar  9 2022 22:40:21 by "mach5one" with MS VC++ 16.8 / 16.9 (VS2019)

END.
