#
# There is insufficient memory for the Java Runtime Environment to continue.
# Native memory allocation (malloc) failed to allocate 32744 bytes for ChunkPool::allocate
# Possible reasons:
#   The system is out of physical RAM or swap space
#   The process is running with CompressedOops enabled, and the Java Heap may be blocking the growth of the native heap
# Possible solutions:
#   Reduce memory load on the system
#   Increase physical memory or swap space
#   Check if swap backing store is full
#   Decrease Java heap size (-Xmx/-Xms)
#   Decrease number of Java threads
#   Decrease Java thread stack sizes (-Xss)
#   Set larger code cache with -XX:ReservedCodeCacheSize=
#   JVM is running with Unscaled Compressed Oops mode in which the Java heap is
#     placed in the first 4GB address space. The Java Heap base address is the
#     maximum limit for the native heap growth. Please use -XX:HeapBaseMinAddress
#     to set the Java Heap base and to place the Java Heap above 4GB virtual address.
# This output file may be truncated or incomplete.
#
#  Out of Memory Error (arena.cpp:78), pid=7472, tid=5252
#
# JRE version: Java(TM) SE Runtime Environment (17.0.3+8) (build 17.0.3+8-LTS-111)
# Java VM: Java HotSpot(TM) 64-Bit Server VM (17.0.3+8-LTS-111, mixed mode, sharing, tiered, compressed oops, compressed class ptrs, g1 gc, windows-amd64)
# No core dump will be written. Minidumps are not enabled by default on client versions of Windows
#

---------------  S U M M A R Y ------------

Command Line: -agentlib:jdwp=transport=dt_socket,server=n,suspend=y,address=127.0.0.1:10389 -Dfile.encoding=windows-1252 -Duser.country=FR -Duser.language=fr -Duser.variant com.example.Prog4.Prog4Application

Host: Intel(R) Core(TM) i5-6200U CPU @ 2.30GHz, 4 cores, 7G,  Windows 10 , 64 bit Build 19041 (10.0.19041.3155)
Time: Sun Aug 27 15:03:11 2023 Afrique de l, 64 bit Build 19041 (10.0.19041.3155) elapsed time: 18.713732 seconds (0d 0h 0m 18s)

---------------  T H R E A D  ---------------

Current thread (0x00000171b605b5a0):  JavaThread "C2 CompilerThread1" daemon [_thread_in_native, id=5252, stack(0x0000001308300000,0x0000001308400000)]


Current CompileTask:
C2:  18714 5449       4       org.springframework.core.annotation.TypeMappedAnnotations$MergedAnnotationFinder::doWithAnnotations (75 bytes)

Stack: [0x0000001308300000,0x0000001308400000]
Native frames: (J=compiled Java code, j=interpreted, Vv=VM code, C=native code)
V  [jvm.dll+0x6711ba]
V  [jvm.dll+0x7d0834]
V  [jvm.dll+0x7d1fde]
V  [jvm.dll+0x7d2643]
V  [jvm.dll+0x242c85]
V  [jvm.dll+0xaa7c0]
V  [jvm.dll+0xaab0c]
V  [jvm.dll+0x365132]
V  [jvm.dll+0x55b408]
V  [jvm.dll+0x32a5b0]
V  [jvm.dll+0x329a2a]
V  [jvm.dll+0x215d61]
V  [jvm.dll+0x215181]
V  [jvm.dll+0x1a1c3d]
V  [jvm.dll+0x2249c8]
V  [jvm.dll+0x222b2c]
V  [jvm.dll+0x78650b]
V  [jvm.dll+0x780aca]
V  [jvm.dll+0x670045]
C  [ucrtbase.dll+0x21bb2]
C  [KERNEL32.DLL+0x17614]
C  [ntdll.dll+0x526b1]


---------------  P R O C E S S  ---------------

Threads class SMR info:
_java_thread_list=0x00000171b68daff0, length=23, elements={
0x00000171935f76e0, 0x00000171b0e770b0, 0x00000171b0e77f20, 0x00000171b0e90630,
0x00000171b0e911e0, 0x00000171b0e99100, 0x00000171b0e96730, 0x00000171b0ebbd10,
0x00000171b0ebc7b0, 0x00000171b0ecf970, 0x00000171b1a215b0, 0x00000171b1a41d10,
0x00000171b1a44210, 0x00000171b1a49f20, 0x00000171b1a63df0, 0x00000171b25e3d60,
0x00000171b2457e60, 0x00000171b44223d0, 0x00000171b6223510, 0x00000171b42c1a40,
0x00000171b42c3250, 0x00000171b42c2d80, 0x00000171b605b5a0
}

Java Threads: ( => current thread )
  0x00000171935f76e0 JavaThread "main" [_thread_blocked, id=9892, stack(0x0000001306d00000,0x0000001306e00000)]
  0x00000171b0e770b0 JavaThread "Reference Handler" daemon [_thread_blocked, id=1552, stack(0x0000001307400000,0x0000001307500000)]
  0x00000171b0e77f20 JavaThread "Finalizer" daemon [_thread_blocked, id=8956, stack(0x0000001307500000,0x0000001307600000)]
  0x00000171b0e90630 JavaThread "Signal Dispatcher" daemon [_thread_blocked, id=12220, stack(0x0000001307600000,0x0000001307700000)]
  0x00000171b0e911e0 JavaThread "Attach Listener" daemon [_thread_blocked, id=660, stack(0x0000001307700000,0x0000001307800000)]
  0x00000171b0e99100 JavaThread "Service Thread" daemon [_thread_blocked, id=14076, stack(0x0000001307800000,0x0000001307900000)]
  0x00000171b0e96730 JavaThread "Monitor Deflation Thread" daemon [_thread_blocked, id=2600, stack(0x0000001307900000,0x0000001307a00000)]
  0x00000171b0ebbd10 JavaThread "C2 CompilerThread0" daemon [_thread_in_native, id=6268, stack(0x0000001307a00000,0x0000001307b00000)]
  0x00000171b0ebc7b0 JavaThread "C1 CompilerThread0" daemon [_thread_blocked, id=1860, stack(0x0000001307b00000,0x0000001307c00000)]
  0x00000171b0ecf970 JavaThread "Sweeper thread" daemon [_thread_blocked, id=6892, stack(0x0000001307c00000,0x0000001307d00000)]
  0x00000171b1a215b0 JavaThread "JDWP Transport Listener: dt_socket" daemon [_thread_blocked, id=13596, stack(0x0000001307d00000,0x0000001307e00000)]
  0x00000171b1a41d10 JavaThread "JDWP Event Helper Thread" daemon [_thread_blocked, id=14216, stack(0x0000001307e00000,0x0000001307f00000)]
  0x00000171b1a44210 JavaThread "JDWP Command Reader" daemon [_thread_in_native, id=7496, stack(0x0000001307f00000,0x0000001308000000)]
  0x00000171b1a49f20 JavaThread "Notification Thread" daemon [_thread_blocked, id=14224, stack(0x0000001308000000,0x0000001308100000)]
  0x00000171b1a63df0 JavaThread "Common-Cleaner" daemon [_thread_blocked, id=7908, stack(0x0000001308200000,0x0000001308300000)]
  0x00000171b25e3d60 JavaThread "Thread-0" [_thread_blocked, id=14472, stack(0x0000001308700000,0x0000001308800000)]
  0x00000171b2457e60 JavaThread "restartedMain" [_thread_in_Java, id=13240, stack(0x0000001308800000,0x0000001308900000)]
  0x00000171b44223d0 JavaThread "Catalina-utility-1" [_thread_blocked, id=2660, stack(0x0000001308900000,0x0000001308a00000)]
  0x00000171b6223510 JavaThread "Catalina-utility-2" [_thread_blocked, id=4688, stack(0x0000001308a00000,0x0000001308b00000)]
  0x00000171b42c1a40 JavaThread "container-0" [_thread_blocked, id=1252, stack(0x0000001308b00000,0x0000001308c00000)]
  0x00000171b42c3250 JavaThread "PostgreSQL-JDBC-Cleaner" daemon [_thread_blocked, id=10704, stack(0x0000001308d00000,0x0000001308e00000)]
  0x00000171b42c2d80 JavaThread "HikariPool-1 housekeeper" daemon [_thread_blocked, id=10172, stack(0x0000001308e00000,0x0000001308f00000)]
=>0x00000171b605b5a0 JavaThread "C2 CompilerThread1" daemon [_thread_in_native, id=5252, stack(0x0000001308300000,0x0000001308400000)]

Other Threads:
  0x00000171b0e71910 VMThread "VM Thread" [stack: 0x0000001307300000,0x0000001307400000] [id=12096]
  0x00000171b1a4a7f0 WatcherThread [stack: 0x0000001308100000,0x0000001308200000] [id=13104]
  0x000001719364f550 GCTaskThread "GC Thread#0" [stack: 0x0000001306e00000,0x0000001306f00000] [id=12600]
  0x00000171b24a7050 GCTaskThread "GC Thread#1" [stack: 0x0000001308400000,0x0000001308500000] [id=2436]
  0x00000171b24a7300 GCTaskThread "GC Thread#2" [stack: 0x0000001308500000,0x0000001308600000] [id=6212]
  0x00000171b25067a0 GCTaskThread "GC Thread#3" [stack: 0x0000001308600000,0x0000001308700000] [id=13524]
  0x0000017193660250 ConcurrentGCThread "G1 Main Marker" [stack: 0x0000001306f00000,0x0000001307000000] [id=3112]
  0x0000017193660c60 ConcurrentGCThread "G1 Conc#0" [stack: 0x0000001307000000,0x0000001307100000] [id=2888]
  0x00000171b0d300a0 ConcurrentGCThread "G1 Refine#0" [stack: 0x0000001307100000,0x0000001307200000] [id=14252]
  0x00000171b0d31ad0 ConcurrentGCThread "G1 Service" [stack: 0x0000001307200000,0x0000001307300000] [id=11308]

Threads with active compile tasks:
C2 CompilerThread0    18808 5384       4       org.springframework.core.annotation.TypeMappedAnnotations::get (52 bytes)
C1 CompilerThread0    18808 5704       2       org.springframework.beans.factory.annotation.InjectionMetadata::checkConfigMembers (115 bytes)
C2 CompilerThread1    18808 5449       4       org.springframework.core.annotation.TypeMappedAnnotations$MergedAnnotationFinder::doWithAnnotations (75 bytes)

VM state: not at safepoint (normal execution)

VM Mutex/Monitor currently owned by a thread: None

Heap address: 0x0000000081200000, size: 2030 MB, Compressed Oops mode: 32-bit

CDS archive(s) mapped at: [0x0000000800000000-0x0000000800bc0000-0x0000000800bc0000), size 12320768, SharedBaseAddress: 0x0000000800000000, ArchiveRelocationMode: 0.
Compressed class space mapped at: 0x0000000800c00000-0x0000000840c00000, reserved size: 1073741824
Narrow klass base: 0x0000000800000000, Narrow klass shift: 0, Narrow klass range: 0x100000000

GC Precious Log:
 CPUs: 4 total, 4 available
 Memory: 8113M
 Large Page Support: Disabled
 NUMA Support: Disabled
 Compressed Oops: Enabled (32-bit)
 Heap Region Size: 1M
 Heap Min Capacity: 8M
 Heap Initial Capacity: 128M
 Heap Max Capacity: 2030M
 Pre-touch: Disabled
 Parallel Workers: 4
 Concurrent Workers: 1
 Concurrent Refinement Workers: 4
 Periodic GC: Disabled

Heap:
 garbage-first heap   total 65536K, used 45909K [0x0000000081200000, 0x0000000100000000)
  region size 1024K, 23 young (23552K), 4 survivors (4096K)
 Metaspace       used 58157K, committed 58688K, reserved 1105920K
  class space    used 7812K, committed 8064K, reserved 1048576K

Heap Regions: E=young(eden), S=young(survivor), O=old, HS=humongous(starts), HC=humongous(continues), CS=collection set, F=free, OA=open archive, CA=closed archive, TAMS=top-at-mark-start (previous, next)
|   0|0x0000000081200000, 0x0000000081300000, 0x0000000081300000|100%|HS|  |TAMS 0x0000000081300000, 0x0000000081200000| Complete 
|   1|0x0000000081300000, 0x0000000081400000, 0x0000000081400000|100%| O|  |TAMS 0x0000000081400000, 0x0000000081300000| Untracked 
|   2|0x0000000081400000, 0x0000000081500000, 0x0000000081500000|100%| O|  |TAMS 0x0000000081500000, 0x0000000081400000| Untracked 
|   3|0x0000000081500000, 0x0000000081600000, 0x0000000081600000|100%| O|  |TAMS 0x0000000081600000, 0x0000000081500000| Untracked 
|   4|0x0000000081600000, 0x0000000081700000, 0x0000000081700000|100%| O|  |TAMS 0x0000000081700000, 0x0000000081600000| Untracked 
|   5|0x0000000081700000, 0x0000000081800000, 0x0000000081800000|100%| O|  |TAMS 0x0000000081800000, 0x0000000081700000| Untracked 
|   6|0x0000000081800000, 0x00000000818baa00, 0x0000000081900000| 72%| O|  |TAMS 0x00000000818baa00, 0x0000000081800000| Untracked 
|   7|0x0000000081900000, 0x0000000081a00000, 0x0000000081a00000|100%| O|  |TAMS 0x0000000081a00000, 0x0000000081900000| Untracked 
|   8|0x0000000081a00000, 0x0000000081b00000, 0x0000000081b00000|100%| O|  |TAMS 0x0000000081b00000, 0x0000000081a00000| Untracked 
|   9|0x0000000081b00000, 0x0000000081c00000, 0x0000000081c00000|100%| O|  |TAMS 0x0000000081c00000, 0x0000000081b00000| Untracked 
|  10|0x0000000081c00000, 0x0000000081d00000, 0x0000000081d00000|100%| O|  |TAMS 0x0000000081d00000, 0x0000000081c00000| Untracked 
|  11|0x0000000081d00000, 0x0000000081e00000, 0x0000000081e00000|100%| O|  |TAMS 0x0000000081e00000, 0x0000000081d00000| Untracked 
|  12|0x0000000081e00000, 0x0000000081f00000, 0x0000000081f00000|100%| O|  |TAMS 0x0000000081e00000, 0x0000000081e00000| Untracked 
|  13|0x0000000081f00000, 0x0000000082000000, 0x0000000082000000|100%| O|  |TAMS 0x0000000081f00000, 0x0000000081f00000| Untracked 
|  14|0x0000000082000000, 0x0000000082100000, 0x0000000082100000|100%| O|  |TAMS 0x0000000082000000, 0x0000000082000000| Untracked 
|  15|0x0000000082100000, 0x0000000082200000, 0x0000000082200000|100%| O|  |TAMS 0x0000000082200000, 0x0000000082100000| Untracked 
|  16|0x0000000082200000, 0x0000000082300000, 0x0000000082300000|100%| O|  |TAMS 0x0000000082300000, 0x0000000082200000| Untracked 
|  17|0x0000000082300000, 0x0000000082400000, 0x0000000082400000|100%| O|  |TAMS 0x0000000082400000, 0x0000000082300000| Untracked 
|  18|0x0000000082400000, 0x0000000082500000, 0x0000000082500000|100%| O|  |TAMS 0x0000000082500000, 0x0000000082400000| Untracked 
|  19|0x0000000082500000, 0x0000000082600000, 0x0000000082600000|100%| O|  |TAMS 0x0000000082600000, 0x0000000082500000| Untracked 
|  20|0x0000000082600000, 0x0000000082700000, 0x0000000082700000|100%| O|  |TAMS 0x0000000082700000, 0x0000000082600000| Untracked 
|  21|0x0000000082700000, 0x0000000082800000, 0x0000000082800000|100%| O|  |TAMS 0x0000000082800000, 0x0000000082700000| Untracked 
|  22|0x0000000082800000, 0x0000000082900000, 0x0000000082900000|100%| O|  |TAMS 0x0000000082900000, 0x0000000082800000| Untracked 
|  23|0x0000000082900000, 0x00000000829dc200, 0x0000000082a00000| 85%| O|  |TAMS 0x0000000082900000, 0x0000000082900000| Untracked 
|  24|0x0000000082a00000, 0x0000000082a00000, 0x0000000082b00000|  0%| F|  |TAMS 0x0000000082a00000, 0x0000000082a00000| Untracked 
|  25|0x0000000082b00000, 0x0000000082b00000, 0x0000000082c00000|  0%| F|  |TAMS 0x0000000082b00000, 0x0000000082b00000| Untracked 
|  26|0x0000000082c00000, 0x0000000082c00000, 0x0000000082d00000|  0%| F|  |TAMS 0x0000000082c00000, 0x0000000082c00000| Untracked 
|  27|0x0000000082d00000, 0x0000000082d00000, 0x0000000082e00000|  0%| F|  |TAMS 0x0000000082d00000, 0x0000000082d00000| Untracked 
|  28|0x0000000082e00000, 0x0000000082e00000, 0x0000000082f00000|  0%| F|  |TAMS 0x0000000082e00000, 0x0000000082e00000| Untracked 
|  29|0x0000000082f00000, 0x0000000082f00000, 0x0000000083000000|  0%| F|  |TAMS 0x0000000082f00000, 0x0000000082f00000| Untracked 
|  30|0x0000000083000000, 0x0000000083000000, 0x0000000083100000|  0%| F|  |TAMS 0x0000000083000000, 0x0000000083000000| Untracked 
|  31|0x0000000083100000, 0x0000000083100000, 0x0000000083200000|  0%| F|  |TAMS 0x0000000083100000, 0x0000000083100000| Untracked 
|  32|0x0000000083200000, 0x0000000083200000, 0x0000000083300000|  0%| F|  |TAMS 0x0000000083200000, 0x0000000083200000| Untracked 
|  33|0x0000000083300000, 0x000000008333eaa8, 0x0000000083400000| 24%| S|CS|TAMS 0x0000000083300000, 0x0000000083300000| Complete 
|  34|0x0000000083400000, 0x0000000083400000, 0x0000000083500000|  0%| F|  |TAMS 0x0000000083400000, 0x0000000083400000| Untracked 
|  35|0x0000000083500000, 0x0000000083500000, 0x0000000083600000|  0%| F|  |TAMS 0x0000000083500000, 0x0000000083500000| Untracked 
|  36|0x0000000083600000, 0x0000000083700000, 0x0000000083700000|100%| S|CS|TAMS 0x0000000083600000, 0x0000000083600000| Complete 
|  37|0x0000000083700000, 0x0000000083800000, 0x0000000083800000|100%| S|CS|TAMS 0x0000000083700000, 0x0000000083700000| Complete 
|  38|0x0000000083800000, 0x0000000083900000, 0x0000000083900000|100%| S|CS|TAMS 0x0000000083800000, 0x0000000083800000| Complete 
|  39|0x0000000083900000, 0x0000000083900000, 0x0000000083a00000|  0%| F|  |TAMS 0x0000000083900000, 0x0000000083900000| Untracked 
|  40|0x0000000083a00000, 0x0000000083a00000, 0x0000000083b00000|  0%| F|  |TAMS 0x0000000083a00000, 0x0000000083a00000| Untracked 
|  41|0x0000000083b00000, 0x0000000083b00000, 0x0000000083c00000|  0%| F|  |TAMS 0x0000000083b00000, 0x0000000083b00000| Untracked 
|  42|0x0000000083c00000, 0x0000000083c00000, 0x0000000083d00000|  0%| F|  |TAMS 0x0000000083c00000, 0x0000000083c00000| Untracked 
|  43|0x0000000083d00000, 0x0000000083d00000, 0x0000000083e00000|  0%| F|  |TAMS 0x0000000083d00000, 0x0000000083d00000| Untracked 
|  44|0x0000000083e00000, 0x0000000083e00000, 0x0000000083f00000|  0%| F|  |TAMS 0x0000000083e00000, 0x0000000083e00000| Untracked 
|  45|0x0000000083f00000, 0x0000000083fef6a0, 0x0000000084000000| 93%| E|  |TAMS 0x0000000083f00000, 0x0000000083f00000| Complete 
|  46|0x0000000084000000, 0x0000000084100000, 0x0000000084100000|100%| E|CS|TAMS 0x0000000084000000, 0x0000000084000000| Complete 
|  47|0x0000000084100000, 0x0000000084200000, 0x0000000084200000|100%| E|CS|TAMS 0x0000000084100000, 0x0000000084100000| Complete 
|  48|0x0000000084200000, 0x0000000084300000, 0x0000000084300000|100%| E|CS|TAMS 0x0000000084200000, 0x0000000084200000| Complete 
|  49|0x0000000084300000, 0x0000000084400000, 0x0000000084400000|100%| E|CS|TAMS 0x0000000084300000, 0x0000000084300000| Complete 
|  50|0x0000000084400000, 0x0000000084500000, 0x0000000084500000|100%| E|CS|TAMS 0x0000000084400000, 0x0000000084400000| Complete 
|  51|0x0000000084500000, 0x0000000084600000, 0x0000000084600000|100%| E|CS|TAMS 0x0000000084500000, 0x0000000084500000| Complete 
|  52|0x0000000084600000, 0x0000000084700000, 0x0000000084700000|100%| E|CS|TAMS 0x0000000084600000, 0x0000000084600000| Complete 
|  53|0x0000000084700000, 0x0000000084800000, 0x0000000084800000|100%| E|CS|TAMS 0x0000000084700000, 0x0000000084700000| Complete 
|  54|0x0000000084800000, 0x0000000084900000, 0x0000000084900000|100%| E|CS|TAMS 0x0000000084800000, 0x0000000084800000| Complete 
|  55|0x0000000084900000, 0x0000000084a00000, 0x0000000084a00000|100%| E|CS|TAMS 0x0000000084900000, 0x0000000084900000| Complete 
|  56|0x0000000084a00000, 0x0000000084b00000, 0x0000000084b00000|100%| E|CS|TAMS 0x0000000084a00000, 0x0000000084a00000| Complete 
|  57|0x0000000084b00000, 0x0000000084c00000, 0x0000000084c00000|100%| E|CS|TAMS 0x0000000084b00000, 0x0000000084b00000| Complete 
|  58|0x0000000084c00000, 0x0000000084d00000, 0x0000000084d00000|100%| E|CS|TAMS 0x0000000084c00000, 0x0000000084c00000| Complete 
|  59|0x0000000084d00000, 0x0000000084e00000, 0x0000000084e00000|100%| E|CS|TAMS 0x0000000084d00000, 0x0000000084d00000| Complete 
|  60|0x0000000084e00000, 0x0000000084f00000, 0x0000000084f00000|100%| E|CS|TAMS 0x0000000084e00000, 0x0000000084e00000| Complete 
|  61|0x0000000084f00000, 0x0000000085000000, 0x0000000085000000|100%| E|CS|TAMS 0x0000000084f00000, 0x0000000084f00000| Complete 
|  62|0x0000000085000000, 0x0000000085100000, 0x0000000085100000|100%| E|CS|TAMS 0x0000000085000000, 0x0000000085000000| Complete 
| 127|0x0000000089100000, 0x0000000089200000, 0x0000000089200000|100%| E|CS|TAMS 0x0000000089100000, 0x0000000089100000| Complete 

Card table byte_map: [0x00000171aa260000,0x00000171aa660000] _byte_map_base: 0x00000171a9e57000

Marking Bits (Prev, Next): (CMBitMap*) 0x000001719364fb60, (CMBitMap*) 0x000001719364fba0
 Prev Bits: [0x00000171aaa60000, 0x00000171aca18000)
 Next Bits: [0x00000171aca20000, 0x00000171ae9d8000)

Polling page: 0x0000017191570000

Metaspace:

Usage:
  Non-class:     49.17 MB used.
      Class:      7.63 MB used.
       Both:     56.79 MB used.

Virtual space:
  Non-class space:       56.00 MB reserved,      49.44 MB ( 88%) committed,  7 nodes.
      Class space:        1.00 GB reserved,       7.88 MB ( <1%) committed,  1 nodes.
             Both:        1.05 GB reserved,      57.31 MB (  5%) committed. 

Chunk freelists:
   Non-Class:  2.02 MB
       Class:  13.00 KB
        Both:  2.03 MB

MaxMetaspaceSize: unlimited
CompressedClassSpaceSize: 1.00 GB
Initial GC threshold: 21.00 MB
Current GC threshold: 58.88 MB
CDS: on
MetaspaceReclaimPolicy: balanced
 - commit_granule_bytes: 65536.
 - commit_granule_words: 8192.
 - virtual_space_node_default_size: 1048576.
 - enlarge_chunks_in_place: 1.
 - new_chunks_are_fully_committed: 0.
 - uncommit_free_chunks: 1.
 - use_allocation_guard: 0.
 - handle_deallocations: 1.


Internal statistics:

num_allocs_failed_limit: 6.
num_arena_births: 648.
num_arena_deaths: 0.
num_vsnodes_births: 8.
num_vsnodes_deaths: 0.
num_space_committed: 917.
num_space_uncommitted: 0.
num_chunks_returned_to_freelist: 6.
num_chunks_taken_from_freelist: 2700.
num_chunk_merges: 6.
num_chunk_splits: 1992.
num_chunks_enlarged: 1589.
num_purges: 0.
num_inconsistent_stats: 0.

CodeHeap 'non-profiled nmethods': size=120000Kb used=3047Kb max_used=3047Kb free=116952Kb
 bounds [0x00000171a2930000, 0x00000171a2c30000, 0x00000171a9e60000]
CodeHeap 'profiled nmethods': size=120000Kb used=9483Kb max_used=9937Kb free=110517Kb
 bounds [0x000001719b400000, 0x000001719bdc0000, 0x00000171a2930000]
CodeHeap 'non-nmethods': size=5760Kb used=1388Kb max_used=1422Kb free=4371Kb
 bounds [0x000001719ae60000, 0x000001719b0d0000, 0x000001719b400000]
 total_blobs=5570 nmethods=4923 adapters=559
 compilation: enabled
              stopped_count=0, restarted_count=0
 full_count=0

Compilation events (20 events):
Event: 18.697 Thread 0x00000171b0ebc7b0 5675       1       org.springframework.data.mapping.model.Property::getType (5 bytes)
Event: 18.697 Thread 0x00000171b0ebc7b0 nmethod 5675 0x00000171a2c28c90 code [0x00000171a2c28e20, 0x00000171a2c28ef8]
Event: 18.699 Thread 0x00000171b0ebc7b0 5676   !   2       jdk.proxy2.$Proxy89::annotationType (29 bytes)
Event: 18.699 Thread 0x00000171b0ebc7b0 nmethod 5676 0x000001719b5b7390 code [0x000001719b5b7560, 0x000001719b5b7838]
Event: 18.700 Thread 0x00000171b0ebc7b0 5677       2       org.springframework.data.mapping.model.AnnotationBasedPersistentProperty$$Lambda$1204/0x00000008013c7230::apply (12 bytes)
Event: 18.701 Thread 0x00000171b0ebc7b0 nmethod 5677 0x000001719b5b6a90 code [0x000001719b5b6c80, 0x000001719b5b7048]
Event: 18.701 Thread 0x00000171b0ebc7b0 5678       2       org.springframework.data.mapping.model.AnnotationBasedPersistentProperty::lambda$doFindAnnotation$12 (31 bytes)
Event: 18.703 Thread 0x00000171b0ebc7b0 nmethod 5678 0x000001719b5b6210 code [0x000001719b5b6400, 0x000001719b5b6768]
Event: 18.703 Thread 0x00000171b0ebc7b0 5679       2       org.springframework.data.mapping.model.AnnotationBasedPersistentProperty::getAccessors (38 bytes)
Event: 18.705 Thread 0x00000171b0ebc7b0 nmethod 5679 0x000001719b9b9710 code [0x000001719b9b9940, 0x000001719b9ba2b8]
Event: 18.705 Thread 0x00000171b0ebc7b0 5680       2       org.springframework.data.mapping.model.AnnotationBasedPersistentProperty$$Lambda$1205/0x00000008013c7470::<init> (10 bytes)
Event: 18.706 Thread 0x00000171b0ebc7b0 nmethod 5680 0x000001719b5b5e90 code [0x000001719b5b6020, 0x000001719b5b6178]
Event: 18.706 Thread 0x00000171b0ebc7b0 5682       1       org.hibernate.metamodel.model.domain.internal.SingularAttributeImpl::isId (5 bytes)
Event: 18.706 Thread 0x00000171b0ebc7b0 nmethod 5682 0x00000171a2c28f90 code [0x00000171a2c29120, 0x00000171a2c291f8]
Event: 18.706 Thread 0x00000171b0ebc7b0 5681       1       org.hibernate.metamodel.model.domain.AbstractDomainType::getExpressibleJavaType (5 bytes)
Event: 18.706 Thread 0x00000171b0ebc7b0 nmethod 5681 0x00000171a2c29290 code [0x00000171a2c29420, 0x00000171a2c294f8]
Event: 18.706 Thread 0x00000171b0ebc7b0 5683       1       org.springframework.data.mapping.model.AbstractPersistentProperty::getName (5 bytes)
Event: 18.706 Thread 0x00000171b0ebc7b0 nmethod 5683 0x00000171a2c29590 code [0x00000171a2c29720, 0x00000171a2c297f8]
Event: 18.707 Thread 0x00000171b0ebc7b0 5684       2       org.springframework.data.mapping.model.AnnotationBasedPersistentProperty::isAnnotationPresent (9 bytes)
Event: 18.707 Thread 0x00000171b0ebc7b0 nmethod 5684 0x000001719b9b9310 code [0x000001719b9b94a0, 0x000001719b9b95e8]

GC Heap History (20 events):
Event: 8.676 GC heap before
{Heap before GC invocations=5 (full 0):
 garbage-first heap   total 51200K, used 41441K [0x0000000081200000, 0x0000000100000000)
  region size 1024K, 35 young (35840K), 7 survivors (7168K)
 Metaspace       used 27460K, committed 27776K, reserved 1073152K
  class space    used 3434K, committed 3584K, reserved 1048576K
}
Event: 8.697 GC heap after
{Heap after GC invocations=6 (full 0):
 garbage-first heap   total 54272K, used 17118K [0x0000000081200000, 0x0000000100000000)
  region size 1024K, 9 young (9216K), 9 survivors (9216K)
 Metaspace       used 27460K, committed 27776K, reserved 1073152K
  class space    used 3434K, committed 3584K, reserved 1048576K
}
Event: 9.175 GC heap before
{Heap before GC invocations=6 (full 0):
 garbage-first heap   total 54272K, used 35550K [0x0000000081200000, 0x0000000100000000)
  region size 1024K, 28 young (28672K), 9 survivors (9216K)
 Metaspace       used 28584K, committed 28928K, reserved 1081344K
  class space    used 3545K, committed 3712K, reserved 1048576K
}
Event: 9.201 GC heap after
{Heap after GC invocations=7 (full 0):
 garbage-first heap   total 54272K, used 20178K [0x0000000081200000, 0x0000000100000000)
  region size 1024K, 4 young (4096K), 4 survivors (4096K)
 Metaspace       used 28584K, committed 28928K, reserved 1081344K
  class space    used 3545K, committed 3712K, reserved 1048576K
}
Event: 10.133 GC heap before
{Heap before GC invocations=7 (full 0):
 garbage-first heap   total 54272K, used 37586K [0x0000000081200000, 0x0000000100000000)
  region size 1024K, 21 young (21504K), 4 survivors (4096K)
 Metaspace       used 30915K, committed 31360K, reserved 1081344K
  class space    used 3880K, committed 4096K, reserved 1048576K
}
Event: 10.142 GC heap after
{Heap after GC invocations=8 (full 0):
 garbage-first heap   total 54272K, used 21421K [0x0000000081200000, 0x0000000100000000)
  region size 1024K, 2 young (2048K), 2 survivors (2048K)
 Metaspace       used 30915K, committed 31360K, reserved 1081344K
  class space    used 3880K, committed 4096K, reserved 1048576K
}
Event: 11.991 GC heap before
{Heap before GC invocations=8 (full 0):
 garbage-first heap   total 54272K, used 37805K [0x0000000081200000, 0x0000000100000000)
  region size 1024K, 19 young (19456K), 2 survivors (2048K)
 Metaspace       used 35437K, committed 35904K, reserved 1081344K
  class space    used 4412K, committed 4608K, reserved 1048576K
}
Event: 11.999 GC heap after
{Heap after GC invocations=9 (full 0):
 garbage-first heap   total 54272K, used 22250K [0x0000000081200000, 0x0000000100000000)
  region size 1024K, 2 young (2048K), 2 survivors (2048K)
 Metaspace       used 35437K, committed 35904K, reserved 1081344K
  class space    used 4412K, committed 4608K, reserved 1048576K
}
Event: 12.051 GC heap before
{Heap before GC invocations=9 (full 0):
 garbage-first heap   total 54272K, used 22250K [0x0000000081200000, 0x0000000100000000)
  region size 1024K, 3 young (3072K), 2 survivors (2048K)
 Metaspace       used 35574K, committed 35968K, reserved 1081344K
  class space    used 4425K, committed 4608K, reserved 1048576K
}
Event: 12.055 GC heap after
{Heap after GC invocations=10 (full 0):
 garbage-first heap   total 54272K, used 22439K [0x0000000081200000, 0x0000000100000000)
  region size 1024K, 2 young (2048K), 2 survivors (2048K)
 Metaspace       used 35574K, committed 35968K, reserved 1081344K
  class space    used 4425K, committed 4608K, reserved 1048576K
}
Event: 13.318 GC heap before
{Heap before GC invocations=11 (full 0):
 garbage-first heap   total 54272K, used 39847K [0x0000000081200000, 0x0000000100000000)
  region size 1024K, 19 young (19456K), 2 survivors (2048K)
 Metaspace       used 39095K, committed 39488K, reserved 1089536K
  class space    used 4993K, committed 5184K, reserved 1048576K
}
Event: 13.326 GC heap after
{Heap after GC invocations=12 (full 0):
 garbage-first heap   total 54272K, used 23167K [0x0000000081200000, 0x0000000100000000)
  region size 1024K, 3 young (3072K), 3 survivors (3072K)
 Metaspace       used 39095K, committed 39488K, reserved 1089536K
  class space    used 4993K, committed 5184K, reserved 1048576K
}
Event: 14.377 GC heap before
{Heap before GC invocations=12 (full 0):
 garbage-first heap   total 54272K, used 39551K [0x0000000081200000, 0x0000000100000000)
  region size 1024K, 20 young (20480K), 3 survivors (3072K)
 Metaspace       used 43176K, committed 43584K, reserved 1089536K
  class space    used 5593K, committed 5824K, reserved 1048576K
}
Event: 14.386 GC heap after
{Heap after GC invocations=13 (full 0):
 garbage-first heap   total 54272K, used 24234K [0x0000000081200000, 0x0000000100000000)
  region size 1024K, 2 young (2048K), 2 survivors (2048K)
 Metaspace       used 43176K, committed 43584K, reserved 1089536K
  class space    used 5593K, committed 5824K, reserved 1048576K
}
Event: 15.562 GC heap before
{Heap before GC invocations=13 (full 0):
 garbage-first heap   total 54272K, used 42666K [0x0000000081200000, 0x0000000100000000)
  region size 1024K, 20 young (20480K), 2 survivors (2048K)
 Metaspace       used 48833K, committed 49280K, reserved 1097728K
  class space    used 6398K, committed 6592K, reserved 1048576K
}
Event: 15.569 GC heap after
{Heap after GC invocations=14 (full 0):
 garbage-first heap   total 54272K, used 25161K [0x0000000081200000, 0x0000000100000000)
  region size 1024K, 2 young (2048K), 2 survivors (2048K)
 Metaspace       used 48833K, committed 49280K, reserved 1097728K
  class space    used 6398K, committed 6592K, reserved 1048576K
}
Event: 16.555 GC heap before
{Heap before GC invocations=14 (full 0):
 garbage-first heap   total 54272K, used 42569K [0x0000000081200000, 0x0000000100000000)
  region size 1024K, 19 young (19456K), 2 survivors (2048K)
 Metaspace       used 51638K, committed 52096K, reserved 1097728K
  class space    used 6905K, committed 7104K, reserved 1048576K
}
Event: 16.565 GC heap after
{Heap after GC invocations=15 (full 0):
 garbage-first heap   total 65536K, used 25710K [0x0000000081200000, 0x0000000100000000)
  region size 1024K, 2 young (2048K), 2 survivors (2048K)
 Metaspace       used 51638K, committed 52096K, reserved 1097728K
  class space    used 6905K, committed 7104K, reserved 1048576K
}
Event: 18.024 GC heap before
{Heap before GC invocations=15 (full 0):
 garbage-first heap   total 65536K, used 51310K [0x0000000081200000, 0x0000000100000000)
  region size 1024K, 27 young (27648K), 2 survivors (2048K)
 Metaspace       used 56730K, committed 57216K, reserved 1105920K
  class space    used 7611K, committed 7808K, reserved 1048576K
}
Event: 18.033 GC heap after
{Heap after GC invocations=16 (full 0):
 garbage-first heap   total 65536K, used 27477K [0x0000000081200000, 0x0000000100000000)
  region size 1024K, 4 young (4096K), 4 survivors (4096K)
 Metaspace       used 56730K, committed 57216K, reserved 1105920K
  class space    used 7611K, committed 7808K, reserved 1048576K
}

Deoptimization events (20 events):
Event: 18.637 Thread 0x00000171b2457e60 DEOPT PACKING pc=0x000001719b86a74c sp=0x00000013088f9250
Event: 18.637 Thread 0x00000171b2457e60 DEOPT UNPACKING pc=0x000001719aeb2b43 sp=0x00000013088f87f0 mode 1
Event: 18.637 Thread 0x00000171b2457e60 DEOPT PACKING pc=0x000001719b86729c sp=0x00000013088f93b0
Event: 18.637 Thread 0x00000171b2457e60 DEOPT UNPACKING pc=0x000001719aeb2b43 sp=0x00000013088f8970 mode 1
Event: 18.637 Thread 0x00000171b2457e60 DEOPT PACKING pc=0x00000171a2bc3bc8 sp=0x00000013088f8a90
Event: 18.637 Thread 0x00000171b2457e60 DEOPT UNPACKING pc=0x000001719aeb2b43 sp=0x00000013088f7f28 mode 1
Event: 18.637 Thread 0x00000171b2457e60 DEOPT PACKING pc=0x00000171a29b9d58 sp=0x00000013088f9450
Event: 18.637 Thread 0x00000171b2457e60 DEOPT UNPACKING pc=0x000001719aeb2b43 sp=0x00000013088f88e0 mode 1
Event: 18.637 Thread 0x00000171b2457e60 DEOPT PACKING pc=0x00000171a2bc3bc8 sp=0x00000013088f9560
Event: 18.637 Thread 0x00000171b2457e60 DEOPT UNPACKING pc=0x000001719aeb2b43 sp=0x00000013088f89f8 mode 1
Event: 18.637 Thread 0x00000171b2457e60 DEOPT PACKING pc=0x00000171a29b9d58 sp=0x00000013088f9f20
Event: 18.637 Thread 0x00000171b2457e60 DEOPT UNPACKING pc=0x000001719aeb2b43 sp=0x00000013088f93b0 mode 1
Event: 18.668 Thread 0x00000171b2457e60 DEOPT PACKING pc=0x000001719ba02bdc sp=0x00000013088fad40
Event: 18.668 Thread 0x00000171b2457e60 DEOPT UNPACKING pc=0x000001719aeb2b43 sp=0x00000013088fa2a8 mode 1
Event: 18.668 Thread 0x00000171b2457e60 DEOPT PACKING pc=0x000001719ba02bdc sp=0x00000013088fad40
Event: 18.668 Thread 0x00000171b2457e60 DEOPT UNPACKING pc=0x000001719aeb2b43 sp=0x00000013088fa2a8 mode 1
Event: 18.679 Thread 0x00000171b2457e60 DEOPT PACKING pc=0x000001719ba02bdc sp=0x00000013088fc570
Event: 18.679 Thread 0x00000171b2457e60 DEOPT UNPACKING pc=0x000001719aeb2b43 sp=0x00000013088fbad8 mode 1
Event: 18.679 Thread 0x00000171b2457e60 DEOPT PACKING pc=0x000001719ba02bdc sp=0x00000013088fc570
Event: 18.679 Thread 0x00000171b2457e60 DEOPT UNPACKING pc=0x000001719aeb2b43 sp=0x00000013088fbad8 mode 1

Classes unloaded (0 events):
No events

Classes redefined (0 events):
No events

Internal exceptions (20 events):
Event: 16.919 Thread 0x00000171b2457e60 Exception <a 'java/lang/NoSuchMethodError'{0x0000000084b76470}: 'int java.lang.invoke.DirectMethodHandle$Holder.invokeStatic(java.lang.Object, int, java.lang.Object)'> (0x0000000084b76470) 
thrown [t:\workspace\open\src\hotspot\share\interpreter\linkResolver.cpp, line 766]
Event: 16.926 Thread 0x00000171b2457e60 Exception <a 'java/lang/NoSuchMethodError'{0x0000000084b948a0}: 'java.lang.Object java.lang.invoke.DirectMethodHandle$Holder.newInvokeSpecial(java.lang.Object, java.lang.Object, java.lang.Object, java.lang.Object, java.lang.Object, int)'> (0x0000000084b948a0) 
thrown [t:\workspace\open\src\hotspot\share\interpreter\linkResolver.cpp, line 766]
Event: 16.926 Thread 0x00000171b2457e60 Exception <a 'java/lang/NoSuchMethodError'{0x0000000084b98960}: 'java.lang.Object java.lang.invoke.Invokers$Holder.linkToTargetMethod(java.lang.Object, java.lang.Object, java.lang.Object, java.lang.Object, int, java.lang.Object)'> (0x0000000084b98960) 
thrown [t:\workspace\open\src\hotspot\share\interpreter\linkResolver.cpp, line 766]
Event: 16.943 Thread 0x00000171b2457e60 Exception <a 'java/lang/NoSuchMethodError'{0x0000000084bddc00}: 'java.lang.Object java.lang.invoke.DirectMethodHandle$Holder.newInvokeSpecial(java.lang.Object, java.lang.Object, java.lang.Object, java.lang.Object, java.lang.Object, java.lang.Object, java.lang.Object, java.lang.Object, java.lang.Object, java.lang.Object, java.lang.Object)'> (0x0000000084bddc00) 
thrown [t:\workspace\open\src\hotspot\share\interpreter\linkResolver.cpp, line 766]
Event: 16.944 Thread 0x00000171b2457e60 Exception <a 'java/lang/NoSuchMethodError'{0x0000000084be2910}: 'java.lang.Object java.lang.invoke.DirectMethodHandle$Holder.invokeSpecial(java.lang.Object, java.lang.Object, java.lang.Object, java.lang.Object, java.lang.Object, java.lang.Object, java.lang.Object, java.lang.Object, java.lang.Object, java.lang.Object, java.lang.Object, java.lang.Object)'> (0x0000000084be2910) 
thrown [t:\workspace\open\src\hotspot\share\interpreter\linkResolver.cpp, line 766]
Event: 16.944 Thread 0x00000171b2457e60 Exception <a 'java/lang/NoSuchMethodError'{0x0000000084be6eb0}: 'java.lang.Object java.lang.invoke.Invokers$Holder.linkToTargetMethod(java.lang.Object, java.lang.Object, java.lang.Object, java.lang.Object, java.lang.Object, java.lang.Object, java.lang.Object, java.lang.Object, java.lang.Object, java.lang.Object, java.lang.Object)'> (0x0000000084be6eb0) 
thrown [t:\workspace\open\src\hotspot\share\interpreter\linkResolver.cpp, line 766]
Event: 17.045 Thread 0x00000171b2457e60 Exception <a 'java/lang/NoSuchMethodError'{0x00000000849a5a48}: 'java.lang.Object java.lang.invoke.DirectMethodHandle$Holder.newInvokeSpecial(java.lang.Object, java.lang.Object, java.lang.Object, java.lang.Object, java.lang.Object, java.lang.Object, java.lang.Object, int)'> (0x00000000849a5a48) 
thrown [t:\workspace\open\src\hotspot\share\interpreter\linkResolver.cpp, line 766]
Event: 17.045 Thread 0x00000171b2457e60 Exception <a 'java/lang/NoSuchMethodError'{0x00000000849aaa40}: 'java.lang.Object java.lang.invoke.DirectMethodHandle$Holder.invokeSpecial(java.lang.Object, java.lang.Object, java.lang.Object, java.lang.Object, java.lang.Object, java.lang.Object, java.lang.Object, java.lang.Object, int)'> (0x00000000849aaa40) 
thrown [t:\workspace\open\src\hotspot\share\interpreter\linkResolver.cpp, line 766]
Event: 17.127 Thread 0x00000171b2457e60 Exception <a 'java/lang/NoSuchMethodError'{0x00000000848ec180}: 'java.lang.Object java.lang.invoke.DirectMethodHandle$Holder.newInvokeSpecial(java.lang.Object, java.lang.Object, int, java.lang.Object, int, java.lang.Object, java.lang.Object)'> (0x00000000848ec180) 
thrown [t:\workspace\open\src\hotspot\share\interpreter\linkResolver.cpp, line 766]
Event: 17.145 Thread 0x00000171b2457e60 Exception <a 'java/lang/NoSuchMethodError'{0x0000000084723858}: 'void java.lang.invoke.DirectMethodHandle$Holder.invokeInterface(java.lang.Object, java.lang.Object)'> (0x0000000084723858) 
thrown [t:\workspace\open\src\hotspot\share\interpreter\linkResolver.cpp, line 766]
Event: 17.535 Thread 0x00000171b2457e60 Exception <a 'java/lang/IncompatibleClassChangeError'{0x0000000084033e80}: Found class java.lang.Object, but interface was expected> (0x0000000084033e80) 
thrown [t:\workspace\open\src\hotspot\share\interpreter\linkResolver.cpp, line 833]
Event: 17.562 Thread 0x00000171b2457e60 Exception <a 'java/lang/IncompatibleClassChangeError'{0x00000000840b3c40}: Found class java.lang.Object, but interface was expected> (0x00000000840b3c40) 
thrown [t:\workspace\open\src\hotspot\share\interpreter\linkResolver.cpp, line 833]
Event: 17.657 Thread 0x00000171b2457e60 Exception <a 'java/lang/IncompatibleClassChangeError'{0x0000000083e4c788}: Found class java.lang.Object, but interface was expected> (0x0000000083e4c788) 
thrown [t:\workspace\open\src\hotspot\share\interpreter\linkResolver.cpp, line 833]
Event: 18.170 Thread 0x00000171b2457e60 Exception <a 'java/lang/IncompatibleClassChangeError'{0x0000000084f178a0}: Found class java.lang.Object, but interface was expected> (0x0000000084f178a0) 
thrown [t:\workspace\open\src\hotspot\share\interpreter\linkResolver.cpp, line 833]
Event: 18.433 Thread 0x00000171b2457e60 Exception <a 'java/lang/reflect/InvocationTargetException'{0x000000008480e4a8}> (0x000000008480e4a8) 
thrown [t:\workspace\open\src\hotspot\share\runtime\reflection.cpp, line 1121]
Event: 18.451 Thread 0x00000171b2457e60 Exception <a 'java/lang/reflect/InvocationTargetException'{0x0000000084839d38}> (0x0000000084839d38) 
thrown [t:\workspace\open\src\hotspot\share\runtime\reflection.cpp, line 1121]
Event: 18.462 Thread 0x00000171b2457e60 Exception <a 'java/lang/reflect/InvocationTargetException'{0x00000000848547a0}> (0x00000000848547a0) 
thrown [t:\workspace\open\src\hotspot\share\runtime\reflection.cpp, line 1121]
Event: 18.476 Thread 0x00000171b2457e60 Exception <a 'java/lang/reflect/InvocationTargetException'{0x000000008487e318}> (0x000000008487e318) 
thrown [t:\workspace\open\src\hotspot\share\runtime\reflection.cpp, line 1121]
Event: 18.483 Thread 0x00000171b2457e60 Exception <a 'java/lang/reflect/InvocationTargetException'{0x0000000084895c28}> (0x0000000084895c28) 
thrown [t:\workspace\open\src\hotspot\share\runtime\reflection.cpp, line 1121]
Event: 18.492 Thread 0x00000171b2457e60 Exception <a 'java/lang/reflect/InvocationTargetException'{0x00000000848a8428}> (0x00000000848a8428) 
thrown [t:\workspace\open\src\hotspot\share\runtime\reflection.cpp, line 1121]

VM Operations (20 events):
Event: 17.349 Executing VM operation: ChangeBreakpoints
Event: 17.350 Executing VM operation: ChangeBreakpoints done
Event: 17.980 Executing VM operation: HandshakeAllThreads
Event: 17.980 Executing VM operation: HandshakeAllThreads done
Event: 18.024 Executing VM operation: G1CollectForAllocation
Event: 18.033 Executing VM operation: G1CollectForAllocation done
Event: 18.298 Executing VM operation: HandshakeAllThreads
Event: 18.298 Executing VM operation: HandshakeAllThreads done
Event: 18.299 Executing VM operation: HandshakeAllThreads
Event: 18.299 Executing VM operation: HandshakeAllThreads done
Event: 18.464 Executing VM operation: ICBufferFull
Event: 18.464 Executing VM operation: ICBufferFull done
Event: 18.480 Executing VM operation: ICBufferFull
Event: 18.480 Executing VM operation: ICBufferFull done
Event: 18.491 Executing VM operation: ICBufferFull
Event: 18.491 Executing VM operation: ICBufferFull done
Event: 18.520 Executing VM operation: ICBufferFull
Event: 18.520 Executing VM operation: ICBufferFull done
Event: 18.591 Executing VM operation: ChangeBreakpoints
Event: 18.593 Executing VM operation: ChangeBreakpoints done

Events (20 events):
Event: 18.016 loading class java/util/WeakHashMap$EntrySet
Event: 18.016 loading class java/util/WeakHashMap$EntrySet done
Event: 18.016 loading class java/util/WeakHashMap$EntryIterator
Event: 18.016 loading class java/util/WeakHashMap$EntryIterator done
Event: 18.186 loading class java/lang/Package$1PackageInfoProxy
Event: 18.186 loading class java/lang/Package$1PackageInfoProxy done
Event: 18.336 loading class java/util/stream/ReduceOps$5
Event: 18.336 loading class java/util/stream/ReduceOps$5 done
Event: 18.336 loading class java/util/stream/ReduceOps$CountingSink$OfRef
Event: 18.336 loading class java/util/stream/ReduceOps$CountingSink$OfRef done
Event: 18.380 loading class java/util/regex/Pattern$Bound
Event: 18.380 loading class java/util/regex/Pattern$Bound done
Event: 18.385 loading class java/util/regex/Pattern$Behind
Event: 18.385 loading class java/util/regex/Pattern$Behind done
Event: 18.397 loading class java/util/regex/Pattern$1
Event: 18.397 loading class java/util/regex/Pattern$1 done
Event: 18.486 loading class jdk/internal/loader/BootLoader$PackageHelper
Event: 18.486 loading class jdk/internal/loader/BootLoader$PackageHelper done
Event: 18.599 loading class java/nio/charset/UnsupportedCharsetException
Event: 18.599 loading class java/nio/charset/UnsupportedCharsetException done


Dynamic libraries:
0x00007ff7a4eb0000 - 0x00007ff7a4ec0000 	C:\Program Files\Java\jdk-17.0.3\bin\java.exe
0x00007ffb13090000 - 0x00007ffb13288000 	C:\Windows\SYSTEM32\ntdll.dll
0x00007ffb11790000 - 0x00007ffb1184f000 	C:\Windows\System32\KERNEL32.DLL
0x00007ffb107c0000 - 0x00007ffb10ab6000 	C:\Windows\System32\KERNELBASE.dll
0x00007ffb10bb0000 - 0x00007ffb10cb0000 	C:\Windows\System32\ucrtbase.dll
0x00007ffb047b0000 - 0x00007ffb047ca000 	C:\Program Files\Java\jdk-17.0.3\bin\VCRUNTIME140.dll
0x00007ffb088b0000 - 0x00007ffb088c8000 	C:\Program Files\Java\jdk-17.0.3\bin\jli.dll
0x00007ffb121c0000 - 0x00007ffb1226f000 	C:\Windows\System32\ADVAPI32.dll
0x00007ffb11150000 - 0x00007ffb111ee000 	C:\Windows\System32\msvcrt.dll
0x00007ffb12120000 - 0x00007ffb121bc000 	C:\Windows\System32\sechost.dll
0x00007ffb12740000 - 0x00007ffb12866000 	C:\Windows\System32\RPCRT4.dll
0x00007ffb11330000 - 0x00007ffb114cd000 	C:\Windows\System32\USER32.dll
0x00007ffb10b80000 - 0x00007ffb10ba2000 	C:\Windows\System32\win32u.dll
0x00007ffb12080000 - 0x00007ffb120ac000 	C:\Windows\System32\GDI32.dll
0x00007ffb10f30000 - 0x00007ffb11045000 	C:\Windows\System32\gdi32full.dll
0x00007ffb11050000 - 0x00007ffb110ed000 	C:\Windows\System32\msvcp_win.dll
0x00007ffafe030000 - 0x00007ffafe2ca000 	C:\Windows\WinSxS\amd64_microsoft.windows.common-controls_6595b64144ccf1df_6.0.19041.1110_none_60b5254171f9507e\COMCTL32.dll
0x00007ffb09ad0000 - 0x00007ffb09ada000 	C:\Windows\SYSTEM32\VERSION.dll
0x00007ffb116e0000 - 0x00007ffb11710000 	C:\Windows\System32\IMM32.DLL
0x00007ffb0a890000 - 0x00007ffb0a89c000 	C:\Program Files\Java\jdk-17.0.3\bin\vcruntime140_1.dll
0x00007ffaeee50000 - 0x00007ffaeeedd000 	C:\Program Files\Java\jdk-17.0.3\bin\msvcp140.dll
0x00007ffaa72c0000 - 0x00007ffaa7e81000 	C:\Program Files\Java\jdk-17.0.3\bin\server\jvm.dll
0x00007ffb11920000 - 0x00007ffb11928000 	C:\Windows\System32\PSAPI.DLL
0x00007ffaf9390000 - 0x00007ffaf93b7000 	C:\Windows\SYSTEM32\WINMM.dll
0x00007ffafc2e0000 - 0x00007ffafc2e9000 	C:\Windows\SYSTEM32\WSOCK32.dll
0x00007ffb120b0000 - 0x00007ffb1211b000 	C:\Windows\System32\WS2_32.dll
0x00007ffb0e5d0000 - 0x00007ffb0e5e2000 	C:\Windows\SYSTEM32\kernel.appcore.dll
0x00007ffb0a580000 - 0x00007ffb0a58a000 	C:\Program Files\Java\jdk-17.0.3\bin\jimage.dll
0x00007ffaf81e0000 - 0x00007ffaf83c4000 	C:\Windows\SYSTEM32\DBGHELP.DLL
0x00007ffaf6a60000 - 0x00007ffaf6a94000 	C:\Windows\SYSTEM32\dbgcore.DLL
0x00007ffb10ac0000 - 0x00007ffb10b42000 	C:\Windows\System32\bcryptPrimitives.dll
0x00007ffaeb370000 - 0x00007ffaeb3ab000 	C:\Program Files\Java\jdk-17.0.3\bin\jdwp.dll
0x00007ffb08a60000 - 0x00007ffb08a85000 	C:\Program Files\Java\jdk-17.0.3\bin\java.dll
0x00007ffad3a20000 - 0x00007ffad3af6000 	C:\Program Files\Java\jdk-17.0.3\bin\jsvml.dll
0x00007ffb11930000 - 0x00007ffb12074000 	C:\Windows\System32\SHELL32.dll
0x00007ffb0e7d0000 - 0x00007ffb0ef63000 	C:\Windows\SYSTEM32\windows.storage.dll
0x00007ffb12cf0000 - 0x00007ffb13044000 	C:\Windows\System32\combase.dll
0x00007ffb100d0000 - 0x00007ffb100fe000 	C:\Windows\SYSTEM32\Wldp.dll
0x00007ffb122f0000 - 0x00007ffb1239d000 	C:\Windows\System32\SHCORE.dll
0x00007ffb126e0000 - 0x00007ffb12735000 	C:\Windows\System32\shlwapi.dll
0x00007ffb106a0000 - 0x00007ffb106c5000 	C:\Windows\SYSTEM32\profapi.dll
0x00007ffb0b070000 - 0x00007ffb0b07c000 	C:\Program Files\Java\jdk-17.0.3\bin\dt_socket.dll
0x00007ffb0fb70000 - 0x00007ffb0fbab000 	C:\Windows\SYSTEM32\IPHLPAPI.DLL
0x00007ffb0feb0000 - 0x00007ffb0ff1a000 	C:\Windows\system32\mswsock.dll
0x00007ffb08d10000 - 0x00007ffb08d29000 	C:\Program Files\Java\jdk-17.0.3\bin\net.dll
0x00007ffb068a0000 - 0x00007ffb069aa000 	C:\Windows\SYSTEM32\WINHTTP.dll
0x00007ffb04770000 - 0x00007ffb04786000 	C:\Program Files\Java\jdk-17.0.3\bin\nio.dll
0x00007ffb04730000 - 0x00007ffb04748000 	C:\Program Files\Java\jdk-17.0.3\bin\zip.dll
0x00007ffb08e40000 - 0x00007ffb08e50000 	C:\Program Files\Java\jdk-17.0.3\bin\verify.dll
0x00007ffb08dc0000 - 0x00007ffb08dc9000 	C:\Program Files\Java\jdk-17.0.3\bin\management.dll
0x00007ffb08db0000 - 0x00007ffb08dbb000 	C:\Program Files\Java\jdk-17.0.3\bin\management_ext.dll
0x00007ffb10270000 - 0x00007ffb10288000 	C:\Windows\SYSTEM32\CRYPTSP.dll
0x00007ffb0f770000 - 0x00007ffb0f7a4000 	C:\Windows\system32\rsaenh.dll
0x00007ffb10b50000 - 0x00007ffb10b77000 	C:\Windows\System32\bcrypt.dll
0x00007ffb10660000 - 0x00007ffb1068e000 	C:\Windows\SYSTEM32\USERENV.dll
0x00007ffb10040000 - 0x00007ffb1004c000 	C:\Windows\SYSTEM32\CRYPTBASE.dll
0x00007ffb12ce0000 - 0x00007ffb12ce8000 	C:\Windows\System32\NSI.dll
0x00007ffb07720000 - 0x00007ffb07737000 	C:\Windows\SYSTEM32\dhcpcsvc6.DLL
0x00007ffb09070000 - 0x00007ffb0908d000 	C:\Windows\SYSTEM32\dhcpcsvc.DLL
0x00007ffb0fbc0000 - 0x00007ffb0fc8a000 	C:\Windows\SYSTEM32\DNSAPI.dll
0x00007ffb08da0000 - 0x00007ffb08dae000 	C:\Program Files\Java\jdk-17.0.3\bin\sunmscapi.dll
0x00007ffb10dd0000 - 0x00007ffb10f2e000 	C:\Windows\System32\CRYPT32.dll
0x00007ffb10140000 - 0x00007ffb10168000 	C:\Windows\SYSTEM32\ncrypt.dll
0x00007ffb10100000 - 0x00007ffb1013b000 	C:\Windows\SYSTEM32\NTASN1.dll
0x00007ffb090b0000 - 0x00007ffb090ba000 	C:\Windows\System32\rasadhlp.dll
0x00007ffaffec0000 - 0x00007ffafff42000 	C:\Windows\System32\fwpuclnt.dll

dbghelp: loaded successfully - version: 4.0.5 - missing functions: none
symbol engine: initialized successfully - sym options: 0x614 - pdb path: .;C:\Program Files\Java\jdk-17.0.3\bin;C:\Windows\SYSTEM32;C:\Windows\WinSxS\amd64_microsoft.windows.common-controls_6595b64144ccf1df_6.0.19041.1110_none_60b5254171f9507e;C:\Program Files\Java\jdk-17.0.3\bin\server

VM Arguments:
jvm_args: -agentlib:jdwp=transport=dt_socket,server=n,suspend=y,address=127.0.0.1:10389 -Dfile.encoding=windows-1252 -Duser.country=FR -Duser.language=fr -Duser.variant 
java_command: com.example.Prog4.Prog4Application
java_class_path (initial): C:\Users\TOSHIBA\Desktop\prog4\build\classes\java\main;C:\Users\TOSHIBA\Desktop\prog4\build\resources\main;C:\Users\TOSHIBA\.gradle\caches\modules-2\files-2.1\org.springframework.boot\spring-boot-devtools\3.1.1\fca82661c18f1ca18614d308523c0d404d3753b9\spring-boot-devtools-3.1.1.jar;C:\Users\TOSHIBA\.gradle\caches\modules-2\files-2.1\org.springframework.boot\spring-boot-starter-data-jpa\3.1.1\f129ea070d7d7152c984189301dc751be45f9a38\spring-boot-starter-data-jpa-3.1.1.jar;C:\Users\TOSHIBA\.gradle\caches\modules-2\files-2.1\org.springframework.boot\spring-boot-starter-thymeleaf\3.1.1\69e351b19ee4fa37ff7cb851354498a880b5a937\spring-boot-starter-thymeleaf-3.1.1.jar;C:\Users\TOSHIBA\.gradle\caches\modules-2\files-2.1\org.springframework.boot\spring-boot-starter-web\3.1.1\f2c2d9e35430e4b4a98ad91780bb9b2d1deec08\spring-boot-starter-web-3.1.1.jar;C:\Users\TOSHIBA\.gradle\caches\modules-2\files-2.1\org.springframework.boot\spring-boot-starter-jdbc\3.1.1\8e6bdc511fc9ade17c09fcc20a0f6a44fa39a876\spring-boot-starter-jdbc-3.1.1.jar;C:\Users\TOSHIBA\.gradle\caches\modules-2\files-2.1\org.flywaydb\flyway-core\9.16.0\b9fb1e3b334ba7cb742fd236f6d8c38040ea57dc\flyway-core-9.16.0.jar;C:\Users\TOSHIBA\.gradle\caches\modules-2\files-2.1\com.opencsv\opencsv\5.5.2\cf58631e2efa9a202bbeaea09321be68232efb19\opencsv-5.5.2.jar;C:\Users\TOSHIBA\.gradle\caches\modules-2\files-2.1\org.xhtmlrenderer\flying-saucer-pdf\9.1.22\5723fb69db4c3040a293fa12654a5a970b9e755d\flying-saucer-pdf-9.1.22.jar;C:\Users\TOSHIBA\.gradle\caches\modules-2\files-2.1\org.postgresql\postgresql\42.6.0\7614cfce466145b84972781ab0079b8dea49e363\postgresql-42.6.0.jar;C:\Users\TOSHIBA\.gradle\caches\modules-2\files-2.1\org.springframework.boot\spring-boot-starter-aop\3.1.1\f72362878ded668b8c3a12f8465ced98ef3fb188\spring-boot-starter-aop-3.1.1.jar;C:\Users\TOSHIBA\.gradle\caches\modules-2\files-2.1\org.springframework.boot\spring-boot-starter-json\3.1.1\8dc99860536a6a858de6caaeb67f84d7af8a30a3\spring-b
Launcher Type: SUN_STANDARD

[Global flags]
     intx CICompilerCount                          = 3                                         {product} {ergonomic}
     uint ConcGCThreads                            = 1                                         {product} {ergonomic}
     uint G1ConcRefinementThreads                  = 4                                         {product} {ergonomic}
   size_t G1HeapRegionSize                         = 1048576                                   {product} {ergonomic}
    uintx GCDrainStackTargetSize                   = 64                                        {product} {ergonomic}
   size_t InitialHeapSize                          = 134217728                                 {product} {ergonomic}
   size_t MarkStackSize                            = 4194304                                   {product} {ergonomic}
   size_t MaxHeapSize                              = 2128609280                                {product} {ergonomic}
   size_t MaxNewSize                               = 1277165568                                {product} {ergonomic}
   size_t MinHeapDeltaBytes                        = 1048576                                   {product} {ergonomic}
   size_t MinHeapSize                              = 8388608                                   {product} {ergonomic}
    uintx NonNMethodCodeHeapSize                   = 5832780                                {pd product} {ergonomic}
    uintx NonProfiledCodeHeapSize                  = 122912730                              {pd product} {ergonomic}
    uintx ProfiledCodeHeapSize                     = 122912730                              {pd product} {ergonomic}
    uintx ReservedCodeCacheSize                    = 251658240                              {pd product} {ergonomic}
     bool SegmentedCodeCache                       = true                                      {product} {ergonomic}
   size_t SoftMaxHeapSize                          = 2128609280                             {manageable} {ergonomic}
     bool UseCompressedClassPointers               = true                           {product lp64_product} {ergonomic}
     bool UseCompressedOops                        = true                           {product lp64_product} {ergonomic}
     bool UseG1GC                                  = true                                      {product} {ergonomic}
     bool UseLargePagesIndividualAllocation        = false                                  {pd product} {ergonomic}

Logging:
Log output configuration:
 #0: stdout all=warning uptime,level,tags
 #1: stderr all=off uptime,level,tags

Environment Variables:
JAVA_HOME=C:\Program Files\Java\jdk-17.0.3
PATH=C:\Program Files\Common Files\Oracle\Java\javapath;C:\Windows\system32;C:\Windows;C:\Windows\System32\Wbem;C:\Windows\System32\WindowsPowerShell\v1.0\;C:\Windows\System32\OpenSSH\;C:\Program Files\Java\jdk-11.0.10\bin;C:\TAFITA\apache-maven-3.8.3\bin;C:\Program Files\PostgreSQL\10\bin;C:\Program Files (x86)\Microsoft SQL Server\100\Tools\Binn\;C:\Program Files\Microsoft SQL Server\100\Tools\Binn\;C:\Program Files\Microsoft SQL Server\100\DTS\Binn\;C:\Program Files\Microsoft SQL Server\130\Tools\Binn\;C:\UwAmp\bin\database\mysql-5.7.11\bin;C:\Program Files\Amazon\AWSCLIV2\;C:\Program Files\Git\cmd;C:\Users\TOSHIBA\Downloads\sonarqube-9.9.0.65466\bin;C:\Program Files\Docker\Docker\resources\bin;C:\ProgramData\DockerDesktop\version-bin;C:\Program Files\Amazon\AWSSAMCLI\bin\;%NVM_HOME%;%NVM_SYMLINK%;C:\Program Files\PowerShell\7\;C:\Users\TOSHIBA\AppData\Local\Programs\Python\Python310\Scripts\;C:\Users\TOSHIBA\AppData\Local\Programs\Python\Python310\;C:\Users\TOSHIBA\AppData\Local\Microsoft\WindowsApps;C:\Program Files\JetBrains\IntelliJ IDEA Community Edition 2022.1\bin;C:\Users\TOSHIBA\AppData\Local\Programs\Microsoft VS Code\bin;C:\Users\TOSHIBA\Downloads\sonarqube-9.9.0.65466\bin;C:\Users\TOSHIBA\AppData\Local\JetBrains\Toolbox\scripts;C:\Users\TOSHIBA\AppData\Roaming\nvm;C:\Program Files\nodejs
USERNAME=TOSHIBA
OS=Windows_NT
PROCESSOR_IDENTIFIER=Intel64 Family 6 Model 78 Stepping 3, GenuineIntel



---------------  S Y S T E M  ---------------

OS:
 Windows 10 , 64 bit Build 19041 (10.0.19041.3155)
OS uptime: 4 days 1:53 hours
Hyper-V role detected

CPU: total 4 (initial active 4) (2 cores per cpu, 2 threads per core) family 6 model 78 stepping 3 microcode 0xcc, cx8, cmov, fxsr, ht, mmx, 3dnowpref, sse, sse2, sse3, ssse3, sse4.1, sse4.2, popcnt, lzcnt, tsc, tscinvbit, avx, avx2, aes, erms, clmul, bmi1, bmi2, adx, fma, vzeroupper, clflush, clflushopt, hv

Memory: 4k page, system-wide physical 8113M (523M free)
TotalPageFile size 13246M (AvailPageFile size 1M)
current process WorkingSet (physical memory assigned to process): 261M, peak: 261M
current process commit charge ("private bytes"): 293M, peak: 293M

vm_info: Java HotSpot(TM) 64-Bit Server VM (17.0.3+8-LTS-111) for windows-amd64 JRE (17.0.3+8-LTS-111), built on Mar  9 2022 22:40:21 by "mach5one" with MS VC++ 16.8 / 16.9 (VS2019)

END.
